csrobot@nerve-desktop-6:~/graspnet_ws/src/contact_graspnet_ros2/contact_graspnet/pointnet2/tf_ops/sampling$ bash compile.sh
TF_INC: /home/csrobot/.local/lib/python3.12/site-packages/tensorflow/include
TF_LIB: /home/csrobot/.local/lib/python3.12/site-packages/tensorflow
CUDA_INC: /usr/local/cuda/include
CUDA_LIB: /usr/local/cuda/lib64
nvcc warning : Support for offline compilation for architectures prior to '<compute/sm/lto>_75' will be removed in a future release (Use -Wno-deprecated-gpu-targets to suppress warning).
In file included from /home/csrobot/.local/lib/python3.12/site-packages/tensorflow/include/tsl/platform/ml_dtypes.h:19,
                 from /home/csrobot/.local/lib/python3.12/site-packages/tensorflow/include/xla/tsl/platform/types.h:22,
                 from /home/csrobot/.local/lib/python3.12/site-packages/tensorflow/include/xla/tsl/framework/numeric_types.h:22,
                 from /home/csrobot/.local/lib/python3.12/site-packages/tensorflow/include/tensorflow/core/framework/numeric_types.h:24,
                 from /home/csrobot/.local/lib/python3.12/site-packages/tensorflow/include/tensorflow/core/framework/bfloat16.h:19,
                 from /home/csrobot/.local/lib/python3.12/site-packages/tensorflow/include/tensorflow/core/framework/types.h:27,
                 from /home/csrobot/.local/lib/python3.12/site-packages/tensorflow/include/tensorflow/core/framework/op_def_builder.h:28,
                 from /home/csrobot/.local/lib/python3.12/site-packages/tensorflow/include/tensorflow/core/framework/full_type_inference_util.h:24,
                 from /home/csrobot/.local/lib/python3.12/site-packages/tensorflow/include/tensorflow/core/framework/op.h:27,
                 from tf_sampling.cpp:6:
/home/csrobot/.local/lib/python3.12/site-packages/tensorflow/include/ml_dtypes/include/float8.h:71:34: error: ‘is_integral_v’ is not a member of ‘std’; did you mean ‘is_integral’?
   71 |       T i, std::enable_if_t<std::is_integral_v<T>, int> = 0)
      |                                  ^~~~~~~~~~~~~
      |                                  is_integral
/home/csrobot/.local/lib/python3.12/site-packages/tensorflow/include/ml_dtypes/include/float8.h:71:34: error: ‘is_integral_v’ is not a member of ‘std’; did you mean ‘is_integral’?
   71 |       T i, std::enable_if_t<std::is_integral_v<T>, int> = 0)
      |                                  ^~~~~~~~~~~~~
      |                                  is_integral
/home/csrobot/.local/lib/python3.12/site-packages/tensorflow/include/ml_dtypes/include/float8.h:71:49: error: template argument 1 is invalid
   71 |       T i, std::enable_if_t<std::is_integral_v<T>, int> = 0)
      |                                                 ^
/home/csrobot/.local/lib/python3.12/site-packages/tensorflow/include/ml_dtypes/include/float8.h:71:34: error: ‘is_integral_v’ is not a member of ‘std’; did you mean ‘is_integral’?
   71 |       T i, std::enable_if_t<std::is_integral_v<T>, int> = 0)
      |                                  ^~~~~~~~~~~~~
      |                                  is_integral
/home/csrobot/.local/lib/python3.12/site-packages/tensorflow/include/ml_dtypes/include/float8.h:71:34: error: ‘is_integral_v’ is not a member of ‘std’; did you mean ‘is_integral’?
   71 |       T i, std::enable_if_t<std::is_integral_v<T>, int> = 0)
      |                                  ^~~~~~~~~~~~~
      |                                  is_integral
/home/csrobot/.local/lib/python3.12/site-packages/tensorflow/include/ml_dtypes/include/float8.h:71:49: error: template argument 1 is invalid
   71 |       T i, std::enable_if_t<std::is_integral_v<T>, int> = 0)
      |                                                 ^
/home/csrobot/.local/lib/python3.12/site-packages/tensorflow/include/ml_dtypes/include/float8.h:71:34: error: ‘is_integral_v’ is not a member of ‘std’; did you mean ‘is_integral’?
   71 |       T i, std::enable_if_t<std::is_integral_v<T>, int> = 0)
      |                                  ^~~~~~~~~~~~~
      |                                  is_integral
/home/csrobot/.local/lib/python3.12/site-packages/tensorflow/include/ml_dtypes/include/float8.h:71:34: error: ‘is_integral_v’ is not a member of ‘std’; did you mean ‘is_integral’?
   71 |       T i, std::enable_if_t<std::is_integral_v<T>, int> = 0)
      |                                  ^~~~~~~~~~~~~
      |                                  is_integral
/home/csrobot/.local/lib/python3.12/site-packages/tensorflow/include/ml_dtypes/include/float8.h:71:49: error: template argument 1 is invalid
   71 |       T i, std::enable_if_t<std::is_integral_v<T>, int> = 0)
      |                                                 ^
/home/csrobot/.local/lib/python3.12/site-packages/tensorflow/include/ml_dtypes/include/float8.h:71:17: error: ‘std::enable_if_t’ is not a type
   71 |       T i, std::enable_if_t<std::is_integral_v<T>, int> = 0)
      |                 ^~~~~~~~~~~
/home/csrobot/.local/lib/python3.12/site-packages/tensorflow/include/ml_dtypes/include/float8.h:71:28: error: expected ‘,’ or ‘...’ before ‘<’ token
   71 |       T i, std::enable_if_t<std::is_integral_v<T>, int> = 0)
      |                            ^
/home/csrobot/.local/lib/python3.12/site-packages/tensorflow/include/ml_dtypes/include/float8.h:76:34: error: ‘is_floating_point_v’ is not a member of ‘std’; did you mean ‘is_floating_point’?
   76 |       T f, std::enable_if_t<std::is_floating_point_v<T>, int> = 0)
      |                                  ^~~~~~~~~~~~~~~~~~~
      |                                  is_floating_point
/home/csrobot/.local/lib/python3.12/site-packages/tensorflow/include/ml_dtypes/include/float8.h:76:34: error: ‘is_floating_point_v’ is not a member of ‘std’; did you mean ‘is_floating_point’?
   76 |       T f, std::enable_if_t<std::is_floating_point_v<T>, int> = 0)
      |                                  ^~~~~~~~~~~~~~~~~~~
      |                                  is_floating_point
/home/csrobot/.local/lib/python3.12/site-packages/tensorflow/include/ml_dtypes/include/float8.h:76:55: error: template argument 1 is invalid
   76 |       T f, std::enable_if_t<std::is_floating_point_v<T>, int> = 0)
      |                                                       ^
/home/csrobot/.local/lib/python3.12/site-packages/tensorflow/include/ml_dtypes/include/float8.h:76:34: error: ‘is_floating_point_v’ is not a member of ‘std’; did you mean ‘is_floating_point’?
   76 |       T f, std::enable_if_t<std::is_floating_point_v<T>, int> = 0)
      |                                  ^~~~~~~~~~~~~~~~~~~
      |                                  is_floating_point
/home/csrobot/.local/lib/python3.12/site-packages/tensorflow/include/ml_dtypes/include/float8.h:76:34: error: ‘is_floating_point_v’ is not a member of ‘std’; did you mean ‘is_floating_point’?
   76 |       T f, std::enable_if_t<std::is_floating_point_v<T>, int> = 0)
      |                                  ^~~~~~~~~~~~~~~~~~~
      |                                  is_floating_point
/home/csrobot/.local/lib/python3.12/site-packages/tensorflow/include/ml_dtypes/include/float8.h:76:55: error: template argument 1 is invalid
   76 |       T f, std::enable_if_t<std::is_floating_point_v<T>, int> = 0)
      |                                                       ^
/home/csrobot/.local/lib/python3.12/site-packages/tensorflow/include/ml_dtypes/include/float8.h:76:34: error: ‘is_floating_point_v’ is not a member of ‘std’; did you mean ‘is_floating_point’?
   76 |       T f, std::enable_if_t<std::is_floating_point_v<T>, int> = 0)
      |                                  ^~~~~~~~~~~~~~~~~~~
      |                                  is_floating_point
/home/csrobot/.local/lib/python3.12/site-packages/tensorflow/include/ml_dtypes/include/float8.h:76:34: error: ‘is_floating_point_v’ is not a member of ‘std’; did you mean ‘is_floating_point’?
   76 |       T f, std::enable_if_t<std::is_floating_point_v<T>, int> = 0)
      |                                  ^~~~~~~~~~~~~~~~~~~
      |                                  is_floating_point
/home/csrobot/.local/lib/python3.12/site-packages/tensorflow/include/ml_dtypes/include/float8.h:76:55: error: template argument 1 is invalid
   76 |       T f, std::enable_if_t<std::is_floating_point_v<T>, int> = 0)
      |                                                       ^
/home/csrobot/.local/lib/python3.12/site-packages/tensorflow/include/ml_dtypes/include/float8.h:76:17: error: ‘std::enable_if_t’ is not a type
   76 |       T f, std::enable_if_t<std::is_floating_point_v<T>, int> = 0)
      |                 ^~~~~~~~~~~
/home/csrobot/.local/lib/python3.12/site-packages/tensorflow/include/ml_dtypes/include/float8.h:76:28: error: expected ‘,’ or ‘...’ before ‘<’ token
   76 |       T f, std::enable_if_t<std::is_floating_point_v<T>, int> = 0)
      |                            ^
/home/csrobot/.local/lib/python3.12/site-packages/tensorflow/include/ml_dtypes/include/float8.h:75:30: error: ‘template<class Derived> template<class T> ml_dtypes::float8_internal::float8_base<Derived>::float8_base(T, int)’ cannot be overloaded with ‘template<class Derived> template<class T> ml_dtypes::float8_internal::float8_base<Derived>::float8_base(T, int)’
   75 |   explicit EIGEN_DEVICE_FUNC float8_base(
      |                              ^~~~~~~~~~~
/home/csrobot/.local/lib/python3.12/site-packages/tensorflow/include/ml_dtypes/include/float8.h:70:30: note: previous declaration ‘template<class Derived> template<class T> ml_dtypes::float8_internal::float8_base<Derived>::float8_base(T, int)’
   70 |   explicit EIGEN_DEVICE_FUNC float8_base(
      |                              ^~~~~~~~~~~
/home/csrobot/.local/lib/python3.12/site-packages/tensorflow/include/ml_dtypes/include/float8.h:86:53: error: ‘is_arithmetic_v’ is not a member of ‘std’; did you mean ‘is_arithmetic’?
   86 |             typename EnableIf = std::enable_if<std::is_arithmetic_v<T>>>
      |                                                     ^~~~~~~~~~~~~~~
      |                                                     is_arithmetic
/home/csrobot/.local/lib/python3.12/site-packages/tensorflow/include/ml_dtypes/include/float8.h:86:53: error: ‘is_arithmetic_v’ is not a member of ‘std’; did you mean ‘is_arithmetic’?
   86 |             typename EnableIf = std::enable_if<std::is_arithmetic_v<T>>>
      |                                                     ^~~~~~~~~~~~~~~
      |                                                     is_arithmetic
/home/csrobot/.local/lib/python3.12/site-packages/tensorflow/include/ml_dtypes/include/float8.h:86:69: error: template argument 1 is invalid
   86 |             typename EnableIf = std::enable_if<std::is_arithmetic_v<T>>>
      |                                                                     ^
/home/csrobot/.local/lib/python3.12/site-packages/tensorflow/include/ml_dtypes/include/float8.h:86:72: error: expected unqualified-id before ‘>’ token
   86 |             typename EnableIf = std::enable_if<std::is_arithmetic_v<T>>>
      |                                                                        ^
/home/csrobot/.local/lib/python3.12/site-packages/tensorflow/include/ml_dtypes/include/float8.h: In function ‘ml_dtypes::float8_internal::float8_base<Derived>::Ordering ml_dtypes::float8_internal::Compare(const Derived&, const Derived&)’:
/home/csrobot/.local/lib/python3.12/site-packages/tensorflow/include/ml_dtypes/include/float8.h:228:10: warning: structured bindings only available with ‘-std=c++17’ or ‘-std=gnu++17’ [-Wc++17-extensions]
  228 |     auto [lhs_sign, lhs_mag] = SignAndMagnitude(lhs);
      |          ^
/home/csrobot/.local/lib/python3.12/site-packages/tensorflow/include/ml_dtypes/include/float8.h:229:10: warning: structured bindings only available with ‘-std=c++17’ or ‘-std=gnu++17’ [-Wc++17-extensions]
  229 |     auto [rhs_sign, rhs_mag] = SignAndMagnitude(rhs);
      |          ^
/home/csrobot/.local/lib/python3.12/site-packages/tensorflow/include/ml_dtypes/include/float8.h: At global scope:
/home/csrobot/.local/lib/python3.12/site-packages/tensorflow/include/ml_dtypes/include/float8.h:251:27: error: ‘is_base_of_v’ is not a member of ‘std’; did you mean ‘is_base_of’?
  251 |     std::enable_if_t<std::is_base_of_v<float8_base<T>, T>, int>;
      |                           ^~~~~~~~~~~~
      |                           is_base_of
/home/csrobot/.local/lib/python3.12/site-packages/tensorflow/include/ml_dtypes/include/float8.h:251:27: error: ‘is_base_of_v’ is not a member of ‘std’; did you mean ‘is_base_of’?
  251 |     std::enable_if_t<std::is_base_of_v<float8_base<T>, T>, int>;
      |                           ^~~~~~~~~~~~
      |                           is_base_of
/home/csrobot/.local/lib/python3.12/site-packages/tensorflow/include/ml_dtypes/include/float8.h:251:57: error: template argument 1 is invalid
  251 |     std::enable_if_t<std::is_base_of_v<float8_base<T>, T>, int>;
      |                                                         ^
/home/csrobot/.local/lib/python3.12/site-packages/tensorflow/include/ml_dtypes/include/float8.h:262:25: error: ‘RequiresIsDerivedFromFloat8Base’ has not been declared
  262 |   template <typename T, RequiresIsDerivedFromFloat8Base<T> = 0>
      |                         ^~~~~~~~~~~~~~~~~~~~~~~~~~~~~~~
/home/csrobot/.local/lib/python3.12/site-packages/tensorflow/include/ml_dtypes/include/float8.h:262:56: error: expected ‘>’ before ‘<’ token
  262 |   template <typename T, RequiresIsDerivedFromFloat8Base<T> = 0>
      |                                                        ^
/home/csrobot/.local/lib/python3.12/site-packages/tensorflow/include/ml_dtypes/include/float8.h:275:25: error: ‘RequiresIsDerivedFromFloat8Base’ has not been declared
  275 |   template <typename T, RequiresIsDerivedFromFloat8Base<T> = 0>
      |                         ^~~~~~~~~~~~~~~~~~~~~~~~~~~~~~~
/home/csrobot/.local/lib/python3.12/site-packages/tensorflow/include/ml_dtypes/include/float8.h:275:56: error: expected ‘>’ before ‘<’ token
  275 |   template <typename T, RequiresIsDerivedFromFloat8Base<T> = 0>
      |                                                        ^
/home/csrobot/.local/lib/python3.12/site-packages/tensorflow/include/ml_dtypes/include/float8.h:292:25: error: ‘RequiresIsDerivedFromFloat8Base’ has not been declared
  292 |   template <typename T, RequiresIsDerivedFromFloat8Base<T> = 0>
      |                         ^~~~~~~~~~~~~~~~~~~~~~~~~~~~~~~
/home/csrobot/.local/lib/python3.12/site-packages/tensorflow/include/ml_dtypes/include/float8.h:292:56: error: expected ‘>’ before ‘<’ token
  292 |   template <typename T, RequiresIsDerivedFromFloat8Base<T> = 0>
      |                                                        ^
/home/csrobot/.local/lib/python3.12/site-packages/tensorflow/include/ml_dtypes/include/float8.h:306:25: error: ‘RequiresIsDerivedFromFloat8Base’ has not been declared
  306 |   template <typename T, RequiresIsDerivedFromFloat8Base<T> = 0>
      |                         ^~~~~~~~~~~~~~~~~~~~~~~~~~~~~~~
/home/csrobot/.local/lib/python3.12/site-packages/tensorflow/include/ml_dtypes/include/float8.h:306:56: error: expected ‘>’ before ‘<’ token
  306 |   template <typename T, RequiresIsDerivedFromFloat8Base<T> = 0>
      |                                                        ^
/home/csrobot/.local/lib/python3.12/site-packages/tensorflow/include/ml_dtypes/include/float8.h:349:25: error: ‘RequiresIsDerivedFromFloat8Base’ has not been declared
  349 |   template <typename T, RequiresIsDerivedFromFloat8Base<T> = 0>
      |                         ^~~~~~~~~~~~~~~~~~~~~~~~~~~~~~~
/home/csrobot/.local/lib/python3.12/site-packages/tensorflow/include/ml_dtypes/include/float8.h:349:56: error: expected ‘>’ before ‘<’ token
  349 |   template <typename T, RequiresIsDerivedFromFloat8Base<T> = 0>
      |                                                        ^
/home/csrobot/.local/lib/python3.12/site-packages/tensorflow/include/ml_dtypes/include/float8.h:376:25: error: ‘RequiresIsDerivedFromFloat8Base’ has not been declared
  376 |   template <typename T, RequiresIsDerivedFromFloat8Base<T> = 0>
      |                         ^~~~~~~~~~~~~~~~~~~~~~~~~~~~~~~
/home/csrobot/.local/lib/python3.12/site-packages/tensorflow/include/ml_dtypes/include/float8.h:376:56: error: expected ‘>’ before ‘<’ token
  376 |   template <typename T, RequiresIsDerivedFromFloat8Base<T> = 0>
      |                                                        ^
/home/csrobot/.local/lib/python3.12/site-packages/tensorflow/include/ml_dtypes/include/float8.h:402:25: error: ‘RequiresIsDerivedFromFloat8Base’ has not been declared
  402 |   template <typename T, RequiresIsDerivedFromFloat8Base<T> = 0>
      |                         ^~~~~~~~~~~~~~~~~~~~~~~~~~~~~~~
/home/csrobot/.local/lib/python3.12/site-packages/tensorflow/include/ml_dtypes/include/float8.h:402:56: error: expected ‘>’ before ‘<’ token
  402 |   template <typename T, RequiresIsDerivedFromFloat8Base<T> = 0>
      |                                                        ^
/home/csrobot/.local/lib/python3.12/site-packages/tensorflow/include/ml_dtypes/include/float8.h:443:25: error: ‘RequiresIsDerivedFromFloat8Base’ has not been declared
  443 |   template <typename T, RequiresIsDerivedFromFloat8Base<T> = 0>
      |                         ^~~~~~~~~~~~~~~~~~~~~~~~~~~~~~~
/home/csrobot/.local/lib/python3.12/site-packages/tensorflow/include/ml_dtypes/include/float8.h:443:56: error: expected ‘>’ before ‘<’ token
  443 |   template <typename T, RequiresIsDerivedFromFloat8Base<T> = 0>
      |                                                        ^
/home/csrobot/.local/lib/python3.12/site-packages/tensorflow/include/ml_dtypes/include/float8.h:562:10: warning: inline variables are only available with ‘-std=c++17’ or ‘-std=gnu++17’ [-Wc++17-extensions]
  562 |   static inline constexpr const bool is_specialized = true;
      |          ^~~~~~
/home/csrobot/.local/lib/python3.12/site-packages/tensorflow/include/ml_dtypes/include/float8.h:563:10: warning: inline variables are only available with ‘-std=c++17’ or ‘-std=gnu++17’ [-Wc++17-extensions]
  563 |   static inline constexpr const bool is_signed = true;
      |          ^~~~~~
/home/csrobot/.local/lib/python3.12/site-packages/tensorflow/include/ml_dtypes/include/float8.h:564:10: warning: inline variables are only available with ‘-std=c++17’ or ‘-std=gnu++17’ [-Wc++17-extensions]
  564 |   static inline constexpr const bool is_integer = false;
      |          ^~~~~~
/home/csrobot/.local/lib/python3.12/site-packages/tensorflow/include/ml_dtypes/include/float8.h:565:10: warning: inline variables are only available with ‘-std=c++17’ or ‘-std=gnu++17’ [-Wc++17-extensions]
  565 |   static inline constexpr const bool is_exact = false;
      |          ^~~~~~
/home/csrobot/.local/lib/python3.12/site-packages/tensorflow/include/ml_dtypes/include/float8.h:566:10: warning: inline variables are only available with ‘-std=c++17’ or ‘-std=gnu++17’ [-Wc++17-extensions]
  566 |   static inline constexpr const bool has_quiet_NaN = true;
      |          ^~~~~~
/home/csrobot/.local/lib/python3.12/site-packages/tensorflow/include/ml_dtypes/include/float8.h:567:10: warning: inline variables are only available with ‘-std=c++17’ or ‘-std=gnu++17’ [-Wc++17-extensions]
  567 |   static inline constexpr const std::float_denorm_style has_denorm =
      |          ^~~~~~
/home/csrobot/.local/lib/python3.12/site-packages/tensorflow/include/ml_dtypes/include/float8.h:569:10: warning: inline variables are only available with ‘-std=c++17’ or ‘-std=gnu++17’ [-Wc++17-extensions]
  569 |   static inline constexpr const bool has_denorm_loss = false;
      |          ^~~~~~
/home/csrobot/.local/lib/python3.12/site-packages/tensorflow/include/ml_dtypes/include/float8.h:570:10: warning: inline variables are only available with ‘-std=c++17’ or ‘-std=gnu++17’ [-Wc++17-extensions]
  570 |   static inline constexpr const std::float_round_style round_style =
      |          ^~~~~~
/home/csrobot/.local/lib/python3.12/site-packages/tensorflow/include/ml_dtypes/include/float8.h:572:10: warning: inline variables are only available with ‘-std=c++17’ or ‘-std=gnu++17’ [-Wc++17-extensions]
  572 |   static inline constexpr const bool is_bounded = true;
      |          ^~~~~~
/home/csrobot/.local/lib/python3.12/site-packages/tensorflow/include/ml_dtypes/include/float8.h:573:10: warning: inline variables are only available with ‘-std=c++17’ or ‘-std=gnu++17’ [-Wc++17-extensions]
  573 |   static inline constexpr const bool is_modulo = false;
      |          ^~~~~~
/home/csrobot/.local/lib/python3.12/site-packages/tensorflow/include/ml_dtypes/include/float8.h:574:10: warning: inline variables are only available with ‘-std=c++17’ or ‘-std=gnu++17’ [-Wc++17-extensions]
  574 |   static inline constexpr const int radix = std::numeric_limits<float>::radix;
      |          ^~~~~~
/home/csrobot/.local/lib/python3.12/site-packages/tensorflow/include/ml_dtypes/include/float8.h:575:10: warning: inline variables are only available with ‘-std=c++17’ or ‘-std=gnu++17’ [-Wc++17-extensions]
  575 |   static inline constexpr const bool traps = std::numeric_limits<float>::traps;
      |          ^~~~~~
/home/csrobot/.local/lib/python3.12/site-packages/tensorflow/include/ml_dtypes/include/float8.h:576:10: warning: inline variables are only available with ‘-std=c++17’ or ‘-std=gnu++17’ [-Wc++17-extensions]
  576 |   static inline constexpr const bool tinyness_before =
      |          ^~~~~~
/home/csrobot/.local/lib/python3.12/site-packages/tensorflow/include/ml_dtypes/include/float8.h:583:10: warning: inline variables are only available with ‘-std=c++17’ or ‘-std=gnu++17’ [-Wc++17-extensions]
  583 |   static inline constexpr const int kExponentBias = 3;
      |          ^~~~~~
/home/csrobot/.local/lib/python3.12/site-packages/tensorflow/include/ml_dtypes/include/float8.h:584:10: warning: inline variables are only available with ‘-std=c++17’ or ‘-std=gnu++17’ [-Wc++17-extensions]
  584 |   static inline constexpr const int kMantissaBits = 4;
      |          ^~~~~~
/home/csrobot/.local/lib/python3.12/site-packages/tensorflow/include/ml_dtypes/include/float8.h:588:10: warning: inline variables are only available with ‘-std=c++17’ or ‘-std=gnu++17’ [-Wc++17-extensions]
  588 |   static inline constexpr const int digits = kMantissaBits + 1;
      |          ^~~~~~
/home/csrobot/.local/lib/python3.12/site-packages/tensorflow/include/ml_dtypes/include/float8.h:589:10: warning: inline variables are only available with ‘-std=c++17’ or ‘-std=gnu++17’ [-Wc++17-extensions]
  589 |   static inline constexpr const int digits10 = Digits10FromDigits(digits);
      |          ^~~~~~
/home/csrobot/.local/lib/python3.12/site-packages/tensorflow/include/ml_dtypes/include/float8.h:590:10: warning: inline variables are only available with ‘-std=c++17’ or ‘-std=gnu++17’ [-Wc++17-extensions]
  590 |   static inline constexpr const int max_digits10 =
      |          ^~~~~~
/home/csrobot/.local/lib/python3.12/site-packages/tensorflow/include/ml_dtypes/include/float8.h:592:10: warning: inline variables are only available with ‘-std=c++17’ or ‘-std=gnu++17’ [-Wc++17-extensions]
  592 |   static inline constexpr const int min_exponent = (1 - kExponentBias) + 1;
      |          ^~~~~~
/home/csrobot/.local/lib/python3.12/site-packages/tensorflow/include/ml_dtypes/include/float8.h:593:10: warning: inline variables are only available with ‘-std=c++17’ or ‘-std=gnu++17’ [-Wc++17-extensions]
  593 |   static inline constexpr const int min_exponent10 =
      |          ^~~~~~
/home/csrobot/.local/lib/python3.12/site-packages/tensorflow/include/ml_dtypes/include/float8.h:595:10: warning: inline variables are only available with ‘-std=c++17’ or ‘-std=gnu++17’ [-Wc++17-extensions]
  595 |   static inline constexpr const int max_exponent = 0b111 - kExponentBias;
      |          ^~~~~~
/home/csrobot/.local/lib/python3.12/site-packages/tensorflow/include/ml_dtypes/include/float8.h:596:10: warning: inline variables are only available with ‘-std=c++17’ or ‘-std=gnu++17’ [-Wc++17-extensions]
  596 |   static inline constexpr const int max_exponent10 =
      |          ^~~~~~
/home/csrobot/.local/lib/python3.12/site-packages/tensorflow/include/ml_dtypes/include/float8.h:598:10: warning: inline variables are only available with ‘-std=c++17’ or ‘-std=gnu++17’ [-Wc++17-extensions]
  598 |   static inline constexpr const bool is_iec559 = true;
      |          ^~~~~~
/home/csrobot/.local/lib/python3.12/site-packages/tensorflow/include/ml_dtypes/include/float8.h:599:10: warning: inline variables are only available with ‘-std=c++17’ or ‘-std=gnu++17’ [-Wc++17-extensions]
  599 |   static inline constexpr const bool has_infinity = true;
      |          ^~~~~~
/home/csrobot/.local/lib/python3.12/site-packages/tensorflow/include/ml_dtypes/include/float8.h:600:10: warning: inline variables are only available with ‘-std=c++17’ or ‘-std=gnu++17’ [-Wc++17-extensions]
  600 |   static inline constexpr const bool has_signaling_NaN = true;
      |          ^~~~~~
/home/csrobot/.local/lib/python3.12/site-packages/tensorflow/include/ml_dtypes/include/float8.h:647:10: warning: inline variables are only available with ‘-std=c++17’ or ‘-std=gnu++17’ [-Wc++17-extensions]
  647 |   static inline constexpr const int kExponentBias = 7;
      |          ^~~~~~
/home/csrobot/.local/lib/python3.12/site-packages/tensorflow/include/ml_dtypes/include/float8.h:648:10: warning: inline variables are only available with ‘-std=c++17’ or ‘-std=gnu++17’ [-Wc++17-extensions]
  648 |   static inline constexpr const int kMantissaBits = 3;
      |          ^~~~~~
/home/csrobot/.local/lib/python3.12/site-packages/tensorflow/include/ml_dtypes/include/float8.h:652:10: warning: inline variables are only available with ‘-std=c++17’ or ‘-std=gnu++17’ [-Wc++17-extensions]
  652 |   static inline constexpr const int digits = kMantissaBits + 1;
      |          ^~~~~~
/home/csrobot/.local/lib/python3.12/site-packages/tensorflow/include/ml_dtypes/include/float8.h:653:10: warning: inline variables are only available with ‘-std=c++17’ or ‘-std=gnu++17’ [-Wc++17-extensions]
  653 |   static inline constexpr const int digits10 = Digits10FromDigits(digits);
      |          ^~~~~~
/home/csrobot/.local/lib/python3.12/site-packages/tensorflow/include/ml_dtypes/include/float8.h:654:10: warning: inline variables are only available with ‘-std=c++17’ or ‘-std=gnu++17’ [-Wc++17-extensions]
  654 |   static inline constexpr const int max_digits10 =
      |          ^~~~~~
/home/csrobot/.local/lib/python3.12/site-packages/tensorflow/include/ml_dtypes/include/float8.h:656:10: warning: inline variables are only available with ‘-std=c++17’ or ‘-std=gnu++17’ [-Wc++17-extensions]
  656 |   static inline constexpr const int min_exponent = (1 - kExponentBias) + 1;
      |          ^~~~~~
/home/csrobot/.local/lib/python3.12/site-packages/tensorflow/include/ml_dtypes/include/float8.h:657:10: warning: inline variables are only available with ‘-std=c++17’ or ‘-std=gnu++17’ [-Wc++17-extensions]
  657 |   static inline constexpr const int min_exponent10 =
      |          ^~~~~~
/home/csrobot/.local/lib/python3.12/site-packages/tensorflow/include/ml_dtypes/include/float8.h:659:10: warning: inline variables are only available with ‘-std=c++17’ or ‘-std=gnu++17’ [-Wc++17-extensions]
  659 |   static inline constexpr const int max_exponent = 0b1111 - kExponentBias;
      |          ^~~~~~
/home/csrobot/.local/lib/python3.12/site-packages/tensorflow/include/ml_dtypes/include/float8.h:660:10: warning: inline variables are only available with ‘-std=c++17’ or ‘-std=gnu++17’ [-Wc++17-extensions]
  660 |   static inline constexpr const int max_exponent10 =
      |          ^~~~~~
/home/csrobot/.local/lib/python3.12/site-packages/tensorflow/include/ml_dtypes/include/float8.h:662:10: warning: inline variables are only available with ‘-std=c++17’ or ‘-std=gnu++17’ [-Wc++17-extensions]
  662 |   static inline constexpr const bool is_iec559 = true;
      |          ^~~~~~
/home/csrobot/.local/lib/python3.12/site-packages/tensorflow/include/ml_dtypes/include/float8.h:663:10: warning: inline variables are only available with ‘-std=c++17’ or ‘-std=gnu++17’ [-Wc++17-extensions]
  663 |   static inline constexpr const bool has_infinity = true;
      |          ^~~~~~
/home/csrobot/.local/lib/python3.12/site-packages/tensorflow/include/ml_dtypes/include/float8.h:664:10: warning: inline variables are only available with ‘-std=c++17’ or ‘-std=gnu++17’ [-Wc++17-extensions]
  664 |   static inline constexpr const bool has_signaling_NaN = true;
      |          ^~~~~~
/home/csrobot/.local/lib/python3.12/site-packages/tensorflow/include/ml_dtypes/include/float8.h:711:10: warning: inline variables are only available with ‘-std=c++17’ or ‘-std=gnu++17’ [-Wc++17-extensions]
  711 |   static inline constexpr const int kExponentBias = 7;
      |          ^~~~~~
/home/csrobot/.local/lib/python3.12/site-packages/tensorflow/include/ml_dtypes/include/float8.h:712:10: warning: inline variables are only available with ‘-std=c++17’ or ‘-std=gnu++17’ [-Wc++17-extensions]
  712 |   static inline constexpr const int kMantissaBits = 3;
      |          ^~~~~~
/home/csrobot/.local/lib/python3.12/site-packages/tensorflow/include/ml_dtypes/include/float8.h:716:10: warning: inline variables are only available with ‘-std=c++17’ or ‘-std=gnu++17’ [-Wc++17-extensions]
  716 |   static inline constexpr const int digits = kMantissaBits + 1;
      |          ^~~~~~
/home/csrobot/.local/lib/python3.12/site-packages/tensorflow/include/ml_dtypes/include/float8.h:717:10: warning: inline variables are only available with ‘-std=c++17’ or ‘-std=gnu++17’ [-Wc++17-extensions]
  717 |   static inline constexpr const int digits10 = Digits10FromDigits(digits);
      |          ^~~~~~
/home/csrobot/.local/lib/python3.12/site-packages/tensorflow/include/ml_dtypes/include/float8.h:718:10: warning: inline variables are only available with ‘-std=c++17’ or ‘-std=gnu++17’ [-Wc++17-extensions]
  718 |   static inline constexpr const int max_digits10 =
      |          ^~~~~~
/home/csrobot/.local/lib/python3.12/site-packages/tensorflow/include/ml_dtypes/include/float8.h:720:10: warning: inline variables are only available with ‘-std=c++17’ or ‘-std=gnu++17’ [-Wc++17-extensions]
  720 |   static inline constexpr const int min_exponent = (1 - kExponentBias) + 1;
      |          ^~~~~~
/home/csrobot/.local/lib/python3.12/site-packages/tensorflow/include/ml_dtypes/include/float8.h:721:10: warning: inline variables are only available with ‘-std=c++17’ or ‘-std=gnu++17’ [-Wc++17-extensions]
  721 |   static inline constexpr const int min_exponent10 =
      |          ^~~~~~
/home/csrobot/.local/lib/python3.12/site-packages/tensorflow/include/ml_dtypes/include/float8.h:723:10: warning: inline variables are only available with ‘-std=c++17’ or ‘-std=gnu++17’ [-Wc++17-extensions]
  723 |   static inline constexpr const int max_exponent =
      |          ^~~~~~
/home/csrobot/.local/lib/python3.12/site-packages/tensorflow/include/ml_dtypes/include/float8.h:725:10: warning: inline variables are only available with ‘-std=c++17’ or ‘-std=gnu++17’ [-Wc++17-extensions]
  725 |   static inline constexpr const int max_exponent10 =
      |          ^~~~~~
/home/csrobot/.local/lib/python3.12/site-packages/tensorflow/include/ml_dtypes/include/float8.h:727:10: warning: inline variables are only available with ‘-std=c++17’ or ‘-std=gnu++17’ [-Wc++17-extensions]
  727 |   static inline constexpr const bool is_iec559 = false;
      |          ^~~~~~
/home/csrobot/.local/lib/python3.12/site-packages/tensorflow/include/ml_dtypes/include/float8.h:728:10: warning: inline variables are only available with ‘-std=c++17’ or ‘-std=gnu++17’ [-Wc++17-extensions]
  728 |   static inline constexpr const bool has_infinity = false;
      |          ^~~~~~
/home/csrobot/.local/lib/python3.12/site-packages/tensorflow/include/ml_dtypes/include/float8.h:729:10: warning: inline variables are only available with ‘-std=c++17’ or ‘-std=gnu++17’ [-Wc++17-extensions]
  729 |   static inline constexpr const bool has_signaling_NaN = false;
      |          ^~~~~~
/home/csrobot/.local/lib/python3.12/site-packages/tensorflow/include/ml_dtypes/include/float8.h:771:10: warning: inline variables are only available with ‘-std=c++17’ or ‘-std=gnu++17’ [-Wc++17-extensions]
  771 |   static inline constexpr const int kExponentBias = 11;
      |          ^~~~~~
/home/csrobot/.local/lib/python3.12/site-packages/tensorflow/include/ml_dtypes/include/float8.h:772:10: warning: inline variables are only available with ‘-std=c++17’ or ‘-std=gnu++17’ [-Wc++17-extensions]
  772 |   static inline constexpr const int kMantissaBits = 3;
      |          ^~~~~~
/home/csrobot/.local/lib/python3.12/site-packages/tensorflow/include/ml_dtypes/include/float8.h:776:10: warning: inline variables are only available with ‘-std=c++17’ or ‘-std=gnu++17’ [-Wc++17-extensions]
  776 |   static inline constexpr const int digits = kMantissaBits + 1;
      |          ^~~~~~
/home/csrobot/.local/lib/python3.12/site-packages/tensorflow/include/ml_dtypes/include/float8.h:777:10: warning: inline variables are only available with ‘-std=c++17’ or ‘-std=gnu++17’ [-Wc++17-extensions]
  777 |   static inline constexpr const int digits10 = Digits10FromDigits(digits);
      |          ^~~~~~
/home/csrobot/.local/lib/python3.12/site-packages/tensorflow/include/ml_dtypes/include/float8.h:778:10: warning: inline variables are only available with ‘-std=c++17’ or ‘-std=gnu++17’ [-Wc++17-extensions]
  778 |   static inline constexpr const int max_digits10 =
      |          ^~~~~~
/home/csrobot/.local/lib/python3.12/site-packages/tensorflow/include/ml_dtypes/include/float8.h:780:10: warning: inline variables are only available with ‘-std=c++17’ or ‘-std=gnu++17’ [-Wc++17-extensions]
  780 |   static inline constexpr const int min_exponent = (1 - kExponentBias) + 1;
      |          ^~~~~~
/home/csrobot/.local/lib/python3.12/site-packages/tensorflow/include/ml_dtypes/include/float8.h:781:10: warning: inline variables are only available with ‘-std=c++17’ or ‘-std=gnu++17’ [-Wc++17-extensions]
  781 |   static inline constexpr const int min_exponent10 =
      |          ^~~~~~
/home/csrobot/.local/lib/python3.12/site-packages/tensorflow/include/ml_dtypes/include/float8.h:783:10: warning: inline variables are only available with ‘-std=c++17’ or ‘-std=gnu++17’ [-Wc++17-extensions]
  783 |   static inline constexpr const int max_exponent =
      |          ^~~~~~
/home/csrobot/.local/lib/python3.12/site-packages/tensorflow/include/ml_dtypes/include/float8.h:785:10: warning: inline variables are only available with ‘-std=c++17’ or ‘-std=gnu++17’ [-Wc++17-extensions]
  785 |   static inline constexpr const int max_exponent10 =
      |          ^~~~~~
/home/csrobot/.local/lib/python3.12/site-packages/tensorflow/include/ml_dtypes/include/float8.h:787:10: warning: inline variables are only available with ‘-std=c++17’ or ‘-std=gnu++17’ [-Wc++17-extensions]
  787 |   static inline constexpr const bool is_iec559 = false;
      |          ^~~~~~
/home/csrobot/.local/lib/python3.12/site-packages/tensorflow/include/ml_dtypes/include/float8.h:788:10: warning: inline variables are only available with ‘-std=c++17’ or ‘-std=gnu++17’ [-Wc++17-extensions]
  788 |   static inline constexpr const bool has_infinity = false;
      |          ^~~~~~
/home/csrobot/.local/lib/python3.12/site-packages/tensorflow/include/ml_dtypes/include/float8.h:789:10: warning: inline variables are only available with ‘-std=c++17’ or ‘-std=gnu++17’ [-Wc++17-extensions]
  789 |   static inline constexpr const bool has_signaling_NaN = false;
      |          ^~~~~~
/home/csrobot/.local/lib/python3.12/site-packages/tensorflow/include/ml_dtypes/include/float8.h:831:10: warning: inline variables are only available with ‘-std=c++17’ or ‘-std=gnu++17’ [-Wc++17-extensions]
  831 |   static inline constexpr const int kExponentBias = 8;
      |          ^~~~~~
/home/csrobot/.local/lib/python3.12/site-packages/tensorflow/include/ml_dtypes/include/float8.h:832:10: warning: inline variables are only available with ‘-std=c++17’ or ‘-std=gnu++17’ [-Wc++17-extensions]
  832 |   static inline constexpr const int kMantissaBits = 3;
      |          ^~~~~~
/home/csrobot/.local/lib/python3.12/site-packages/tensorflow/include/ml_dtypes/include/float8.h:836:10: warning: inline variables are only available with ‘-std=c++17’ or ‘-std=gnu++17’ [-Wc++17-extensions]
  836 |   static inline constexpr const int digits = kMantissaBits + 1;
      |          ^~~~~~
/home/csrobot/.local/lib/python3.12/site-packages/tensorflow/include/ml_dtypes/include/float8.h:837:10: warning: inline variables are only available with ‘-std=c++17’ or ‘-std=gnu++17’ [-Wc++17-extensions]
  837 |   static inline constexpr const int digits10 = Digits10FromDigits(digits);
      |          ^~~~~~
/home/csrobot/.local/lib/python3.12/site-packages/tensorflow/include/ml_dtypes/include/float8.h:838:10: warning: inline variables are only available with ‘-std=c++17’ or ‘-std=gnu++17’ [-Wc++17-extensions]
  838 |   static inline constexpr const int max_digits10 =
      |          ^~~~~~
/home/csrobot/.local/lib/python3.12/site-packages/tensorflow/include/ml_dtypes/include/float8.h:840:10: warning: inline variables are only available with ‘-std=c++17’ or ‘-std=gnu++17’ [-Wc++17-extensions]
  840 |   static inline constexpr const int min_exponent = (1 - kExponentBias) + 1;
      |          ^~~~~~
/home/csrobot/.local/lib/python3.12/site-packages/tensorflow/include/ml_dtypes/include/float8.h:841:10: warning: inline variables are only available with ‘-std=c++17’ or ‘-std=gnu++17’ [-Wc++17-extensions]
  841 |   static inline constexpr const int min_exponent10 =
      |          ^~~~~~
/home/csrobot/.local/lib/python3.12/site-packages/tensorflow/include/ml_dtypes/include/float8.h:843:10: warning: inline variables are only available with ‘-std=c++17’ or ‘-std=gnu++17’ [-Wc++17-extensions]
  843 |   static inline constexpr const int max_exponent =
      |          ^~~~~~
/home/csrobot/.local/lib/python3.12/site-packages/tensorflow/include/ml_dtypes/include/float8.h:845:10: warning: inline variables are only available with ‘-std=c++17’ or ‘-std=gnu++17’ [-Wc++17-extensions]
  845 |   static inline constexpr const int max_exponent10 =
      |          ^~~~~~
/home/csrobot/.local/lib/python3.12/site-packages/tensorflow/include/ml_dtypes/include/float8.h:847:10: warning: inline variables are only available with ‘-std=c++17’ or ‘-std=gnu++17’ [-Wc++17-extensions]
  847 |   static inline constexpr const bool is_iec559 = false;
      |          ^~~~~~
/home/csrobot/.local/lib/python3.12/site-packages/tensorflow/include/ml_dtypes/include/float8.h:848:10: warning: inline variables are only available with ‘-std=c++17’ or ‘-std=gnu++17’ [-Wc++17-extensions]
  848 |   static inline constexpr const bool has_infinity = false;
      |          ^~~~~~
/home/csrobot/.local/lib/python3.12/site-packages/tensorflow/include/ml_dtypes/include/float8.h:849:10: warning: inline variables are only available with ‘-std=c++17’ or ‘-std=gnu++17’ [-Wc++17-extensions]
  849 |   static inline constexpr const bool has_signaling_NaN = false;
      |          ^~~~~~
/home/csrobot/.local/lib/python3.12/site-packages/tensorflow/include/ml_dtypes/include/float8.h:885:10: warning: inline variables are only available with ‘-std=c++17’ or ‘-std=gnu++17’ [-Wc++17-extensions]
  885 |   static inline constexpr const int kExponentBias = 15;
      |          ^~~~~~
/home/csrobot/.local/lib/python3.12/site-packages/tensorflow/include/ml_dtypes/include/float8.h:886:10: warning: inline variables are only available with ‘-std=c++17’ or ‘-std=gnu++17’ [-Wc++17-extensions]
  886 |   static inline constexpr const int kMantissaBits = 2;
      |          ^~~~~~
/home/csrobot/.local/lib/python3.12/site-packages/tensorflow/include/ml_dtypes/include/float8.h:890:10: warning: inline variables are only available with ‘-std=c++17’ or ‘-std=gnu++17’ [-Wc++17-extensions]
  890 |   static inline constexpr const int digits = kMantissaBits + 1;
      |          ^~~~~~
/home/csrobot/.local/lib/python3.12/site-packages/tensorflow/include/ml_dtypes/include/float8.h:891:10: warning: inline variables are only available with ‘-std=c++17’ or ‘-std=gnu++17’ [-Wc++17-extensions]
  891 |   static inline constexpr const int digits10 = Digits10FromDigits(digits);
      |          ^~~~~~
/home/csrobot/.local/lib/python3.12/site-packages/tensorflow/include/ml_dtypes/include/float8.h:892:10: warning: inline variables are only available with ‘-std=c++17’ or ‘-std=gnu++17’ [-Wc++17-extensions]
  892 |   static inline constexpr const int max_digits10 =
      |          ^~~~~~
/home/csrobot/.local/lib/python3.12/site-packages/tensorflow/include/ml_dtypes/include/float8.h:894:10: warning: inline variables are only available with ‘-std=c++17’ or ‘-std=gnu++17’ [-Wc++17-extensions]
  894 |   static inline constexpr const int min_exponent = (1 - kExponentBias) + 1;
      |          ^~~~~~
/home/csrobot/.local/lib/python3.12/site-packages/tensorflow/include/ml_dtypes/include/float8.h:895:10: warning: inline variables are only available with ‘-std=c++17’ or ‘-std=gnu++17’ [-Wc++17-extensions]
  895 |   static inline constexpr const int min_exponent10 =
      |          ^~~~~~
/home/csrobot/.local/lib/python3.12/site-packages/tensorflow/include/ml_dtypes/include/float8.h:897:10: warning: inline variables are only available with ‘-std=c++17’ or ‘-std=gnu++17’ [-Wc++17-extensions]
  897 |   static inline constexpr const int max_exponent = 0b11111 - kExponentBias;
      |          ^~~~~~
/home/csrobot/.local/lib/python3.12/site-packages/tensorflow/include/ml_dtypes/include/float8.h:898:10: warning: inline variables are only available with ‘-std=c++17’ or ‘-std=gnu++17’ [-Wc++17-extensions]
  898 |   static inline constexpr const int max_exponent10 =
      |          ^~~~~~
/home/csrobot/.local/lib/python3.12/site-packages/tensorflow/include/ml_dtypes/include/float8.h:900:10: warning: inline variables are only available with ‘-std=c++17’ or ‘-std=gnu++17’ [-Wc++17-extensions]
  900 |   static inline constexpr const bool is_iec559 = true;
      |          ^~~~~~
/home/csrobot/.local/lib/python3.12/site-packages/tensorflow/include/ml_dtypes/include/float8.h:901:10: warning: inline variables are only available with ‘-std=c++17’ or ‘-std=gnu++17’ [-Wc++17-extensions]
  901 |   static inline constexpr const bool has_infinity = true;
      |          ^~~~~~
/home/csrobot/.local/lib/python3.12/site-packages/tensorflow/include/ml_dtypes/include/float8.h:902:10: warning: inline variables are only available with ‘-std=c++17’ or ‘-std=gnu++17’ [-Wc++17-extensions]
  902 |   static inline constexpr const bool has_signaling_NaN = true;
      |          ^~~~~~
/home/csrobot/.local/lib/python3.12/site-packages/tensorflow/include/ml_dtypes/include/float8.h:949:10: warning: inline variables are only available with ‘-std=c++17’ or ‘-std=gnu++17’ [-Wc++17-extensions]
  949 |   static inline constexpr const int kExponentBias = 16;
      |          ^~~~~~
/home/csrobot/.local/lib/python3.12/site-packages/tensorflow/include/ml_dtypes/include/float8.h:950:10: warning: inline variables are only available with ‘-std=c++17’ or ‘-std=gnu++17’ [-Wc++17-extensions]
  950 |   static inline constexpr const int kMantissaBits = 2;
      |          ^~~~~~
/home/csrobot/.local/lib/python3.12/site-packages/tensorflow/include/ml_dtypes/include/float8.h:954:10: warning: inline variables are only available with ‘-std=c++17’ or ‘-std=gnu++17’ [-Wc++17-extensions]
  954 |   static inline constexpr const int digits = kMantissaBits + 1;
      |          ^~~~~~
/home/csrobot/.local/lib/python3.12/site-packages/tensorflow/include/ml_dtypes/include/float8.h:955:10: warning: inline variables are only available with ‘-std=c++17’ or ‘-std=gnu++17’ [-Wc++17-extensions]
  955 |   static inline constexpr const int digits10 = Digits10FromDigits(digits);
      |          ^~~~~~
/home/csrobot/.local/lib/python3.12/site-packages/tensorflow/include/ml_dtypes/include/float8.h:956:10: warning: inline variables are only available with ‘-std=c++17’ or ‘-std=gnu++17’ [-Wc++17-extensions]
  956 |   static inline constexpr const int max_digits10 =
      |          ^~~~~~
/home/csrobot/.local/lib/python3.12/site-packages/tensorflow/include/ml_dtypes/include/float8.h:958:10: warning: inline variables are only available with ‘-std=c++17’ or ‘-std=gnu++17’ [-Wc++17-extensions]
  958 |   static inline constexpr const int min_exponent = (1 - kExponentBias) + 1;
      |          ^~~~~~
/home/csrobot/.local/lib/python3.12/site-packages/tensorflow/include/ml_dtypes/include/float8.h:959:10: warning: inline variables are only available with ‘-std=c++17’ or ‘-std=gnu++17’ [-Wc++17-extensions]
  959 |   static inline constexpr const int min_exponent10 =
      |          ^~~~~~
/home/csrobot/.local/lib/python3.12/site-packages/tensorflow/include/ml_dtypes/include/float8.h:961:10: warning: inline variables are only available with ‘-std=c++17’ or ‘-std=gnu++17’ [-Wc++17-extensions]
  961 |   static inline constexpr const int max_exponent =
      |          ^~~~~~
/home/csrobot/.local/lib/python3.12/site-packages/tensorflow/include/ml_dtypes/include/float8.h:963:10: warning: inline variables are only available with ‘-std=c++17’ or ‘-std=gnu++17’ [-Wc++17-extensions]
  963 |   static inline constexpr const int max_exponent10 =
      |          ^~~~~~
/home/csrobot/.local/lib/python3.12/site-packages/tensorflow/include/ml_dtypes/include/float8.h:965:10: warning: inline variables are only available with ‘-std=c++17’ or ‘-std=gnu++17’ [-Wc++17-extensions]
  965 |   static inline constexpr const bool is_iec559 = false;
      |          ^~~~~~
/home/csrobot/.local/lib/python3.12/site-packages/tensorflow/include/ml_dtypes/include/float8.h:966:10: warning: inline variables are only available with ‘-std=c++17’ or ‘-std=gnu++17’ [-Wc++17-extensions]
  966 |   static inline constexpr const bool has_infinity = false;
      |          ^~~~~~
/home/csrobot/.local/lib/python3.12/site-packages/tensorflow/include/ml_dtypes/include/float8.h:967:10: warning: inline variables are only available with ‘-std=c++17’ or ‘-std=gnu++17’ [-Wc++17-extensions]
  967 |   static inline constexpr const bool has_signaling_NaN = false;
      |          ^~~~~~
/home/csrobot/.local/lib/python3.12/site-packages/tensorflow/include/ml_dtypes/include/float8.h:1002:10: warning: inline variables are only available with ‘-std=c++17’ or ‘-std=gnu++17’ [-Wc++17-extensions]
 1002 |   static inline constexpr const int kExponentBias = 127;
      |          ^~~~~~
/home/csrobot/.local/lib/python3.12/site-packages/tensorflow/include/ml_dtypes/include/float8.h:1003:10: warning: inline variables are only available with ‘-std=c++17’ or ‘-std=gnu++17’ [-Wc++17-extensions]
 1003 |   static inline constexpr const int kMantissaBits = 0;
      |          ^~~~~~
/home/csrobot/.local/lib/python3.12/site-packages/tensorflow/include/ml_dtypes/include/float8.h:1007:10: warning: inline variables are only available with ‘-std=c++17’ or ‘-std=gnu++17’ [-Wc++17-extensions]
 1007 |   static inline constexpr const bool is_signed = false;
      |          ^~~~~~
/home/csrobot/.local/lib/python3.12/site-packages/tensorflow/include/ml_dtypes/include/float8.h:1008:10: warning: inline variables are only available with ‘-std=c++17’ or ‘-std=gnu++17’ [-Wc++17-extensions]
 1008 |   static inline constexpr const std::float_denorm_style has_denorm =
      |          ^~~~~~
/home/csrobot/.local/lib/python3.12/site-packages/tensorflow/include/ml_dtypes/include/float8.h:1010:10: warning: inline variables are only available with ‘-std=c++17’ or ‘-std=gnu++17’ [-Wc++17-extensions]
 1010 |   static inline constexpr const int digits = kMantissaBits + 1;
      |          ^~~~~~
/home/csrobot/.local/lib/python3.12/site-packages/tensorflow/include/ml_dtypes/include/float8.h:1011:10: warning: inline variables are only available with ‘-std=c++17’ or ‘-std=gnu++17’ [-Wc++17-extensions]
 1011 |   static inline constexpr const int digits10 = Digits10FromDigits(digits);
      |          ^~~~~~
/home/csrobot/.local/lib/python3.12/site-packages/tensorflow/include/ml_dtypes/include/float8.h:1012:10: warning: inline variables are only available with ‘-std=c++17’ or ‘-std=gnu++17’ [-Wc++17-extensions]
 1012 |   static inline constexpr const int max_digits10 =
      |          ^~~~~~
/home/csrobot/.local/lib/python3.12/site-packages/tensorflow/include/ml_dtypes/include/float8.h:1015:10: warning: inline variables are only available with ‘-std=c++17’ or ‘-std=gnu++17’ [-Wc++17-extensions]
 1015 |   static inline constexpr const int min_exponent = -kExponentBias + 1;
      |          ^~~~~~
/home/csrobot/.local/lib/python3.12/site-packages/tensorflow/include/ml_dtypes/include/float8.h:1016:10: warning: inline variables are only available with ‘-std=c++17’ or ‘-std=gnu++17’ [-Wc++17-extensions]
 1016 |   static inline constexpr const int min_exponent10 =
      |          ^~~~~~
/home/csrobot/.local/lib/python3.12/site-packages/tensorflow/include/ml_dtypes/include/float8.h:1019:10: warning: inline variables are only available with ‘-std=c++17’ or ‘-std=gnu++17’ [-Wc++17-extensions]
 1019 |   static inline constexpr const int max_exponent = kExponentBias + 1;
      |          ^~~~~~
/home/csrobot/.local/lib/python3.12/site-packages/tensorflow/include/ml_dtypes/include/float8.h:1020:10: warning: inline variables are only available with ‘-std=c++17’ or ‘-std=gnu++17’ [-Wc++17-extensions]
 1020 |   static inline constexpr const int max_exponent10 =
      |          ^~~~~~
/home/csrobot/.local/lib/python3.12/site-packages/tensorflow/include/ml_dtypes/include/float8.h:1022:10: warning: inline variables are only available with ‘-std=c++17’ or ‘-std=gnu++17’ [-Wc++17-extensions]
 1022 |   static inline constexpr const bool is_iec559 = false;
      |          ^~~~~~
/home/csrobot/.local/lib/python3.12/site-packages/tensorflow/include/ml_dtypes/include/float8.h:1023:10: warning: inline variables are only available with ‘-std=c++17’ or ‘-std=gnu++17’ [-Wc++17-extensions]
 1023 |   static inline constexpr const bool has_infinity = false;
      |          ^~~~~~
/home/csrobot/.local/lib/python3.12/site-packages/tensorflow/include/ml_dtypes/include/float8.h:1024:10: warning: inline variables are only available with ‘-std=c++17’ or ‘-std=gnu++17’ [-Wc++17-extensions]
 1024 |   static inline constexpr const bool has_signaling_NaN = false;
      |          ^~~~~~
/home/csrobot/.local/lib/python3.12/site-packages/tensorflow/include/ml_dtypes/include/float8.h: In function ‘constexpr bool ml_dtypes::float8_internal::isinf(const float8_base<T>&)’:
/home/csrobot/.local/lib/python3.12/site-packages/tensorflow/include/ml_dtypes/include/float8.h:1169:6: warning: ‘if constexpr’ only available with ‘-std=c++17’ or ‘-std=gnu++17’ [-Wc++17-extensions]
 1169 |   if constexpr (std::numeric_limits<Float8>::has_infinity) {
      |      ^~~~~~~~~
/home/csrobot/.local/lib/python3.12/site-packages/tensorflow/include/ml_dtypes/include/float8.h: At global scope:
/home/csrobot/.local/lib/python3.12/site-packages/tensorflow/include/ml_dtypes/include/float8.h:1368:43: error: ‘is_same_v’ is not a member of ‘std’; did you mean ‘is_same’?
 1368 |                    std::enable_if_t<!std::is_same_v<From, To>>> {
      |                                           ^~~~~~~~~
      |                                           is_same
/home/csrobot/.local/lib/python3.12/site-packages/tensorflow/include/ml_dtypes/include/float8.h:1368:59: error: template argument 1 is invalid
 1368 |                    std::enable_if_t<!std::is_same_v<From, To>>> {
      |                                                           ^~
/home/csrobot/.local/lib/python3.12/site-packages/tensorflow/include/ml_dtypes/include/float8.h:1368:61: error: template argument 5 is invalid
 1368 |                    std::enable_if_t<!std::is_same_v<From, To>>> {
      |                                                             ^~
/home/csrobot/.local/lib/python3.12/site-packages/tensorflow/include/ml_dtypes/include/float8.h:1368:63: error: expected unqualified-id before ‘>’ token
 1368 |                    std::enable_if_t<!std::is_same_v<From, To>>> {
      |                                                               ^
/home/csrobot/.local/lib/python3.12/site-packages/tensorflow/include/ml_dtypes/include/float8.h: In static member function ‘static ml_dtypes::float8_internal::float8_e5m2 ml_dtypes::float8_internal::ConvertImpl<Eigen::half, ml_dtypes::float8_internal::float8_e5m2, kSaturate, kTruncate>::run(Eigen::half)’:
/home/csrobot/.local/lib/python3.12/site-packages/tensorflow/include/ml_dtypes/include/float8.h:1604:8: warning: ‘if constexpr’ only available with ‘-std=c++17’ or ‘-std=gnu++17’ [-Wc++17-extensions]
 1604 |     if constexpr (!kTruncate) {
      |        ^~~~~~~~~
/home/csrobot/.local/lib/python3.12/site-packages/tensorflow/include/ml_dtypes/include/float8.h:1608:10: warning: ‘if constexpr’ only available with ‘-std=c++17’ or ‘-std=gnu++17’ [-Wc++17-extensions]
 1608 |       if constexpr (kSaturate) {
      |          ^~~~~~~~~
/home/csrobot/.local/lib/python3.12/site-packages/tensorflow/include/ml_dtypes/include/float8.h: In static member function ‘static Derived ml_dtypes::float8_internal::float8_base<Derived>::ConvertFrom(From)’:
/home/csrobot/.local/lib/python3.12/site-packages/tensorflow/include/ml_dtypes/include/float8.h:1636:6: warning: ‘if constexpr’ only available with ‘-std=c++17’ or ‘-std=gnu++17’ [-Wc++17-extensions]
 1636 |   if constexpr (std::is_floating_point_v<From> &&
      |      ^~~~~~~~~
/home/csrobot/.local/lib/python3.12/site-packages/tensorflow/include/ml_dtypes/include/float8.h:1636:22: error: ‘is_floating_point_v’ is not a member of ‘std’; did you mean ‘is_floating_point’?
 1636 |   if constexpr (std::is_floating_point_v<From> &&
      |                      ^~~~~~~~~~~~~~~~~~~
      |                      is_floating_point
/home/csrobot/.local/lib/python3.12/site-packages/tensorflow/include/ml_dtypes/include/float8.h:1636:46: error: expected primary-expression before ‘>’ token
 1636 |   if constexpr (std::is_floating_point_v<From> &&
      |                                              ^
/home/csrobot/.local/lib/python3.12/site-packages/tensorflow/include/ml_dtypes/include/float8.h:1637:17: error: expected identifier before ‘sizeof’
 1637 |                 sizeof(From) > sizeof(double)) {
      |                 ^~~~~~
/home/csrobot/.local/lib/python3.12/site-packages/tensorflow/include/ml_dtypes/include/float8.h:1636:50: error: expected ‘)’ before ‘sizeof’
 1636 |   if constexpr (std::is_floating_point_v<From> &&
      |                ~                                 ^
      |                                                  )
 1637 |                 sizeof(From) > sizeof(double)) {
      |                 ~~~~~~                            
In file included from /home/csrobot/.local/lib/python3.12/site-packages/tensorflow/include/tsl/platform/ml_dtypes.h:20:
/home/csrobot/.local/lib/python3.12/site-packages/tensorflow/include/ml_dtypes/include/intn.h: At global scope:
/home/csrobot/.local/lib/python3.12/site-packages/tensorflow/include/ml_dtypes/include/intn.h:41:12: error: ‘is_same_v’ is not a member of ‘std’; did you mean ‘is_same’?
   41 |       std::is_same_v<UnderlyingTy, uint8_t> ||
      |            ^~~~~~~~~
      |            is_same
/home/csrobot/.local/lib/python3.12/site-packages/tensorflow/include/ml_dtypes/include/intn.h:41:34: error: expected primary-expression before ‘,’ token
   41 |       std::is_same_v<UnderlyingTy, uint8_t> ||
      |                                  ^
/home/csrobot/.local/lib/python3.12/site-packages/tensorflow/include/ml_dtypes/include/intn.h:41:36: error: expected string-literal before ‘uint8_t’
   41 |       std::is_same_v<UnderlyingTy, uint8_t> ||
      |                                    ^~~~~~~
/home/csrobot/.local/lib/python3.12/site-packages/tensorflow/include/ml_dtypes/include/intn.h:41:35: error: expected ‘)’ before ‘uint8_t’
   41 |       std::is_same_v<UnderlyingTy, uint8_t> ||
      |                                   ^~~~~~~~
      |                                   )
/home/csrobot/.local/lib/python3.12/site-packages/tensorflow/include/ml_dtypes/include/intn.h:40:16: note: to match this ‘(’
   40 |   static_assert(
      |                ^
/home/csrobot/.local/lib/python3.12/site-packages/tensorflow/include/ml_dtypes/include/intn.h:77:38: error: ‘is_signed_v’ is not a member of ‘std’; did you mean ‘is_signed’?
   77 |   static constexpr int digits = std::is_signed_v<UnderlyingTy> ? N - 1 : N;
      |                                      ^~~~~~~~~~~
      |                                      is_signed
/home/csrobot/.local/lib/python3.12/site-packages/tensorflow/include/ml_dtypes/include/intn.h:77:62: error: expected primary-expression before ‘>’ token
   77 |   static constexpr int digits = std::is_signed_v<UnderlyingTy> ? N - 1 : N;
      |                                                              ^
/home/csrobot/.local/lib/python3.12/site-packages/tensorflow/include/ml_dtypes/include/intn.h:77:64: error: expected primary-expression before ‘?’ token
   77 |   static constexpr int digits = std::is_signed_v<UnderlyingTy> ? N - 1 : N;
      |                                                                ^
/home/csrobot/.local/lib/python3.12/site-packages/tensorflow/include/ml_dtypes/include/intn.h:88:27: error: ‘optional’ in namespace ‘std’ does not name a template type
   88 |   constexpr operator std::optional<int64_t>() const {
      |                           ^~~~~~~~
/home/csrobot/.local/lib/python3.12/site-packages/tensorflow/include/ml_dtypes/include/intn.h:88:22: note: ‘std::optional’ is only available from C++17 onwards
   88 |   constexpr operator std::optional<int64_t>() const {
      |                      ^~~
/home/csrobot/.local/lib/python3.12/site-packages/tensorflow/include/ml_dtypes/include/intn.h: In static member function ‘static constexpr ml_dtypes::intN<N, UnderlyingTy> ml_dtypes::intN<N, UnderlyingTy>::lowest()’:
/home/csrobot/.local/lib/python3.12/site-packages/tensorflow/include/ml_dtypes/include/intn.h:80:17: error: ‘is_signed_v’ is not a member of ‘std’; did you mean ‘is_signed’?
   80 |     return std::is_signed_v<UnderlyingTy> ? intN(1) << digits : intN(0);
      |                 ^~~~~~~~~~~
      |                 is_signed
/home/csrobot/.local/lib/python3.12/site-packages/tensorflow/include/ml_dtypes/include/intn.h:80:41: error: expected primary-expression before ‘>’ token
   80 |     return std::is_signed_v<UnderlyingTy> ? intN(1) << digits : intN(0);
      |                                         ^
/home/csrobot/.local/lib/python3.12/site-packages/tensorflow/include/ml_dtypes/include/intn.h:80:43: error: expected primary-expression before ‘?’ token
   80 |     return std::is_signed_v<UnderlyingTy> ? intN(1) << digits : intN(0);
      |                                           ^
/home/csrobot/.local/lib/python3.12/site-packages/tensorflow/include/ml_dtypes/include/intn.h: At global scope:
/home/csrobot/.local/lib/python3.12/site-packages/tensorflow/include/ml_dtypes/include/intn.h:255:10: warning: inline variables are only available with ‘-std=c++17’ or ‘-std=gnu++17’ [-Wc++17-extensions]
  255 |   static inline constexpr const bool is_specialized = true;
      |          ^~~~~~
/home/csrobot/.local/lib/python3.12/site-packages/tensorflow/include/ml_dtypes/include/intn.h:256:10: warning: inline variables are only available with ‘-std=c++17’ or ‘-std=gnu++17’ [-Wc++17-extensions]
  256 |   static inline constexpr const bool is_integer = true;
      |          ^~~~~~
/home/csrobot/.local/lib/python3.12/site-packages/tensorflow/include/ml_dtypes/include/intn.h:257:10: warning: inline variables are only available with ‘-std=c++17’ or ‘-std=gnu++17’ [-Wc++17-extensions]
  257 |   static inline constexpr const bool is_exact = true;
      |          ^~~~~~
/home/csrobot/.local/lib/python3.12/site-packages/tensorflow/include/ml_dtypes/include/intn.h:258:10: warning: inline variables are only available with ‘-std=c++17’ or ‘-std=gnu++17’ [-Wc++17-extensions]
  258 |   static inline constexpr const bool has_infinity = false;
      |          ^~~~~~
/home/csrobot/.local/lib/python3.12/site-packages/tensorflow/include/ml_dtypes/include/intn.h:259:10: warning: inline variables are only available with ‘-std=c++17’ or ‘-std=gnu++17’ [-Wc++17-extensions]
  259 |   static inline constexpr const bool has_quiet_NaN = false;
      |          ^~~~~~
/home/csrobot/.local/lib/python3.12/site-packages/tensorflow/include/ml_dtypes/include/intn.h:260:10: warning: inline variables are only available with ‘-std=c++17’ or ‘-std=gnu++17’ [-Wc++17-extensions]
  260 |   static inline constexpr const bool has_signaling_NaN = false;
      |          ^~~~~~
/home/csrobot/.local/lib/python3.12/site-packages/tensorflow/include/ml_dtypes/include/intn.h:261:10: warning: inline variables are only available with ‘-std=c++17’ or ‘-std=gnu++17’ [-Wc++17-extensions]
  261 |   static inline constexpr const std::float_denorm_style has_denorm =
      |          ^~~~~~
/home/csrobot/.local/lib/python3.12/site-packages/tensorflow/include/ml_dtypes/include/intn.h:263:10: warning: inline variables are only available with ‘-std=c++17’ or ‘-std=gnu++17’ [-Wc++17-extensions]
  263 |   static inline constexpr const bool has_denorm_loss = false;
      |          ^~~~~~
/home/csrobot/.local/lib/python3.12/site-packages/tensorflow/include/ml_dtypes/include/intn.h:264:10: warning: inline variables are only available with ‘-std=c++17’ or ‘-std=gnu++17’ [-Wc++17-extensions]
  264 |   static inline constexpr const std::float_round_style round_style =
      |          ^~~~~~
/home/csrobot/.local/lib/python3.12/site-packages/tensorflow/include/ml_dtypes/include/intn.h:266:10: warning: inline variables are only available with ‘-std=c++17’ or ‘-std=gnu++17’ [-Wc++17-extensions]
  266 |   static inline constexpr const bool is_iec559 = false;
      |          ^~~~~~
/home/csrobot/.local/lib/python3.12/site-packages/tensorflow/include/ml_dtypes/include/intn.h:267:10: warning: inline variables are only available with ‘-std=c++17’ or ‘-std=gnu++17’ [-Wc++17-extensions]
  267 |   static inline constexpr const bool is_bounded = true;
      |          ^~~~~~
/home/csrobot/.local/lib/python3.12/site-packages/tensorflow/include/ml_dtypes/include/intn.h:268:10: warning: inline variables are only available with ‘-std=c++17’ or ‘-std=gnu++17’ [-Wc++17-extensions]
  268 |   static inline constexpr const int max_digits10 = 0;  // Not used for integers.
      |          ^~~~~~
/home/csrobot/.local/lib/python3.12/site-packages/tensorflow/include/ml_dtypes/include/intn.h:269:10: warning: inline variables are only available with ‘-std=c++17’ or ‘-std=gnu++17’ [-Wc++17-extensions]
  269 |   static inline constexpr const int radix = 2;
      |          ^~~~~~
/home/csrobot/.local/lib/python3.12/site-packages/tensorflow/include/ml_dtypes/include/intn.h:270:10: warning: inline variables are only available with ‘-std=c++17’ or ‘-std=gnu++17’ [-Wc++17-extensions]
  270 |   static inline constexpr const int min_exponent = 0;
      |          ^~~~~~
/home/csrobot/.local/lib/python3.12/site-packages/tensorflow/include/ml_dtypes/include/intn.h:271:10: warning: inline variables are only available with ‘-std=c++17’ or ‘-std=gnu++17’ [-Wc++17-extensions]
  271 |   static inline constexpr const int min_exponent10 = 0;
      |          ^~~~~~
/home/csrobot/.local/lib/python3.12/site-packages/tensorflow/include/ml_dtypes/include/intn.h:272:10: warning: inline variables are only available with ‘-std=c++17’ or ‘-std=gnu++17’ [-Wc++17-extensions]
  272 |   static inline constexpr const int max_exponent = 0;
      |          ^~~~~~
/home/csrobot/.local/lib/python3.12/site-packages/tensorflow/include/ml_dtypes/include/intn.h:273:10: warning: inline variables are only available with ‘-std=c++17’ or ‘-std=gnu++17’ [-Wc++17-extensions]
  273 |   static inline constexpr const int max_exponent10 = 0;
      |          ^~~~~~
/home/csrobot/.local/lib/python3.12/site-packages/tensorflow/include/ml_dtypes/include/intn.h:274:10: warning: inline variables are only available with ‘-std=c++17’ or ‘-std=gnu++17’ [-Wc++17-extensions]
  274 |   static inline constexpr const bool traps = true;
      |          ^~~~~~
/home/csrobot/.local/lib/python3.12/site-packages/tensorflow/include/ml_dtypes/include/intn.h:275:10: warning: inline variables are only available with ‘-std=c++17’ or ‘-std=gnu++17’ [-Wc++17-extensions]
  275 |   static inline constexpr const bool tinyness_before = false;
      |          ^~~~~~
/home/csrobot/.local/lib/python3.12/site-packages/tensorflow/include/ml_dtypes/include/intn.h:277:12: error: ‘is_signed_v’ is not a member of ‘std’; did you mean ‘is_signed’?
  277 |       std::is_signed_v<typename intN::underlying_type>;
      |            ^~~~~~~~~~~
      |            is_signed
/home/csrobot/.local/lib/python3.12/site-packages/tensorflow/include/ml_dtypes/include/intn.h:277:54: error: expected ‘(’ before ‘>’ token
  277 |       std::is_signed_v<typename intN::underlying_type>;
      |                                                      ^
      |                                                      (
/home/csrobot/.local/lib/python3.12/site-packages/tensorflow/include/ml_dtypes/include/intn.h:277:55: error: expected primary-expression before ‘;’ token
  277 |       std::is_signed_v<typename intN::underlying_type>;
      |                                                       ^
/home/csrobot/.local/lib/python3.12/site-packages/tensorflow/include/ml_dtypes/include/intn.h:276:10: warning: inline variables are only available with ‘-std=c++17’ or ‘-std=gnu++17’ [-Wc++17-extensions]
  276 |   static inline constexpr const bool is_signed =
      |          ^~~~~~
/home/csrobot/.local/lib/python3.12/site-packages/tensorflow/include/ml_dtypes/include/intn.h:278:10: warning: inline variables are only available with ‘-std=c++17’ or ‘-std=gnu++17’ [-Wc++17-extensions]
  278 |   static inline constexpr const bool is_modulo = !is_signed;
      |          ^~~~~~
/home/csrobot/.local/lib/python3.12/site-packages/tensorflow/include/ml_dtypes/include/intn.h:279:10: warning: inline variables are only available with ‘-std=c++17’ or ‘-std=gnu++17’ [-Wc++17-extensions]
  279 |   static inline constexpr const int digits = intN::digits;
      |          ^~~~~~
/home/csrobot/.local/lib/python3.12/site-packages/tensorflow/include/ml_dtypes/include/intn.h:281:10: warning: inline variables are only available with ‘-std=c++17’ or ‘-std=gnu++17’ [-Wc++17-extensions]
  281 |   static inline constexpr const int digits10 = (digits * 3) / 10;
      |          ^~~~~~
In file included from /home/csrobot/.local/lib/python3.12/site-packages/tensorflow/include/tsl/platform/ml_dtypes.h:21:
/home/csrobot/.local/lib/python3.12/site-packages/tensorflow/include/ml_dtypes/include/mxfloat.h:83:42: error: ‘ml_dtypes::float8_internal::RequiresIsDerivedFromFloat8Base’ has not been declared
   83 |   template <typename T, float8_internal::RequiresIsDerivedFromFloat8Base<T> = 0>
      |                                          ^~~~~~~~~~~~~~~~~~~~~~~~~~~~~~~
/home/csrobot/.local/lib/python3.12/site-packages/tensorflow/include/ml_dtypes/include/mxfloat.h:83:73: error: expected ‘>’ before ‘<’ token
   83 |   template <typename T, float8_internal::RequiresIsDerivedFromFloat8Base<T> = 0>
      |                                                                         ^
/home/csrobot/.local/lib/python3.12/site-packages/tensorflow/include/ml_dtypes/include/mxfloat.h:96:42: error: ‘ml_dtypes::float8_internal::RequiresIsDerivedFromFloat8Base’ has not been declared
   96 |   template <typename T, float8_internal::RequiresIsDerivedFromFloat8Base<T> = 0>
      |                                          ^~~~~~~~~~~~~~~~~~~~~~~~~~~~~~~
/home/csrobot/.local/lib/python3.12/site-packages/tensorflow/include/ml_dtypes/include/mxfloat.h:96:73: error: expected ‘>’ before ‘<’ token
   96 |   template <typename T, float8_internal::RequiresIsDerivedFromFloat8Base<T> = 0>
      |                                                                         ^
/home/csrobot/.local/lib/python3.12/site-packages/tensorflow/include/ml_dtypes/include/mxfloat.h:109:42: error: ‘ml_dtypes::float8_internal::RequiresIsDerivedFromFloat8Base’ has not been declared
  109 |   template <typename T, float8_internal::RequiresIsDerivedFromFloat8Base<T> = 0>
      |                                          ^~~~~~~~~~~~~~~~~~~~~~~~~~~~~~~
/home/csrobot/.local/lib/python3.12/site-packages/tensorflow/include/ml_dtypes/include/mxfloat.h:109:73: error: expected ‘>’ before ‘<’ token
  109 |   template <typename T, float8_internal::RequiresIsDerivedFromFloat8Base<T> = 0>
      |                                                                         ^
In file included from /home/csrobot/.local/lib/python3.12/site-packages/tensorflow/include/xla/tsl/platform/types.h:23:
/home/csrobot/.local/lib/python3.12/site-packages/tensorflow/include/tsl/platform/platform.h:94:1: warning: inline variables are only available with ‘-std=c++17’ or ‘-std=gnu++17’ [-Wc++17-extensions]
   94 | inline constexpr bool kIsOpenSource = TSL_IS_IN_OSS;
      | ^~~~~~
In file included from /home/csrobot/.local/lib/python3.12/site-packages/tensorflow/include/tensorflow/core/platform/mutex.h:22,
                 from /home/csrobot/.local/lib/python3.12/site-packages/tensorflow/include/tensorflow/core/platform/refcount.h:19,
                 from /home/csrobot/.local/lib/python3.12/site-packages/tensorflow/include/tensorflow/core/lib/core/refcount.h:19,
                 from /home/csrobot/.local/lib/python3.12/site-packages/tensorflow/include/tensorflow/core/framework/resource_base.h:24,
                 from /home/csrobot/.local/lib/python3.12/site-packages/tensorflow/include/tensorflow/core/framework/resource_handle.h:22,
                 from /home/csrobot/.local/lib/python3.12/site-packages/tensorflow/include/tensorflow/core/framework/types.h:30:
/home/csrobot/.local/lib/python3.12/site-packages/tensorflow/include/tsl/platform/mutex.h:105:24: warning: ‘mutex’ is deprecated: Use absl::Mutex instead. [-Wdeprecated-declarations]
  105 |   typedef ::tsl::mutex mutex_type;
      |                        ^~~~~~~~~~
/home/csrobot/.local/lib/python3.12/site-packages/tensorflow/include/tsl/platform/mutex.h:43:63: note: declared here
   43 | class TF_LOCKABLE ABSL_DEPRECATED("Use absl::Mutex instead.") mutex {
      |                                                               ^~~~~
/home/csrobot/.local/lib/python3.12/site-packages/tensorflow/include/tsl/platform/mutex.h:107:37: warning: ‘mutex_type’ is deprecated: Use absl::Mutex instead. [-Wdeprecated-declarations]
  107 |   explicit mutex_lock(mutex_type& mu) TF_EXCLUSIVE_LOCK_FUNCTION(mu)
      |                                     ^
/home/csrobot/.local/lib/python3.12/site-packages/tensorflow/include/tsl/platform/mutex.h:43:63: note: declared here
   43 | class TF_LOCKABLE ABSL_DEPRECATED("Use absl::Mutex instead.") mutex {
      |                                                               ^~~~~
/home/csrobot/.local/lib/python3.12/site-packages/tensorflow/include/tsl/platform/mutex.h:112:48: warning: ‘mutex_type’ is deprecated: Use absl::Mutex instead. [-Wdeprecated-declarations]
  112 |   mutex_lock(mutex_type& mu, std::try_to_lock_t) TF_EXCLUSIVE_LOCK_FUNCTION(mu)
      |                                                ^
/home/csrobot/.local/lib/python3.12/site-packages/tensorflow/include/tsl/platform/mutex.h:43:63: note: declared here
   43 | class TF_LOCKABLE ABSL_DEPRECATED("Use absl::Mutex instead.") mutex {
      |                                                               ^~~~~
/home/csrobot/.local/lib/python3.12/site-packages/tensorflow/include/tsl/platform/mutex.h:145:24: warning: ‘mutex’ is deprecated: Use absl::Mutex instead. [-Wdeprecated-declarations]
  145 |   typedef ::tsl::mutex mutex_type;
      |                        ^~~~~~~~~~
/home/csrobot/.local/lib/python3.12/site-packages/tensorflow/include/tsl/platform/mutex.h:43:63: note: declared here
   43 | class TF_LOCKABLE ABSL_DEPRECATED("Use absl::Mutex instead.") mutex {
      |                                                               ^~~~~
/home/csrobot/.local/lib/python3.12/site-packages/tensorflow/include/tsl/platform/mutex.h:147:41: warning: ‘mutex_type’ is deprecated: Use absl::Mutex instead. [-Wdeprecated-declarations]
  147 |   explicit tf_shared_lock(mutex_type& mu) TF_SHARED_LOCK_FUNCTION(mu)
      |                                         ^
/home/csrobot/.local/lib/python3.12/site-packages/tensorflow/include/tsl/platform/mutex.h:43:63: note: declared here
   43 | class TF_LOCKABLE ABSL_DEPRECATED("Use absl::Mutex instead.") mutex {
      |                                                               ^~~~~
/home/csrobot/.local/lib/python3.12/site-packages/tensorflow/include/tsl/platform/mutex.h:152:52: warning: ‘mutex_type’ is deprecated: Use absl::Mutex instead. [-Wdeprecated-declarations]
  152 |   tf_shared_lock(mutex_type& mu, std::try_to_lock_t) TF_SHARED_LOCK_FUNCTION(mu)
      |                                                    ^
/home/csrobot/.local/lib/python3.12/site-packages/tensorflow/include/tsl/platform/mutex.h:43:63: note: declared here
   43 | class TF_LOCKABLE ABSL_DEPRECATED("Use absl::Mutex instead.") mutex {
      |                                                               ^~~~~
/home/csrobot/.local/lib/python3.12/site-packages/tensorflow/include/tsl/platform/mutex.h:215:78: warning: ‘condition_variable’ is deprecated: Use absl::CondVar instead. [-Wdeprecated-declarations]
  215 |                                            condition_variable* cv, int64_t ms) {
      |                                                                              ^
/home/csrobot/.local/lib/python3.12/site-packages/tensorflow/include/tsl/platform/mutex.h:183:53: note: declared here
  183 | class ABSL_DEPRECATED("Use absl::CondVar instead.") condition_variable {
      |                                                     ^~~~~~~~~~~~~~~~~~
In file included from /home/csrobot/.local/lib/python3.12/site-packages/tensorflow/include/tensorflow/core/platform/refcount.h:20:
/home/csrobot/.local/lib/python3.12/site-packages/tensorflow/include/tsl/platform/refcount.h:158:19: warning: ‘mutex’ is deprecated: Use absl::Mutex instead. [-Wdeprecated-declarations]
  158 |     mutable mutex mu;
      |                   ^~
/home/csrobot/.local/lib/python3.12/site-packages/tensorflow/include/tsl/platform/mutex.h:43:63: note: declared here
   43 | class TF_LOCKABLE ABSL_DEPRECATED("Use absl::Mutex instead.") mutex {
      |                                                               ^~~~~
In file included from /home/csrobot/.local/lib/python3.12/site-packages/tensorflow/include/tensorflow/core/platform/numbers.h:23,
                 from /home/csrobot/.local/lib/python3.12/site-packages/tensorflow/include/tensorflow/core/platform/strcat.h:20,
                 from /home/csrobot/.local/lib/python3.12/site-packages/tensorflow/include/tensorflow/core/platform/errors.h:29,
                 from /home/csrobot/.local/lib/python3.12/site-packages/tensorflow/include/tensorflow/core/framework/resource_base.h:25:
/home/csrobot/.local/lib/python3.12/site-packages/tensorflow/include/tsl/platform/numbers.h:54:1: warning: inline variables are only available with ‘-std=c++17’ or ‘-std=gnu++17’ [-Wc++17-extensions]
   54 | inline constexpr int kFastToBufferSize = 32;
      | ^~~~~~
In file included from /home/csrobot/.local/lib/python3.12/site-packages/tensorflow/include/tensorflow/core/platform/strcat.h:23:
/home/csrobot/.local/lib/python3.12/site-packages/tensorflow/include/tsl/platform/strcat.h:108:19: warning: ‘using tsl::strings::Hex = struct absl::lts_20250127::Hex’ is deprecated [-Wdeprecated-declarations]
  108 |   AlphaNum(Hex hex);  // NOLINT(runtime/explicit)
      |                   ^
/home/csrobot/.local/lib/python3.12/site-packages/tensorflow/include/tsl/platform/strcat.h:81:7: note: declared here
   81 | using Hex ABSL_DEPRECATE_AND_INLINE() = absl::Hex;
      |       ^~~
In file included from /home/csrobot/.local/lib/python3.12/site-packages/tensorflow/include/tsl/platform/errors.h:19,
                 from /home/csrobot/.local/lib/python3.12/site-packages/tensorflow/include/tensorflow/core/platform/errors.h:30:
/home/csrobot/.local/lib/python3.12/site-packages/tensorflow/include/xla/tsl/platform/errors.h: In function ‘absl::lts_20250127::Status tsl::errors::Create(absl::lts_20250127::StatusCode, absl::lts_20250127::string_view, const std::unordered_map<std::__cxx11::basic_string<char>, std::__cxx11::basic_string<char> >&)’:
/home/csrobot/.local/lib/python3.12/site-packages/tensorflow/include/xla/tsl/platform/errors.h:154:17: warning: ‘tsl::Status’ is deprecated [-Wdeprecated-declarations]
  154 |   Status status(code, message);
      |                 ^~~~
In file included from /home/csrobot/.local/lib/python3.12/site-packages/tensorflow/include/tsl/platform/status.h:19,
                 from /home/csrobot/.local/lib/python3.12/site-packages/tensorflow/include/tensorflow/core/platform/status.h:25,
                 from /home/csrobot/.local/lib/python3.12/site-packages/tensorflow/include/tensorflow/core/platform/errors.h:27:
/home/csrobot/.local/lib/python3.12/site-packages/tensorflow/include/xla/tsl/platform/status.h:62:22: note: declared here
   62 | typedef absl::Status Status ABSL_DEPRECATE_AND_INLINE();
      |                      ^~~~~~
/home/csrobot/.local/lib/python3.12/site-packages/tensorflow/include/xla/tsl/platform/errors.h: At global scope:
/home/csrobot/.local/lib/python3.12/site-packages/tensorflow/include/xla/tsl/platform/errors.h:592:33: error: ‘is_convertible_v’ is not a member of ‘std’; did you mean ‘is_convertible’?
  592 |                           !std::is_convertible_v<T, absl::string_view>>>
      |                                 ^~~~~~~~~~~~~~~~
      |                                 is_convertible
/home/csrobot/.local/lib/python3.12/site-packages/tensorflow/include/xla/tsl/platform/errors.h:592:59: error: template argument 1 is invalid
  592 |                           !std::is_convertible_v<T, absl::string_view>>>
      |                                                           ^~~~~~~~~~~
/home/csrobot/.local/lib/python3.12/site-packages/tensorflow/include/xla/tsl/platform/errors.h:592:72: error: expected unqualified-id before ‘>’ token
  592 |                           !std::is_convertible_v<T, absl::string_view>>>
      |                                                                        ^
/home/csrobot/.local/lib/python3.12/site-packages/tensorflow/include/tensorflow/core/framework/resource_base.h: In member function ‘virtual absl::lts_20250127::Status tensorflow::ResourceBase::AsGraphDef(tensorflow::GraphDefBuilder*, tensorflow::Node**) const’:
/home/csrobot/.local/lib/python3.12/site-packages/tensorflow/include/tensorflow/core/framework/resource_base.h:56:33: warning: ‘absl::lts_20250127::Status tsl::errors::Unimplemented(Args ...) [with Args = {const char*, std::__cxx11::basic_string<char, std::char_traits<char>, std::allocator<char> >}]’ is deprecated: Use absl::UnimplementedError() instead. [-Wdeprecated-declarations]
   56 |     return errors::Unimplemented("AsGraphDef not implemented for resource ",
      |            ~~~~~~~~~~~~~~~~~~~~~^~~~~~~~~~~~~~~~~~~~~~~~~~~~~~~~~~~~~~~~~~~~
   57 |                                  DebugString());
      |                                  ~~~~~~~~~~~~~~
/home/csrobot/.local/lib/python3.12/site-packages/tensorflow/include/xla/tsl/platform/errors.h:404:14: note: declared here
  404 | absl::Status Unimplemented(Args... args) {
      |              ^~~~~~~~~~~~~
In file included from /home/csrobot/.local/lib/python3.12/site-packages/tensorflow/include/tensorflow/core/framework/resource_handle.h:23:
/home/csrobot/.local/lib/python3.12/site-packages/tensorflow/include/tensorflow/core/framework/tensor_shape.h: In member function ‘absl::lts_20250127::Status tensorflow::TensorShapeBase<Shape>::RemoveDimWithStatus(int64_t)’:
/home/csrobot/.local/lib/python3.12/site-packages/tensorflow/include/tensorflow/core/framework/tensor_shape.h:250:30: warning: ‘absl::lts_20250127::Status tsl::errors::Internal(Args ...) [with Args = {const char*, long int}]’ is deprecated: Use absl::InternalError() instead. [-Wdeprecated-declarations]
  250 |       return errors::Internal(
      |              ~~~~~~~~~~~~~~~~^
  251 |           "Expected dimension index to be non-negative, got ", d);
      |           ~~~~~~~~~~~~~~~~~~~~~~~~~~~~~~~~~~~~~~~~~~~~~~~~~~~~~~~
/home/csrobot/.local/lib/python3.12/site-packages/tensorflow/include/xla/tsl/platform/errors.h:417:14: note: declared here
  417 | absl::Status Internal(Args... args) {
      |              ^~~~~~~~
/home/csrobot/.local/lib/python3.12/site-packages/tensorflow/include/tensorflow/core/framework/tensor_shape.h: In member function ‘absl::lts_20250127::Status tensorflow::TensorShape::AsEigenDSizesWithStatus(Eigen::DSizes<IndexType, NumDims>*) const’:
/home/csrobot/.local/lib/python3.12/site-packages/tensorflow/include/tensorflow/core/framework/tensor_shape.h:681:28: warning: ‘absl::lts_20250127::Status tsl::errors::Internal(Args ...) [with Args = {const char*, int, const char*, int, const char*}]’ is deprecated: Use absl::InternalError() instead. [-Wdeprecated-declarations]
  681 |     return errors::Internal("Asking for tensor of ", NDIMS,
      |            ~~~~~~~~~~~~~~~~^~~~~~~~~~~~~~~~~~~~~~~~~~~~~~~~
  682 |                             " dimensions from a tensor of ", dims(),
      |                             ~~~~~~~~~~~~~~~~~~~~~~~~~~~~~~~~~~~~~~~~
  683 |                             " dimensions");
      |                             ~~~~~~~~~~~~~~
/home/csrobot/.local/lib/python3.12/site-packages/tensorflow/include/xla/tsl/platform/errors.h:417:14: note: declared here
  417 | absl::Status Internal(Args... args) {
      |              ^~~~~~~~
/home/csrobot/.local/lib/python3.12/site-packages/tensorflow/include/tensorflow/core/framework/tensor_shape.h: In member function ‘absl::lts_20250127::Status tensorflow::TensorShape::AsEigenDSizesWithPaddingWithStatus(Eigen::DSizes<IndexType, NumDims>*) const’:
/home/csrobot/.local/lib/python3.12/site-packages/tensorflow/include/tensorflow/core/framework/tensor_shape.h:699:28: warning: ‘absl::lts_20250127::Status tsl::errors::Internal(Args ...) [with Args = {const char*, int, const char*, int, const char*}]’ is deprecated: Use absl::InternalError() instead. [-Wdeprecated-declarations]
  699 |     return errors::Internal("Asking for tensor of at most ", NDIMS,
      |            ~~~~~~~~~~~~~~~~^~~~~~~~~~~~~~~~~~~~~~~~~~~~~~~~~~~~~~~~
  700 |                             " dimensions from a tensor of ", dims(),
      |                             ~~~~~~~~~~~~~~~~~~~~~~~~~~~~~~~~~~~~~~~~
  701 |                             " dimensions");
      |                             ~~~~~~~~~~~~~~
/home/csrobot/.local/lib/python3.12/site-packages/tensorflow/include/xla/tsl/platform/errors.h:417:14: note: declared here
  417 | absl::Status Internal(Args... args) {
      |              ^~~~~~~~
/home/csrobot/.local/lib/python3.12/site-packages/tensorflow/include/tensorflow/core/framework/resource_handle.h: At global scope:
/home/csrobot/.local/lib/python3.12/site-packages/tensorflow/include/tensorflow/core/framework/resource_handle.h:157:30: warning: ‘using tsl::StatusOr = class absl::lts_20250127::StatusOr<T*>’ is deprecated [-Wdeprecated-declarations]
  157 |   StatusOr<T*> GetResource() const {
      |                              ^~~~~
In file included from /home/csrobot/.local/lib/python3.12/site-packages/tensorflow/include/tsl/platform/statusor.h:19,
                 from /home/csrobot/.local/lib/python3.12/site-packages/tensorflow/include/tensorflow/core/platform/statusor.h:21,
                 from /home/csrobot/.local/lib/python3.12/site-packages/tensorflow/include/tensorflow/core/framework/tensor_shape.h:30:
/home/csrobot/.local/lib/python3.12/site-packages/tensorflow/include/xla/tsl/platform/statusor.h:94:7: note: declared here
   94 | using StatusOr ABSL_DEPRECATE_AND_INLINE() = absl::StatusOr<T>;
      |       ^~~~~~~~
/home/csrobot/.local/lib/python3.12/site-packages/tensorflow/include/tensorflow/core/framework/resource_handle.h:184:8: error: ‘optional’ in namespace ‘std’ does not name a template type
  184 |   std::optional<ManagedStackTrace> definition_stack_trace_;
      |        ^~~~~~~~
/home/csrobot/.local/lib/python3.12/site-packages/tensorflow/include/tensorflow/core/framework/resource_handle.h:184:3: note: ‘std::optional’ is only available from C++17 onwards
  184 |   std::optional<ManagedStackTrace> definition_stack_trace_;
      |   ^~~
/home/csrobot/.local/lib/python3.12/site-packages/tensorflow/include/tensorflow/core/framework/resource_handle.h: In member function ‘void tensorflow::ResourceHandle::set_definition_stack_trace(const absl::lts_20250127::optional<tensorflow::ManagedStackTrace>&)’:
/home/csrobot/.local/lib/python3.12/site-packages/tensorflow/include/tensorflow/core/framework/resource_handle.h:91:5: error: ‘definition_stack_trace_’ was not declared in this scope; did you mean ‘definition_stack_trace’?
   91 |     definition_stack_trace_ = definition_stack_trace;
      |     ^~~~~~~~~~~~~~~~~~~~~~~
      |     definition_stack_trace
/home/csrobot/.local/lib/python3.12/site-packages/tensorflow/include/tensorflow/core/framework/resource_handle.h: In member function ‘const absl::lts_20250127::optional<tensorflow::ManagedStackTrace>& tensorflow::ResourceHandle::definition_stack_trace() const’:
/home/csrobot/.local/lib/python3.12/site-packages/tensorflow/include/tensorflow/core/framework/resource_handle.h:95:12: error: ‘definition_stack_trace_’ was not declared in this scope; did you mean ‘definition_stack_trace’?
   95 |     return definition_stack_trace_;
      |            ^~~~~~~~~~~~~~~~~~~~~~~
      |            definition_stack_trace
In file included from /home/csrobot/.local/lib/python3.12/site-packages/tensorflow/include/tensorflow/core/framework/allocator.h:26,
                 from /home/csrobot/.local/lib/python3.12/site-packages/tensorflow/include/tensorflow/core/framework/tensor.h:27,
                 from /home/csrobot/.local/lib/python3.12/site-packages/tensorflow/include/tensorflow/core/framework/attr_value_util.h:24,
                 from /home/csrobot/.local/lib/python3.12/site-packages/tensorflow/include/tensorflow/core/framework/node_def_util.h:23,
                 from /home/csrobot/.local/lib/python3.12/site-packages/tensorflow/include/tensorflow/core/framework/full_type_util.h:24,
                 from /home/csrobot/.local/lib/python3.12/site-packages/tensorflow/include/tensorflow/core/framework/op.h:28:
/home/csrobot/.local/lib/python3.12/site-packages/tensorflow/include/xla/tsl/framework/allocator.h: At global scope:
/home/csrobot/.local/lib/python3.12/site-packages/tensorflow/include/xla/tsl/framework/allocator.h:79:8: error: ‘optional’ in namespace ‘std’ does not name a template type
   79 |   std::optional<int64_t> bytes_limit;
      |        ^~~~~~~~
/home/csrobot/.local/lib/python3.12/site-packages/tensorflow/include/xla/tsl/framework/allocator.h:79:3: note: ‘std::optional’ is only available from C++17 onwards
   79 |   std::optional<int64_t> bytes_limit;
      |   ^~~
/home/csrobot/.local/lib/python3.12/site-packages/tensorflow/include/xla/tsl/framework/allocator.h:86:8: error: ‘optional’ in namespace ‘std’ does not name a template type
   86 |   std::optional<int64_t> bytes_reservable_limit;
      |        ^~~~~~~~
/home/csrobot/.local/lib/python3.12/site-packages/tensorflow/include/xla/tsl/framework/allocator.h:86:3: note: ‘std::optional’ is only available from C++17 onwards
   86 |   std::optional<int64_t> bytes_reservable_limit;
      |   ^~~
/home/csrobot/.local/lib/python3.12/site-packages/tensorflow/include/xla/tsl/framework/allocator.h:92:8: error: ‘optional’ in namespace ‘std’ does not name a template type
   92 |   std::optional<int64_t> pool_bytes;
      |        ^~~~~~~~
/home/csrobot/.local/lib/python3.12/site-packages/tensorflow/include/xla/tsl/framework/allocator.h:92:3: note: ‘std::optional’ is only available from C++17 onwards
   92 |   std::optional<int64_t> pool_bytes;
      |   ^~~
/home/csrobot/.local/lib/python3.12/site-packages/tensorflow/include/xla/tsl/framework/allocator.h:93:8: error: ‘optional’ in namespace ‘std’ does not name a template type
   93 |   std::optional<int64_t> peak_pool_bytes;
      |        ^~~~~~~~
/home/csrobot/.local/lib/python3.12/site-packages/tensorflow/include/xla/tsl/framework/allocator.h:93:3: note: ‘std::optional’ is only available from C++17 onwards
   93 |   std::optional<int64_t> peak_pool_bytes;
      |   ^~~
/home/csrobot/.local/lib/python3.12/site-packages/tensorflow/include/xla/tsl/framework/allocator.h:226:16: error: ‘optional’ in namespace ‘std’ does not name a template type
  226 |   virtual std::optional<AllocatorStats> GetStats() { return std::nullopt; }
      |                ^~~~~~~~
/home/csrobot/.local/lib/python3.12/site-packages/tensorflow/include/xla/tsl/framework/allocator.h:226:11: note: ‘std::optional’ is only available from C++17 onwards
  226 |   virtual std::optional<AllocatorStats> GetStats() { return std::nullopt; }
      |           ^~~
/home/csrobot/.local/lib/python3.12/site-packages/tensorflow/include/tensorflow/core/framework/tensor.h: In static member function ‘static void tensorflow::Tensor::ValueAndTensorBuffer<T>::HostScalarTensorBuffer::operator delete(void*)’:
/home/csrobot/.local/lib/python3.12/site-packages/tensorflow/include/tensorflow/core/framework/tensor.h:1074:12: error: ‘byte’ is not a member of ‘std’
 1074 |       std::byte dummy_storage_[sizeof(Tensor::ValueAndTensorBuffer<T>)];
      |            ^~~~
/home/csrobot/.local/lib/python3.12/site-packages/tensorflow/include/tensorflow/core/framework/tensor.h:1074:12: note: ‘std::byte’ is only available from C++17 onwards
/home/csrobot/.local/lib/python3.12/site-packages/tensorflow/include/tensorflow/core/framework/tensor.h:1073:3: warning: attributes at the beginning of statement are ignored [-Wattributes]
 1073 |   alignas(Tensor::ValueAndTensorBuffer<T>)
      |   ^~~~~~~~~~~~~~~~~~~~~~~~~~~~~~~~~~~~~~~~
/home/csrobot/.local/lib/python3.12/site-packages/tensorflow/include/tensorflow/core/framework/tensor.h:1076:59: error: ‘dummy_storage_’ was not declared in this scope
 1076 |       reinterpret_cast<Tensor::ValueAndTensorBuffer<T>*>(&dummy_storage_);
      |                                                           ^~~~~~~~~~~~~~
In file included from /home/csrobot/.local/lib/python3.12/site-packages/tensorflow/include/tensorflow/core/util/padding.h:26,
                 from /home/csrobot/.local/lib/python3.12/site-packages/tensorflow/include/tensorflow/core/framework/node_def_util.h:39:
/home/csrobot/.local/lib/python3.12/site-packages/tensorflow/include/tensorflow/core/util/tensor_format.h: At global scope:
/home/csrobot/.local/lib/python3.12/site-packages/tensorflow/include/tensorflow/core/util/tensor_format.h:438:58: warning: ‘using tensorflow::gtl::ArraySlice = class absl::lts_20250127::Span<const T>’ is deprecated [-Wdeprecated-declarations]
  438 |                TensorFormat tensor_format, char dimension) {
      |                                                          ^
In file included from /home/csrobot/.local/lib/python3.12/site-packages/tensorflow/include/tensorflow/core/framework/tensor_shape.h:23:
/home/csrobot/.local/lib/python3.12/site-packages/tensorflow/include/tensorflow/core/lib/gtl/array_slice.h:34:7: note: declared here
   34 | using ArraySlice ABSL_DEPRECATE_AND_INLINE() = absl::Span<const T>;
      |       ^~~~~~~~~~
/home/csrobot/.local/lib/python3.12/site-packages/tensorflow/include/tensorflow/core/util/tensor_format.h:448:71: warning: ‘using tensorflow::gtl::ArraySlice = class absl::lts_20250127::Span<const T>’ is deprecated [-Wdeprecated-declarations]
  448 |                FilterTensorFormat filter_tensor_format, char dimension) {
      |                                                                       ^
/home/csrobot/.local/lib/python3.12/site-packages/tensorflow/include/tensorflow/core/lib/gtl/array_slice.h:34:7: note: declared here
   34 | using ArraySlice ABSL_DEPRECATE_AND_INLINE() = absl::Span<const T>;
      |       ^~~~~~~~~~
/home/csrobot/.local/lib/python3.12/site-packages/tensorflow/include/tensorflow/core/framework/node_def_util.h:268:73: warning: ‘using tsl::StatusOr = class absl::lts_20250127::StatusOr<T>’ is deprecated [-Wdeprecated-declarations]
  268 | StatusOr<T> GetNodeAttr(const NodeDef& ndef, absl::string_view attr_name) {
      |                                                                         ^
/home/csrobot/.local/lib/python3.12/site-packages/tensorflow/include/xla/tsl/platform/statusor.h:94:7: note: declared here
   94 | using StatusOr ABSL_DEPRECATE_AND_INLINE() = absl::StatusOr<T>;
      |       ^~~~~~~~
/home/csrobot/.local/lib/python3.12/site-packages/tensorflow/include/tensorflow/core/framework/op.h:164:17: warning: ‘mutex’ is deprecated: Use absl::Mutex instead. [-Wdeprecated-declarations]
  164 |   mutable mutex mu_;
      |                 ^~~
/home/csrobot/.local/lib/python3.12/site-packages/tensorflow/include/tsl/platform/mutex.h:43:63: note: declared here
   43 | class TF_LOCKABLE ABSL_DEPRECATED("Use absl::Mutex instead.") mutex {
      |                                                               ^~~~~
In file included from /home/csrobot/.local/lib/python3.12/site-packages/tensorflow/include/tsl/platform/file_system.h:19,
                 from /home/csrobot/.local/lib/python3.12/site-packages/tensorflow/include/tensorflow/core/platform/file_system.h:34,
                 from /home/csrobot/.local/lib/python3.12/site-packages/tensorflow/include/tensorflow/core/platform/env.h:28,
                 from /home/csrobot/.local/lib/python3.12/site-packages/tensorflow/include/tensorflow/core/platform/threadpool.h:23,
                 from /home/csrobot/.local/lib/python3.12/site-packages/tensorflow/include/tensorflow/core/framework/device_base.h:33,
                 from /home/csrobot/.local/lib/python3.12/site-packages/tensorflow/include/tensorflow/core/framework/op_kernel.h:32,
                 from tf_sampling.cpp:7:
/home/csrobot/.local/lib/python3.12/site-packages/tensorflow/include/xla/tsl/platform/file_system.h: In member function ‘virtual absl::lts_20250127::Status tsl::FileSystem::SetOption(const std::string&, const std::string&)’:
/home/csrobot/.local/lib/python3.12/site-packages/tensorflow/include/xla/tsl/platform/file_system.h:532:33: warning: ‘absl::lts_20250127::Status tsl::errors::Unimplemented(Args ...) [with Args = {const char*}]’ is deprecated: Use absl::UnimplementedError() instead. [-Wdeprecated-declarations]
  532 |     return errors::Unimplemented("SetOption");
      |            ~~~~~~~~~~~~~~~~~~~~~^~~~~~~~~~~~~
/home/csrobot/.local/lib/python3.12/site-packages/tensorflow/include/xla/tsl/platform/errors.h:404:14: note: declared here
  404 | absl::Status Unimplemented(Args... args) {
      |              ^~~~~~~~~~~~~
/home/csrobot/.local/lib/python3.12/site-packages/tensorflow/include/xla/tsl/platform/file_system.h: In member function ‘virtual absl::lts_20250127::Status tsl::FileSystem::SetOption(const std::string&, const std::vector<std::__cxx11::basic_string<char> >&)’:
/home/csrobot/.local/lib/python3.12/site-packages/tensorflow/include/xla/tsl/platform/file_system.h:538:33: warning: ‘absl::lts_20250127::Status tsl::errors::Unimplemented(Args ...) [with Args = {const char*}]’ is deprecated: Use absl::UnimplementedError() instead. [-Wdeprecated-declarations]
  538 |     return errors::Unimplemented("SetOption");
      |            ~~~~~~~~~~~~~~~~~~~~~^~~~~~~~~~~~~
/home/csrobot/.local/lib/python3.12/site-packages/tensorflow/include/xla/tsl/platform/errors.h:404:14: note: declared here
  404 | absl::Status Unimplemented(Args... args) {
      |              ^~~~~~~~~~~~~
/home/csrobot/.local/lib/python3.12/site-packages/tensorflow/include/xla/tsl/platform/file_system.h: In member function ‘virtual absl::lts_20250127::Status tsl::FileSystem::SetOption(const std::string&, const std::vector<long int>&)’:
/home/csrobot/.local/lib/python3.12/site-packages/tensorflow/include/xla/tsl/platform/file_system.h:544:33: warning: ‘absl::lts_20250127::Status tsl::errors::Unimplemented(Args ...) [with Args = {const char*}]’ is deprecated: Use absl::UnimplementedError() instead. [-Wdeprecated-declarations]
  544 |     return errors::Unimplemented("SetOption");
      |            ~~~~~~~~~~~~~~~~~~~~~^~~~~~~~~~~~~
/home/csrobot/.local/lib/python3.12/site-packages/tensorflow/include/xla/tsl/platform/errors.h:404:14: note: declared here
  404 | absl::Status Unimplemented(Args... args) {
      |              ^~~~~~~~~~~~~
/home/csrobot/.local/lib/python3.12/site-packages/tensorflow/include/xla/tsl/platform/file_system.h: In member function ‘virtual absl::lts_20250127::Status tsl::FileSystem::SetOption(const std::string&, const std::vector<double>&)’:
/home/csrobot/.local/lib/python3.12/site-packages/tensorflow/include/xla/tsl/platform/file_system.h:550:33: warning: ‘absl::lts_20250127::Status tsl::errors::Unimplemented(Args ...) [with Args = {const char*}]’ is deprecated: Use absl::UnimplementedError() instead. [-Wdeprecated-declarations]
  550 |     return errors::Unimplemented("SetOption");
      |            ~~~~~~~~~~~~~~~~~~~~~^~~~~~~~~~~~~
/home/csrobot/.local/lib/python3.12/site-packages/tensorflow/include/xla/tsl/platform/errors.h:404:14: note: declared here
  404 | absl::Status Unimplemented(Args... args) {
      |              ^~~~~~~~~~~~~
/home/csrobot/.local/lib/python3.12/site-packages/tensorflow/include/xla/tsl/platform/file_system.h: In member function ‘virtual absl::lts_20250127::Status tsl::FileSystem::SetFileAcl(std::shared_ptr<tsl::FileAcl>)’:
/home/csrobot/.local/lib/python3.12/site-packages/tensorflow/include/xla/tsl/platform/file_system.h:557:33: warning: ‘absl::lts_20250127::Status tsl::errors::Unimplemented(Args ...) [with Args = {const char*}]’ is deprecated: Use absl::UnimplementedError() instead. [-Wdeprecated-declarations]
  557 |     return errors::Unimplemented("SetFileAcl");
      |            ~~~~~~~~~~~~~~~~~~~~~^~~~~~~~~~~~~~
/home/csrobot/.local/lib/python3.12/site-packages/tensorflow/include/xla/tsl/platform/errors.h:404:14: note: declared here
  404 | absl::Status Unimplemented(Args... args) {
      |              ^~~~~~~~~~~~~
/home/csrobot/.local/lib/python3.12/site-packages/tensorflow/include/xla/tsl/platform/file_system.h: In member function ‘virtual absl::lts_20250127::Status tsl::RandomAccessFile::Name(absl::lts_20250127::string_view*) const’:
/home/csrobot/.local/lib/python3.12/site-packages/tensorflow/include/xla/tsl/platform/file_system.h:771:33: warning: ‘absl::lts_20250127::Status tsl::errors::Unimplemented(Args ...) [with Args = {const char*}]’ is deprecated: Use absl::UnimplementedError() instead. [-Wdeprecated-declarations]
  771 |     return errors::Unimplemented("This filesystem does not support Name()");
      |            ~~~~~~~~~~~~~~~~~~~~~^~~~~~~~~~~~~~~~~~~~~~~~~~~~~~~~~~~~~~~~~~~
/home/csrobot/.local/lib/python3.12/site-packages/tensorflow/include/xla/tsl/platform/errors.h:404:14: note: declared here
  404 | absl::Status Unimplemented(Args... args) {
      |              ^~~~~~~~~~~~~
/home/csrobot/.local/lib/python3.12/site-packages/tensorflow/include/xla/tsl/platform/file_system.h: In member function ‘virtual absl::lts_20250127::Status tsl::RandomAccessFile::Read(tsl::uint64, absl::lts_20250127::string_view&, absl::lts_20250127::Span<char>) const’:
/home/csrobot/.local/lib/python3.12/site-packages/tensorflow/include/xla/tsl/platform/file_system.h:811:16: warning: ‘virtual absl::lts_20250127::Status tsl::RandomAccessFile::Read(tsl::uint64, size_t, absl::lts_20250127::string_view*, char*) const’ is deprecated [-Wdeprecated-declarations]
  811 |     return Read(offset, scratch.size(), &result, scratch.data());
      |            ~~~~^~~~~~~~~~~~~~~~~~~~~~~~~~~~~~~~~~~~~~~~~~~~~~~~~
/home/csrobot/.local/lib/python3.12/site-packages/tensorflow/include/xla/tsl/platform/file_system.h:790:24: note: declared here
  790 |   virtual absl::Status Read(uint64 offset, size_t n, absl::string_view* result,
      |                        ^~~~
/home/csrobot/.local/lib/python3.12/site-packages/tensorflow/include/xla/tsl/platform/file_system.h: In member function ‘virtual absl::lts_20250127::Status tsl::RandomAccessFile::Read(tsl::uint64, size_t, absl::lts_20250127::Cord*) const’:
/home/csrobot/.local/lib/python3.12/site-packages/tensorflow/include/xla/tsl/platform/file_system.h:817:33: warning: ‘absl::lts_20250127::Status tsl::errors::Unimplemented(Args ...) [with Args = {const char*}]’ is deprecated: Use absl::UnimplementedError() instead. [-Wdeprecated-declarations]
  817 |     return errors::Unimplemented(
      |            ~~~~~~~~~~~~~~~~~~~~~^
  818 |         "Read(uint64, size_t, absl::Cord*) is not "
      |         ~~~~~~~~~~~~~~~~~~~~~~~~~~~~~~~~~~~~~~~~~~~
  819 |         "implemented");
      |         ~~~~~~~~~~~~~~           
/home/csrobot/.local/lib/python3.12/site-packages/tensorflow/include/xla/tsl/platform/errors.h:404:14: note: declared here
  404 | absl::Status Unimplemented(Args... args) {
      |              ^~~~~~~~~~~~~
/home/csrobot/.local/lib/python3.12/site-packages/tensorflow/include/xla/tsl/platform/file_system.h: In member function ‘virtual absl::lts_20250127::Status tsl::WritableFile::Name(absl::lts_20250127::string_view*) const’:
/home/csrobot/.local/lib/python3.12/site-packages/tensorflow/include/xla/tsl/platform/file_system.h:876:33: warning: ‘absl::lts_20250127::Status tsl::errors::Unimplemented(Args ...) [with Args = {const char*}]’ is deprecated: Use absl::UnimplementedError() instead. [-Wdeprecated-declarations]
  876 |     return errors::Unimplemented("This filesystem does not support Name()");
      |            ~~~~~~~~~~~~~~~~~~~~~^~~~~~~~~~~~~~~~~~~~~~~~~~~~~~~~~~~~~~~~~~~
/home/csrobot/.local/lib/python3.12/site-packages/tensorflow/include/xla/tsl/platform/errors.h:404:14: note: declared here
  404 | absl::Status Unimplemented(Args... args) {
      |              ^~~~~~~~~~~~~
/home/csrobot/.local/lib/python3.12/site-packages/tensorflow/include/xla/tsl/platform/file_system.h: In member function ‘virtual absl::lts_20250127::Status tsl::WritableFile::Tell(int64_t*)’:
/home/csrobot/.local/lib/python3.12/site-packages/tensorflow/include/xla/tsl/platform/file_system.h:894:33: warning: ‘absl::lts_20250127::Status tsl::errors::Unimplemented(Args ...) [with Args = {const char*}]’ is deprecated: Use absl::UnimplementedError() instead. [-Wdeprecated-declarations]
  894 |     return errors::Unimplemented("This filesystem does not support Tell()");
      |            ~~~~~~~~~~~~~~~~~~~~~^~~~~~~~~~~~~~~~~~~~~~~~~~~~~~~~~~~~~~~~~~~
/home/csrobot/.local/lib/python3.12/site-packages/tensorflow/include/xla/tsl/platform/errors.h:404:14: note: declared here
  404 | absl::Status Unimplemented(Args... args) {
      |              ^~~~~~~~~~~~~
In file included from /home/csrobot/.local/lib/python3.12/site-packages/tensorflow/include/tsl/platform/env.h:19,
                 from /home/csrobot/.local/lib/python3.12/site-packages/tensorflow/include/tensorflow/core/platform/env.h:37:
/home/csrobot/.local/lib/python3.12/site-packages/tensorflow/include/xla/tsl/platform/env.h: In function ‘absl::lts_20250127::Status tsl::WriteTextProto(Env*, const std::string&, const google::protobuf::MessageLite&)’:
/home/csrobot/.local/lib/python3.12/site-packages/tensorflow/include/xla/tsl/platform/env.h:661:31: warning: ‘absl::lts_20250127::Status tsl::errors::Unimplemented(Args ...) [with Args = {const char*}]’ is deprecated: Use absl::UnimplementedError() instead. [-Wdeprecated-declarations]
  661 |   return errors::Unimplemented("Can't write text protos with protolite.");
      |          ~~~~~~~~~~~~~~~~~~~~~^~~~~~~~~~~~~~~~~~~~~~~~~~~~~~~~~~~~~~~~~~~
/home/csrobot/.local/lib/python3.12/site-packages/tensorflow/include/xla/tsl/platform/errors.h:404:14: note: declared here
  404 | absl::Status Unimplemented(Args... args) {
      |              ^~~~~~~~~~~~~
/home/csrobot/.local/lib/python3.12/site-packages/tensorflow/include/xla/tsl/platform/env.h: In function ‘absl::lts_20250127::Status tsl::ReadTextProto(Env*, const std::string&, google::protobuf::MessageLite*)’:
/home/csrobot/.local/lib/python3.12/site-packages/tensorflow/include/xla/tsl/platform/env.h:671:31: warning: ‘absl::lts_20250127::Status tsl::errors::Unimplemented(Args ...) [with Args = {const char*}]’ is deprecated: Use absl::UnimplementedError() instead. [-Wdeprecated-declarations]
  671 |   return errors::Unimplemented("Can't parse text protos with protolite.");
      |          ~~~~~~~~~~~~~~~~~~~~~^~~~~~~~~~~~~~~~~~~~~~~~~~~~~~~~~~~~~~~~~~~
/home/csrobot/.local/lib/python3.12/site-packages/tensorflow/include/xla/tsl/platform/errors.h:404:14: note: declared here
  404 | absl::Status Unimplemented(Args... args) {
      |              ^~~~~~~~~~~~~
In file included from /home/csrobot/.local/lib/python3.12/site-packages/tensorflow/include/tsl/platform/threadpool.h:19,
                 from /home/csrobot/.local/lib/python3.12/site-packages/tensorflow/include/tensorflow/core/platform/threadpool.h:27:
/home/csrobot/.local/lib/python3.12/site-packages/tensorflow/include/xla/tsl/platform/threadpool.h: At global scope:
/home/csrobot/.local/lib/python3.12/site-packages/tensorflow/include/xla/tsl/platform/threadpool.h:89:36: error: ‘std::optional’ has not been declared
   89 |                               std::optional<int64_t> cost_per_unit,
      |                                    ^~~~~~~~
/home/csrobot/.local/lib/python3.12/site-packages/tensorflow/include/xla/tsl/platform/threadpool.h:89:44: error: expected ‘,’ or ‘...’ before ‘<’ token
   89 |                               std::optional<int64_t> cost_per_unit,
      |                                            ^
/home/csrobot/.local/lib/python3.12/site-packages/tensorflow/include/xla/tsl/platform/threadpool.h:96:10: error: ‘optional’ in namespace ‘std’ does not name a template type
   96 |     std::optional<int64_t> cost_per_unit() const { return cost_per_unit_; }
      |          ^~~~~~~~
/home/csrobot/.local/lib/python3.12/site-packages/tensorflow/include/xla/tsl/platform/threadpool.h:96:5: note: ‘std::optional’ is only available from C++17 onwards
   96 |     std::optional<int64_t> cost_per_unit() const { return cost_per_unit_; }
      |     ^~~
/home/csrobot/.local/lib/python3.12/site-packages/tensorflow/include/xla/tsl/platform/threadpool.h:97:10: error: ‘optional’ in namespace ‘std’ does not name a template type
   97 |     std::optional<int64_t> block_size() const { return block_size_; }
      |          ^~~~~~~~
/home/csrobot/.local/lib/python3.12/site-packages/tensorflow/include/xla/tsl/platform/threadpool.h:97:5: note: ‘std::optional’ is only available from C++17 onwards
   97 |     std::optional<int64_t> block_size() const { return block_size_; }
      |     ^~~
/home/csrobot/.local/lib/python3.12/site-packages/tensorflow/include/xla/tsl/platform/threadpool.h:107:10: error: ‘optional’ in namespace ‘std’ does not name a template type
  107 |     std::optional<int64_t> cost_per_unit_;
      |          ^~~~~~~~
/home/csrobot/.local/lib/python3.12/site-packages/tensorflow/include/xla/tsl/platform/threadpool.h:107:5: note: ‘std::optional’ is only available from C++17 onwards
  107 |     std::optional<int64_t> cost_per_unit_;
      |     ^~~
/home/csrobot/.local/lib/python3.12/site-packages/tensorflow/include/xla/tsl/platform/threadpool.h:111:10: error: ‘optional’ in namespace ‘std’ does not name a template type
  111 |     std::optional<int64_t> block_size_;
      |          ^~~~~~~~
/home/csrobot/.local/lib/python3.12/site-packages/tensorflow/include/xla/tsl/platform/threadpool.h:111:5: note: ‘std::optional’ is only available from C++17 onwards
  111 |     std::optional<int64_t> block_size_;
      |     ^~~
/home/csrobot/.local/lib/python3.12/site-packages/tensorflow/include/xla/tsl/platform/threadpool.h: In static member function ‘static tsl::thread::ThreadPool::SchedulingParams tsl::thread::ThreadPool::SchedulingParams::Fixed(int64_t)’:
/home/csrobot/.local/lib/python3.12/site-packages/tensorflow/include/xla/tsl/platform/threadpool.h:78:73: error: ‘nullopt’ is not a member of ‘std’
   78 |       return SchedulingParams(SchedulingStrategy::kFixedBlockSize, std::nullopt,
      |                                                                         ^~~~~~~
/home/csrobot/.local/lib/python3.12/site-packages/tensorflow/include/xla/tsl/platform/threadpool.h:78:73: note: ‘std::nullopt’ is only available from C++17 onwards
/home/csrobot/.local/lib/python3.12/site-packages/tensorflow/include/xla/tsl/platform/threadpool.h: In static member function ‘static tsl::thread::ThreadPool::SchedulingParams tsl::thread::ThreadPool::SchedulingParams::Adaptive(int64_t)’:
/home/csrobot/.local/lib/python3.12/site-packages/tensorflow/include/xla/tsl/platform/threadpool.h:84:36: error: ‘nullopt’ is not a member of ‘std’
   84 |                               std::nullopt);
      |                                    ^~~~~~~
/home/csrobot/.local/lib/python3.12/site-packages/tensorflow/include/xla/tsl/platform/threadpool.h:84:36: note: ‘std::nullopt’ is only available from C++17 onwards
/home/csrobot/.local/lib/python3.12/site-packages/tensorflow/include/xla/tsl/platform/threadpool.h: In constructor ‘tsl::thread::ThreadPool::SchedulingParams::SchedulingParams(tsl::thread::ThreadPool::SchedulingStrategy, int)’:
/home/csrobot/.local/lib/python3.12/site-packages/tensorflow/include/xla/tsl/platform/threadpool.h:92:11: error: class ‘tsl::thread::ThreadPool::SchedulingParams’ does not have any field named ‘cost_per_unit_’
   92 |           cost_per_unit_(cost_per_unit),
      |           ^~~~~~~~~~~~~~
/home/csrobot/.local/lib/python3.12/site-packages/tensorflow/include/xla/tsl/platform/threadpool.h:92:26: error: ‘cost_per_unit’ was not declared in this scope
   92 |           cost_per_unit_(cost_per_unit),
      |                          ^~~~~~~~~~~~~
/home/csrobot/.local/lib/python3.12/site-packages/tensorflow/include/xla/tsl/platform/threadpool.h:93:11: error: class ‘tsl::thread::ThreadPool::SchedulingParams’ does not have any field named ‘block_size_’
   93 |           block_size_(block_size) {}
      |           ^~~~~~~~~~~
/home/csrobot/.local/lib/python3.12/site-packages/tensorflow/include/xla/tsl/platform/threadpool.h:93:23: error: ‘block_size’ was not declared in this scope
   93 |           block_size_(block_size) {}
      |                       ^~~~~~~~~~
/home/csrobot/.local/lib/python3.12/site-packages/tensorflow/include/tensorflow/core/framework/device_base.h: In member function ‘virtual void tensorflow::DeviceContext::CopyCPUTensorToDevice(const tensorflow::Tensor*, tensorflow::Device*, tensorflow::Tensor*, tsl::StatusCallback, bool) const’:
/home/csrobot/.local/lib/python3.12/site-packages/tensorflow/include/tensorflow/core/framework/device_base.h:85:26: warning: ‘absl::lts_20250127::Status tsl::errors::Internal(Args ...) [with Args = {const char*}]’ is deprecated: Use absl::InternalError() instead. [-Wdeprecated-declarations]
   85 |     done(errors::Internal("Unrecognized device type in CPU-to-device Copy"));
      |          ~~~~~~~~~~~~~~~~^~~~~~~~~~~~~~~~~~~~~~~~~~~~~~~~~~~~~~~~~~~~~~~~~~
/home/csrobot/.local/lib/python3.12/site-packages/tensorflow/include/xla/tsl/platform/errors.h:417:14: note: declared here
  417 | absl::Status Internal(Args... args) {
      |              ^~~~~~~~
/home/csrobot/.local/lib/python3.12/site-packages/tensorflow/include/tensorflow/core/framework/device_base.h: In member function ‘virtual void tensorflow::DeviceContext::CopyTensorInSameDevice(const tensorflow::Tensor*, tensorflow::Device*, tensorflow::Tensor*, tsl::StatusCallback) const’:
/home/csrobot/.local/lib/python3.12/site-packages/tensorflow/include/tensorflow/core/framework/device_base.h:97:31: warning: ‘absl::lts_20250127::Status tsl::errors::Unimplemented(Args ...) [with Args = {const char*}]’ is deprecated: Use absl::UnimplementedError() instead. [-Wdeprecated-declarations]
   97 |     done(errors::Unimplemented("Copy in same device not implemented."));
      |          ~~~~~~~~~~~~~~~~~~~~~^~~~~~~~~~~~~~~~~~~~~~~~~~~~~~~~~~~~~~~~
/home/csrobot/.local/lib/python3.12/site-packages/tensorflow/include/xla/tsl/platform/errors.h:404:14: note: declared here
  404 | absl::Status Unimplemented(Args... args) {
      |              ^~~~~~~~~~~~~
/home/csrobot/.local/lib/python3.12/site-packages/tensorflow/include/tensorflow/core/framework/device_base.h: In member function ‘virtual void tensorflow::DeviceContext::CopyDeviceTensorToCPU(const tensorflow::Tensor*, absl::lts_20250127::string_view, tensorflow::Device*, tensorflow::Tensor*, tsl::StatusCallback)’:
/home/csrobot/.local/lib/python3.12/site-packages/tensorflow/include/tensorflow/core/framework/device_base.h:107:26: warning: ‘absl::lts_20250127::Status tsl::errors::Internal(Args ...) [with Args = {const char*}]’ is deprecated: Use absl::InternalError() instead. [-Wdeprecated-declarations]
  107 |     done(errors::Internal("Unrecognized device type in device-to-CPU Copy"));
      |          ~~~~~~~~~~~~~~~~^~~~~~~~~~~~~~~~~~~~~~~~~~~~~~~~~~~~~~~~~~~~~~~~~~
/home/csrobot/.local/lib/python3.12/site-packages/tensorflow/include/xla/tsl/platform/errors.h:417:14: note: declared here
  417 | absl::Status Internal(Args... args) {
      |              ^~~~~~~~
/home/csrobot/.local/lib/python3.12/site-packages/tensorflow/include/tensorflow/core/framework/device_base.h: In member function ‘virtual absl::lts_20250127::Status tensorflow::DeviceContext::ThenExecute(tensorflow::Device*, stream_executor::Stream*, std::function<void()>)’:
/home/csrobot/.local/lib/python3.12/site-packages/tensorflow/include/tensorflow/core/framework/device_base.h:122:28: warning: ‘absl::lts_20250127::Status tsl::errors::Internal(Args ...) [with Args = {const char*}]’ is deprecated: Use absl::InternalError() instead. [-Wdeprecated-declarations]
  122 |     return errors::Internal("ThenExecute not supported by device");
      |            ~~~~~~~~~~~~~~~~^~~~~~~~~~~~~~~~~~~~~~~~~~~~~~~~~~~~~~~
/home/csrobot/.local/lib/python3.12/site-packages/tensorflow/include/xla/tsl/platform/errors.h:417:14: note: declared here
  417 | absl::Status Internal(Args... args) {
      |              ^~~~~~~~
/home/csrobot/.local/lib/python3.12/site-packages/tensorflow/include/tensorflow/core/framework/device_base.h: In member function ‘virtual absl::lts_20250127::Status tensorflow::DeviceBase::MakeTensorFromProto(const tensorflow::TensorProto&, tsl::AllocatorAttributes, tensorflow::Tensor*)’:
/home/csrobot/.local/lib/python3.12/site-packages/tensorflow/include/tensorflow/core/framework/device_base.h:262:28: warning: ‘absl::lts_20250127::Status tsl::errors::Internal(Args ...) [with Args = {const char*}]’ is deprecated: Use absl::InternalError() instead. [-Wdeprecated-declarations]
  262 |     return errors::Internal("Device does not implement MakeTensorFromProto()");
      |            ~~~~~~~~~~~~~~~~^~~~~~~~~~~~~~~~~~~~~~~~~~~~~~~~~~~~~~~~~~~~~~~~~~~
/home/csrobot/.local/lib/python3.12/site-packages/tensorflow/include/xla/tsl/platform/errors.h:417:14: note: declared here
  417 | absl::Status Internal(Args... args) {
      |              ^~~~~~~~
/home/csrobot/.local/lib/python3.12/site-packages/tensorflow/include/tensorflow/core/framework/device_base.h: In member function ‘virtual void tensorflow::DeviceBase::CopyTensorInSameDevice(const tensorflow::Tensor*, tensorflow::Tensor*, const tensorflow::DeviceContext*, tsl::StatusCallback)’:
/home/csrobot/.local/lib/python3.12/site-packages/tensorflow/include/tensorflow/core/framework/device_base.h:286:26: warning: ‘absl::lts_20250127::Status tsl::errors::Internal(Args ...) [with Args = {const char*, std::__cxx11::basic_string<char, std::char_traits<char>, std::allocator<char> >, const char*, const char*}]’ is deprecated: Use absl::InternalError() instead. [-Wdeprecated-declarations]
  286 |     done(errors::Internal("Device ", name(), " does not implement ",
      |          ~~~~~~~~~~~~~~~~^~~~~~~~~~~~~~~~~~~~~~~~~~~~~~~~~~~~~~~~~~~
  287 |                           "CopyTensorInSameDevice"));
      |                           ~~~~~~~~~~~~~~~~~~~~~~~~~
/home/csrobot/.local/lib/python3.12/site-packages/tensorflow/include/xla/tsl/platform/errors.h:417:14: note: declared here
  417 | absl::Status Internal(Args... args) {
      |              ^~~~~~~~
In file included from /home/csrobot/.local/lib/python3.12/site-packages/tensorflow/include/tensorflow/core/framework/op_kernel.h:35:
/home/csrobot/.local/lib/python3.12/site-packages/tensorflow/include/tensorflow/core/framework/kernel_def_builder.h: At global scope:
/home/csrobot/.local/lib/python3.12/site-packages/tensorflow/include/tensorflow/core/framework/kernel_def_builder.h:47:62: warning: ‘using tensorflow::gtl::ArraySlice = class absl::lts_20250127::Span<const T>’ is deprecated [-Wdeprecated-declarations]
   47 |                                    gtl::ArraySlice<T> allowed);
      |                                                              ^
/home/csrobot/.local/lib/python3.12/site-packages/tensorflow/include/tensorflow/core/lib/gtl/array_slice.h:34:7: note: declared here
   34 | using ArraySlice ABSL_DEPRECATE_AND_INLINE() = absl::Span<const T>;
      |       ^~~~~~~~~~
In file included from /home/csrobot/.local/lib/python3.12/site-packages/tensorflow/include/tensorflow/core/framework/op_kernel.h:43:
/home/csrobot/.local/lib/python3.12/site-packages/tensorflow/include/tensorflow/core/framework/session_state.h:47:9: warning: ‘mutex’ is deprecated: Use absl::Mutex instead. [-Wdeprecated-declarations]
   47 |   mutex state_lock_;
      |         ^~~~~~~~~~~
/home/csrobot/.local/lib/python3.12/site-packages/tensorflow/include/tsl/platform/mutex.h:43:63: note: declared here
   43 | class TF_LOCKABLE ABSL_DEPRECATED("Use absl::Mutex instead.") mutex {
      |                                                               ^~~~~
/home/csrobot/.local/lib/python3.12/site-packages/tensorflow/include/tensorflow/core/framework/session_state.h:81:9: warning: ‘mutex’ is deprecated: Use absl::Mutex instead. [-Wdeprecated-declarations]
   81 |   mutex lock_;
      |         ^~~~~
/home/csrobot/.local/lib/python3.12/site-packages/tensorflow/include/tsl/platform/mutex.h:43:63: note: declared here
   43 | class TF_LOCKABLE ABSL_DEPRECATED("Use absl::Mutex instead.") mutex {
      |                                                               ^~~~~
/home/csrobot/.local/lib/python3.12/site-packages/tensorflow/include/tensorflow/core/framework/session_state.h: In member function ‘std::string tensorflow::TensorStore::TensorAndKey::GetHandle(const std::string&)’:
/home/csrobot/.local/lib/python3.12/site-packages/tensorflow/include/tensorflow/core/framework/session_state.h:66:29: warning: ‘std::string tsl::strings::StrCat(const AlphaNum&, const AlphaNum&, const AlphaNum&, const AlphaNum&, const AlphaNum&, const AV& ...) [with AV = {}; std::string = std::__cxx11::basic_string<char>]’ is deprecated: Use absl::StrCat() instead. [-Wdeprecated-declarations]
   66 |       return strings::StrCat(tensor_name, ";", id, ";", device_name);
      |              ~~~~~~~~~~~~~~~^~~~~~~~~~~~~~~~~~~~~~~~~~~~~~~~~~~~~~~~
/home/csrobot/.local/lib/python3.12/site-packages/tensorflow/include/tsl/platform/strcat.h:190:13: note: declared here
  190 | std::string StrCat(const AlphaNum &a, const AlphaNum &b, const AlphaNum &c,
      |             ^~~~~~
In file included from /home/csrobot/.local/lib/python3.12/site-packages/tensorflow/include/tensorflow/core/framework/tracking_allocator.h:21,
                 from /home/csrobot/.local/lib/python3.12/site-packages/tensorflow/include/tensorflow/core/framework/op_kernel.h:47:
/home/csrobot/.local/lib/python3.12/site-packages/tensorflow/include/xla/tsl/framework/tracking_allocator.h: At global scope:
/home/csrobot/.local/lib/python3.12/site-packages/tensorflow/include/xla/tsl/framework/tracking_allocator.h:70:8: error: ‘optional’ in namespace ‘std’ does not name a template type
   70 |   std::optional<AllocatorStats> GetStats() override;
      |        ^~~~~~~~
/home/csrobot/.local/lib/python3.12/site-packages/tensorflow/include/xla/tsl/framework/tracking_allocator.h:70:3: note: ‘std::optional’ is only available from C++17 onwards
   70 |   std::optional<AllocatorStats> GetStats() override;
      |   ^~~
/home/csrobot/.local/lib/python3.12/site-packages/tensorflow/include/tensorflow/core/framework/op_kernel.h:197:74: warning: ‘using tensorflow::StringPiece = class absl::lts_20250127::string_view’ is deprecated [-Wdeprecated-declarations]
  197 |   absl::Status InputRange(StringPiece input_name, int* start, int* stop) const;
      |                                                                          ^~~~~
In file included from /home/csrobot/.local/lib/python3.12/site-packages/tensorflow/include/tensorflow/core/platform/tstring.h:21,
                 from /home/csrobot/.local/lib/python3.12/site-packages/tensorflow/include/tensorflow/core/platform/types.h:25,
                 from /home/csrobot/.local/lib/python3.12/site-packages/tensorflow/include/tensorflow/core/framework/numeric_types.h:25:
/home/csrobot/.local/lib/python3.12/site-packages/tensorflow/include/tensorflow/core/platform/stringpiece.h:39:7: note: declared here
   39 | using StringPiece ABSL_DEPRECATE_AND_INLINE() = absl::string_view;
      |       ^~~~~~~~~~~
/home/csrobot/.local/lib/python3.12/site-packages/tensorflow/include/tensorflow/core/framework/op_kernel.h:199:39: warning: ‘using tensorflow::StringPiece = class absl::lts_20250127::string_view’ is deprecated [-Wdeprecated-declarations]
  199 |                            int* stop) const;
      |                                       ^~~~~
/home/csrobot/.local/lib/python3.12/site-packages/tensorflow/include/tensorflow/core/platform/stringpiece.h:39:7: note: declared here
   39 | using StringPiece ABSL_DEPRECATE_AND_INLINE() = absl::string_view;
      |       ^~~~~~~~~~~
In file included from /home/csrobot/.local/lib/python3.12/site-packages/tensorflow/include/xla/tsl/platform/default/logging.h:37,
                 from /home/csrobot/.local/lib/python3.12/site-packages/tensorflow/include/xla/tsl/platform/logging.h:26,
                 from /home/csrobot/.local/lib/python3.12/site-packages/tensorflow/include/tsl/platform/refcount.h:23:
/home/csrobot/.local/lib/python3.12/site-packages/tensorflow/include/xla/tsl/platform/macros.h:24:55: warning: ‘using tensorflow::StringPiece = class absl::lts_20250127::string_view’ is deprecated [-Wdeprecated-declarations]
   24 | #define TF_ATTRIBUTE_NOINLINE __attribute__((noinline))
      |                                                       ^
/home/csrobot/.local/lib/python3.12/site-packages/tensorflow/include/tensorflow/core/framework/op_kernel.h:322:40: note: in expansion of macro ‘TF_ATTRIBUTE_NOINLINE’
  322 |                        T* value) const TF_ATTRIBUTE_NOINLINE;
      |                                        ^~~~~~~~~~~~~~~~~~~~~
/home/csrobot/.local/lib/python3.12/site-packages/tensorflow/include/tensorflow/core/platform/stringpiece.h:39:7: note: declared here
   39 | using StringPiece ABSL_DEPRECATE_AND_INLINE() = absl::string_view;
      |       ^~~~~~~~~~~
/home/csrobot/.local/lib/python3.12/site-packages/tensorflow/include/tensorflow/core/framework/op_kernel.h:325:39: warning: ‘using tensorflow::StringPiece = class absl::lts_20250127::string_view’ is deprecated [-Wdeprecated-declarations]
  325 |   bool HasAttr(StringPiece attr_name) const;
      |                                       ^~~~~
/home/csrobot/.local/lib/python3.12/site-packages/tensorflow/include/tensorflow/core/platform/stringpiece.h:39:7: note: declared here
   39 | using StringPiece ABSL_DEPRECATE_AND_INLINE() = absl::string_view;
      |       ^~~~~~~~~~~
/home/csrobot/.local/lib/python3.12/site-packages/tensorflow/include/tensorflow/core/framework/op_kernel.h:456:25: warning: ‘mutex’ is deprecated: Use absl::Mutex instead. [-Wdeprecated-declarations]
  456 |   mutex* ref_mutex(int i);
      |                         ^
/home/csrobot/.local/lib/python3.12/site-packages/tensorflow/include/tsl/platform/mutex.h:43:63: note: declared here
   43 | class TF_LOCKABLE ABSL_DEPRECATED("Use absl::Mutex instead.") mutex {
      |                                                               ^~~~~
/home/csrobot/.local/lib/python3.12/site-packages/tensorflow/include/tensorflow/core/framework/op_kernel.h:482:56: warning: ‘mutex’ is deprecated: Use absl::Mutex instead. [-Wdeprecated-declarations]
  482 |   void set_ref(int i, mutex* mu, Tensor* tensor_for_ref);
      |                                                        ^
/home/csrobot/.local/lib/python3.12/site-packages/tensorflow/include/tsl/platform/mutex.h:43:63: note: declared here
   43 | class TF_LOCKABLE ABSL_DEPRECATED("Use absl::Mutex instead.") mutex {
      |                                                               ^~~~~
/home/csrobot/.local/lib/python3.12/site-packages/tensorflow/include/tensorflow/core/framework/op_kernel.h:498:35: warning: ‘mutex’ is deprecated: Use absl::Mutex instead. [-Wdeprecated-declarations]
  498 |   TensorValue(mutex* mu, Tensor* t) : mutex_if_ref(mu), tensor(t) {}
      |                                   ^
/home/csrobot/.local/lib/python3.12/site-packages/tensorflow/include/tsl/platform/mutex.h:43:63: note: declared here
   43 | class TF_LOCKABLE ABSL_DEPRECATED("Use absl::Mutex instead.") mutex {
      |                                                               ^~~~~
/home/csrobot/.local/lib/python3.12/site-packages/tensorflow/include/tensorflow/core/framework/op_kernel.h:524:10: warning: ‘mutex’ is deprecated: Use absl::Mutex instead. [-Wdeprecated-declarations]
  524 |   mutex* mutex_if_ref;  // nullptr if not a ref, != nullptr if a ref
      |          ^~~~~~~~~~~~
/home/csrobot/.local/lib/python3.12/site-packages/tensorflow/include/tsl/platform/mutex.h:43:63: note: declared here
   43 | class TF_LOCKABLE ABSL_DEPRECATED("Use absl::Mutex instead.") mutex {
      |                                                               ^~~~~
/home/csrobot/.local/lib/python3.12/site-packages/tensorflow/include/tensorflow/core/framework/op_kernel.h:530:9: warning: ‘mutex’ is deprecated: Use absl::Mutex instead. [-Wdeprecated-declarations]
  530 |   mutex mu;
      |         ^~
/home/csrobot/.local/lib/python3.12/site-packages/tensorflow/include/tsl/platform/mutex.h:43:63: note: declared here
   43 | class TF_LOCKABLE ABSL_DEPRECATED("Use absl::Mutex instead.") mutex {
      |                                                               ^~~~~
/home/csrobot/.local/lib/python3.12/site-packages/tensorflow/include/tensorflow/core/framework/op_kernel.h:590:10: error: ‘optional’ in namespace ‘std’ does not name a template type
  590 |     std::optional<absl::Time> deadline;
      |          ^~~~~~~~
/home/csrobot/.local/lib/python3.12/site-packages/tensorflow/include/tensorflow/core/framework/op_kernel.h:590:5: note: ‘std::optional’ is only available from C++17 onwards
  590 |     std::optional<absl::Time> deadline;
      |     ^~~
/home/csrobot/.local/lib/python3.12/site-packages/tensorflow/include/tensorflow/core/framework/op_kernel.h:698:10: error: ‘optional’ in namespace ‘std’ does not name a template type
  698 |     std::optional<ManagedStackTrace> stack_trace = {};
      |          ^~~~~~~~
/home/csrobot/.local/lib/python3.12/site-packages/tensorflow/include/tensorflow/core/framework/op_kernel.h:698:5: note: ‘std::optional’ is only available from C++17 onwards
  698 |     std::optional<ManagedStackTrace> stack_trace = {};
      |     ^~~
/home/csrobot/.local/lib/python3.12/site-packages/tensorflow/include/tensorflow/core/framework/op_kernel.h:723:8: error: ‘optional’ in namespace ‘std’ does not name a template type
  723 |   std::optional<absl::Time> deadline() const { return params_->deadline; }
      |        ^~~~~~~~
/home/csrobot/.local/lib/python3.12/site-packages/tensorflow/include/tensorflow/core/framework/op_kernel.h:723:3: note: ‘std::optional’ is only available from C++17 onwards
  723 |   std::optional<absl::Time> deadline() const { return params_->deadline; }
      |   ^~~
/home/csrobot/.local/lib/python3.12/site-packages/tensorflow/include/tensorflow/core/framework/op_kernel.h:736:63: warning: ‘using tensorflow::StringPiece = class absl::lts_20250127::string_view’ is deprecated [-Wdeprecated-declarations]
  736 |   absl::Status input_dtype(StringPiece name, DataType* dtype) const;
      |                                                               ^~~~~
/home/csrobot/.local/lib/python3.12/site-packages/tensorflow/include/tensorflow/core/platform/stringpiece.h:39:7: note: declared here
   39 | using StringPiece ABSL_DEPRECATE_AND_INLINE() = absl::string_view;
      |       ^~~~~~~~~~~
/home/csrobot/.local/lib/python3.12/site-packages/tensorflow/include/tensorflow/core/framework/op_kernel.h:761:61: warning: ‘using tensorflow::StringPiece = class absl::lts_20250127::string_view’ is deprecated [-Wdeprecated-declarations]
  761 |   absl::Status input(StringPiece name, const Tensor** tensor);
      |                                                             ^
/home/csrobot/.local/lib/python3.12/site-packages/tensorflow/include/tensorflow/core/platform/stringpiece.h:39:7: note: declared here
   39 | using StringPiece ABSL_DEPRECATE_AND_INLINE() = absl::string_view;
      |       ^~~~~~~~~~~
/home/csrobot/.local/lib/python3.12/site-packages/tensorflow/include/tensorflow/core/framework/op_kernel.h:768:62: warning: ‘using tensorflow::StringPiece = class absl::lts_20250127::string_view’ is deprecated [-Wdeprecated-declarations]
  768 |   absl::Status input_list(StringPiece name, OpInputList* list);
      |                                                              ^
/home/csrobot/.local/lib/python3.12/site-packages/tensorflow/include/tensorflow/core/platform/stringpiece.h:39:7: note: declared here
   39 | using StringPiece ABSL_DEPRECATE_AND_INLINE() = absl::string_view;
      |       ^~~~~~~~~~~
/home/csrobot/.local/lib/python3.12/site-packages/tensorflow/include/tensorflow/core/framework/op_kernel.h:778:67: warning: ‘using tensorflow::StringPiece = class absl::lts_20250127::string_view’ is deprecated [-Wdeprecated-declarations]
  778 |   absl::Status input_ref_mutex(StringPiece name, mutex** out_mutex);
      |                                                                   ^
/home/csrobot/.local/lib/python3.12/site-packages/tensorflow/include/tensorflow/core/platform/stringpiece.h:39:7: note: declared here
   39 | using StringPiece ABSL_DEPRECATE_AND_INLINE() = absl::string_view;
      |       ^~~~~~~~~~~
/home/csrobot/.local/lib/python3.12/site-packages/tensorflow/include/tensorflow/core/framework/op_kernel.h:778:67: warning: ‘mutex’ is deprecated: Use absl::Mutex instead. [-Wdeprecated-declarations]
  778 |   absl::Status input_ref_mutex(StringPiece name, mutex** out_mutex);
      |                                                                   ^
/home/csrobot/.local/lib/python3.12/site-packages/tensorflow/include/tsl/platform/mutex.h:43:63: note: declared here
   43 | class TF_LOCKABLE ABSL_DEPRECATED("Use absl::Mutex instead.") mutex {
      |                                                               ^~~~~
/home/csrobot/.local/lib/python3.12/site-packages/tensorflow/include/tensorflow/core/framework/op_kernel.h:796:78: warning: ‘using tensorflow::StringPiece = class absl::lts_20250127::string_view’ is deprecated [-Wdeprecated-declarations]
  796 |   absl::Status mutable_input(StringPiece name, Tensor* tensor, bool lock_held);
      |                                                                              ^
/home/csrobot/.local/lib/python3.12/site-packages/tensorflow/include/tensorflow/core/platform/stringpiece.h:39:7: note: declared here
   39 | using StringPiece ABSL_DEPRECATE_AND_INLINE() = absl::string_view;
      |       ^~~~~~~~~~~
/home/csrobot/.local/lib/python3.12/site-packages/tensorflow/include/tensorflow/core/framework/op_kernel.h:804:77: warning: ‘using tensorflow::StringPiece = class absl::lts_20250127::string_view’ is deprecated [-Wdeprecated-declarations]
  804 |   absl::Status mutable_input_list(StringPiece name, OpMutableInputList* list);
      |                                                                             ^
/home/csrobot/.local/lib/python3.12/site-packages/tensorflow/include/tensorflow/core/platform/stringpiece.h:39:7: note: declared here
   39 | using StringPiece ABSL_DEPRECATE_AND_INLINE() = absl::string_view;
      |       ^~~~~~~~~~~
/home/csrobot/.local/lib/python3.12/site-packages/tensorflow/include/tensorflow/core/framework/op_kernel.h:817:48: warning: ‘using tensorflow::StringPiece = class absl::lts_20250127::string_view’ is deprecated [-Wdeprecated-declarations]
  817 |                                  bool lock_held);
      |                                                ^
/home/csrobot/.local/lib/python3.12/site-packages/tensorflow/include/tensorflow/core/platform/stringpiece.h:39:7: note: declared here
   39 | using StringPiece ABSL_DEPRECATE_AND_INLINE() = absl::string_view;
      |       ^~~~~~~~~~~
/home/csrobot/.local/lib/python3.12/site-packages/tensorflow/include/tensorflow/core/framework/op_kernel.h:869:55: warning: ‘using tensorflow::StringPiece = class absl::lts_20250127::string_view’ is deprecated [-Wdeprecated-declarations]
  869 |       const TensorShape& output_shape, Tensor** output);
      |                                                       ^
/home/csrobot/.local/lib/python3.12/site-packages/tensorflow/include/tensorflow/core/platform/stringpiece.h:39:7: note: declared here
   39 | using StringPiece ABSL_DEPRECATE_AND_INLINE() = absl::string_view;
      |       ^~~~~~~~~~~
/home/csrobot/.local/lib/python3.12/site-packages/tensorflow/include/tensorflow/core/framework/op_kernel.h:869:55: warning: ‘using tensorflow::StringPiece = class absl::lts_20250127::string_view’ is deprecated [-Wdeprecated-declarations]
  869 |       const TensorShape& output_shape, Tensor** output);
      |                                                       ^
/home/csrobot/.local/lib/python3.12/site-packages/tensorflow/include/tensorflow/core/platform/stringpiece.h:39:7: note: declared here
   39 | using StringPiece ABSL_DEPRECATE_AND_INLINE() = absl::string_view;
      |       ^~~~~~~~~~~
/home/csrobot/.local/lib/python3.12/site-packages/tensorflow/include/tensorflow/core/framework/op_kernel.h:915:24: warning: ‘using tensorflow::StringPiece = class absl::lts_20250127::string_view’ is deprecated [-Wdeprecated-declarations]
  915 |       absl::Span<const StringPiece> candidate_input_names,
      |                        ^~~~~~~~~~~
/home/csrobot/.local/lib/python3.12/site-packages/tensorflow/include/tensorflow/core/platform/stringpiece.h:39:7: note: declared here
   39 | using StringPiece ABSL_DEPRECATE_AND_INLINE() = absl::string_view;
      |       ^~~~~~~~~~~
/home/csrobot/.local/lib/python3.12/site-packages/tensorflow/include/tensorflow/core/framework/op_kernel.h:917:22: warning: ‘using tensorflow::StringPiece = class absl::lts_20250127::string_view’ is deprecated [-Wdeprecated-declarations]
  917 |       Tensor** output);
      |                      ^
/home/csrobot/.local/lib/python3.12/site-packages/tensorflow/include/tensorflow/core/platform/stringpiece.h:39:7: note: declared here
   39 | using StringPiece ABSL_DEPRECATE_AND_INLINE() = absl::string_view;
      |       ^~~~~~~~~~~
/home/csrobot/.local/lib/python3.12/site-packages/tensorflow/include/tensorflow/core/framework/op_kernel.h:938:64: warning: ‘using tensorflow::StringPiece = class absl::lts_20250127::string_view’ is deprecated [-Wdeprecated-declarations]
  938 |   absl::Status output_list(StringPiece name, OpOutputList* list);
      |                                                                ^
/home/csrobot/.local/lib/python3.12/site-packages/tensorflow/include/tensorflow/core/platform/stringpiece.h:39:7: note: declared here
   39 | using StringPiece ABSL_DEPRECATE_AND_INLINE() = absl::string_view;
      |       ^~~~~~~~~~~
/home/csrobot/.local/lib/python3.12/site-packages/tensorflow/include/tensorflow/core/framework/op_kernel.h:1002:55: warning: ‘using tensorflow::StringPiece = class absl::lts_20250127::string_view’ is deprecated [-Wdeprecated-declarations]
 1002 |                                        Tensor** tensor);
      |                                                       ^
/home/csrobot/.local/lib/python3.12/site-packages/tensorflow/include/tensorflow/core/platform/stringpiece.h:39:7: note: declared here
   39 | using StringPiece ABSL_DEPRECATE_AND_INLINE() = absl::string_view;
      |       ^~~~~~~~~~~
/home/csrobot/.local/lib/python3.12/site-packages/tensorflow/include/tensorflow/core/framework/op_kernel.h:1014:64: warning: ‘using tensorflow::StringPiece = class absl::lts_20250127::string_view’ is deprecated [-Wdeprecated-declarations]
 1014 |                                        AllocatorAttributes attr);
      |                                                                ^
/home/csrobot/.local/lib/python3.12/site-packages/tensorflow/include/tensorflow/core/platform/stringpiece.h:39:7: note: declared here
   39 | using StringPiece ABSL_DEPRECATE_AND_INLINE() = absl::string_view;
      |       ^~~~~~~~~~~
/home/csrobot/.local/lib/python3.12/site-packages/tensorflow/include/tensorflow/core/framework/op_kernel.h:1034:65: warning: ‘using tensorflow::StringPiece = class absl::lts_20250127::string_view’ is deprecated [-Wdeprecated-declarations]
 1034 |   absl::Status set_output(StringPiece name, const Tensor& tensor);
      |                                                                 ^
/home/csrobot/.local/lib/python3.12/site-packages/tensorflow/include/tensorflow/core/platform/stringpiece.h:39:7: note: declared here
   39 | using StringPiece ABSL_DEPRECATE_AND_INLINE() = absl::string_view;
      |       ^~~~~~~~~~~
/home/csrobot/.local/lib/python3.12/site-packages/tensorflow/include/tensorflow/core/framework/op_kernel.h:1035:60: warning: ‘using tensorflow::StringPiece = class absl::lts_20250127::string_view’ is deprecated [-Wdeprecated-declarations]
 1035 |   absl::Status set_output(StringPiece name, Tensor&& tensor);
      |                                                            ^
/home/csrobot/.local/lib/python3.12/site-packages/tensorflow/include/tensorflow/core/platform/stringpiece.h:39:7: note: declared here
   39 | using StringPiece ABSL_DEPRECATE_AND_INLINE() = absl::string_view;
      |       ^~~~~~~~~~~
/home/csrobot/.local/lib/python3.12/site-packages/tensorflow/include/tensorflow/core/framework/op_kernel.h:1043:53: warning: ‘using tensorflow::StringPiece = class absl::lts_20250127::string_view’ is deprecated [-Wdeprecated-declarations]
 1043 |                               Tensor* tensor_for_ref);
      |                                                     ^
/home/csrobot/.local/lib/python3.12/site-packages/tensorflow/include/tensorflow/core/platform/stringpiece.h:39:7: note: declared here
   39 | using StringPiece ABSL_DEPRECATE_AND_INLINE() = absl::string_view;
      |       ^~~~~~~~~~~
/home/csrobot/.local/lib/python3.12/site-packages/tensorflow/include/tensorflow/core/framework/op_kernel.h:1043:53: warning: ‘mutex’ is deprecated: Use absl::Mutex instead. [-Wdeprecated-declarations]
 1043 |                               Tensor* tensor_for_ref);
      |                                                     ^
/home/csrobot/.local/lib/python3.12/site-packages/tensorflow/include/tsl/platform/mutex.h:43:63: note: declared here
   43 | class TF_LOCKABLE ABSL_DEPRECATED("Use absl::Mutex instead.") mutex {
      |                                                               ^~~~~
/home/csrobot/.local/lib/python3.12/site-packages/tensorflow/include/tensorflow/core/framework/op_kernel.h:1046:64: warning: ‘using tensorflow::StringPiece = class absl::lts_20250127::string_view’ is deprecated [-Wdeprecated-declarations]
 1046 |   absl::Status mutable_output(StringPiece name, Tensor** tensor);
      |                                                                ^
/home/csrobot/.local/lib/python3.12/site-packages/tensorflow/include/tensorflow/core/platform/stringpiece.h:39:7: note: declared here
   39 | using StringPiece ABSL_DEPRECATE_AND_INLINE() = absl::string_view;
      |       ^~~~~~~~~~~
/home/csrobot/.local/lib/python3.12/site-packages/tensorflow/include/tensorflow/core/framework/op_kernel.h:1206:35: warning: ‘mutex’ is deprecated: Use absl::Mutex instead. [-Wdeprecated-declarations]
 1206 |   mutex* input_ref_mutex(int index);
      |                                   ^
/home/csrobot/.local/lib/python3.12/site-packages/tensorflow/include/tsl/platform/mutex.h:43:63: note: declared here
   43 | class TF_LOCKABLE ABSL_DEPRECATED("Use absl::Mutex instead.") mutex {
      |                                                               ^~~~~
/home/csrobot/.local/lib/python3.12/site-packages/tensorflow/include/tensorflow/core/framework/op_kernel.h:1207:67: warning: ‘mutex’ is deprecated: Use absl::Mutex instead. [-Wdeprecated-declarations]
 1207 |   void set_output_ref(int index, mutex* mu, Tensor* tensor_for_ref);
      |                                                                   ^
/home/csrobot/.local/lib/python3.12/site-packages/tensorflow/include/tsl/platform/mutex.h:43:63: note: declared here
   43 | class TF_LOCKABLE ABSL_DEPRECATED("Use absl::Mutex instead.") mutex {
      |                                                               ^~~~~
/home/csrobot/.local/lib/python3.12/site-packages/tensorflow/include/tensorflow/core/framework/op_kernel.h:1301:66: warning: ‘using tensorflow::StringPiece = class absl::lts_20250127::string_view’ is deprecated [-Wdeprecated-declarations]
 1301 |   absl::Status get_input_index(StringPiece name, int* out_index) const;
      |                                                                  ^~~~~
/home/csrobot/.local/lib/python3.12/site-packages/tensorflow/include/tensorflow/core/platform/stringpiece.h:39:7: note: declared here
   39 | using StringPiece ABSL_DEPRECATE_AND_INLINE() = absl::string_view;
      |       ^~~~~~~~~~~
/home/csrobot/.local/lib/python3.12/site-packages/tensorflow/include/tensorflow/core/framework/op_kernel.h:1302:67: warning: ‘using tensorflow::StringPiece = class absl::lts_20250127::string_view’ is deprecated [-Wdeprecated-declarations]
 1302 |   absl::Status get_output_index(StringPiece name, int* out_index) const;
      |                                                                   ^~~~~
/home/csrobot/.local/lib/python3.12/site-packages/tensorflow/include/tensorflow/core/platform/stringpiece.h:39:7: note: declared here
   39 | using StringPiece ABSL_DEPRECATE_AND_INLINE() = absl::string_view;
      |       ^~~~~~~~~~~
/home/csrobot/.local/lib/python3.12/site-packages/tensorflow/include/tensorflow/core/framework/op_kernel.h:1321:19: warning: ‘mutex’ is deprecated: Use absl::Mutex instead. [-Wdeprecated-declarations]
 1321 |     mutable mutex mu;
      |                   ^~
/home/csrobot/.local/lib/python3.12/site-packages/tensorflow/include/tsl/platform/mutex.h:43:63: note: declared here
   43 | class TF_LOCKABLE ABSL_DEPRECATED("Use absl::Mutex instead.") mutex {
      |                                                               ^~~~~
/home/csrobot/.local/lib/python3.12/site-packages/tensorflow/include/tensorflow/core/framework/op_kernel.h:1325:19: warning: ‘mutex’ is deprecated: Use absl::Mutex instead. [-Wdeprecated-declarations]
 1325 |     mutable mutex stats_mu;
      |                   ^~~~~~~~
/home/csrobot/.local/lib/python3.12/site-packages/tensorflow/include/tsl/platform/mutex.h:43:63: note: declared here
   43 | class TF_LOCKABLE ABSL_DEPRECATED("Use absl::Mutex instead.") mutex {
      |                                                               ^~~~~
/home/csrobot/.local/lib/python3.12/site-packages/tensorflow/include/tensorflow/core/framework/op_kernel.h: In member function ‘const absl::lts_20250127::optional<tensorflow::ManagedStackTrace>& tensorflow::OpKernelContext::stack_trace() const’:
/home/csrobot/.local/lib/python3.12/site-packages/tensorflow/include/tensorflow/core/framework/op_kernel.h:729:21: error: ‘struct tensorflow::OpKernelContext::Params’ has no member named ‘stack_trace’
  729 |     return params_->stack_trace;
      |                     ^~~~~~~~~~~
/home/csrobot/.local/lib/python3.12/site-packages/tensorflow/include/tensorflow/core/framework/op_kernel.h: At global scope:
/home/csrobot/.local/lib/python3.12/site-packages/tensorflow/include/tensorflow/core/framework/op_kernel.h:1424:55: warning: ‘using tensorflow::StringPiece = class absl::lts_20250127::string_view’ is deprecated [-Wdeprecated-declarations]
 1424 | std::string KernelsRegisteredForOp(StringPiece op_name);
      |                                                       ^
/home/csrobot/.local/lib/python3.12/site-packages/tensorflow/include/tensorflow/core/platform/stringpiece.h:39:7: note: declared here
   39 | using StringPiece ABSL_DEPRECATE_AND_INLINE() = absl::string_view;
      |       ^~~~~~~~~~~
/home/csrobot/.local/lib/python3.12/site-packages/tensorflow/include/tensorflow/core/framework/op_kernel.h:1520:58: warning: ‘using tensorflow::StringPiece = class absl::lts_20250127::string_view’ is deprecated [-Wdeprecated-declarations]
 1520 |     const KernelDef** def, std::string* kernel_class_name);
      |                                                          ^
/home/csrobot/.local/lib/python3.12/site-packages/tensorflow/include/tensorflow/core/platform/stringpiece.h:39:7: note: declared here
   39 | using StringPiece ABSL_DEPRECATE_AND_INLINE() = absl::string_view;
      |       ^~~~~~~~~~~
/home/csrobot/.local/lib/python3.12/site-packages/tensorflow/include/tensorflow/core/framework/op_kernel.h:1520:58: warning: ‘using tensorflow::StringPiece = class absl::lts_20250127::string_view’ is deprecated [-Wdeprecated-declarations]
 1520 |     const KernelDef** def, std::string* kernel_class_name);
      |                                                          ^
/home/csrobot/.local/lib/python3.12/site-packages/tensorflow/include/tensorflow/core/platform/stringpiece.h:39:7: note: declared here
   39 | using StringPiece ABSL_DEPRECATE_AND_INLINE() = absl::string_view;
      |       ^~~~~~~~~~~
/home/csrobot/.local/lib/python3.12/site-packages/tensorflow/include/tensorflow/core/framework/op_kernel.h:1520:58: warning: ‘using tensorflow::StringPiece = class absl::lts_20250127::string_view’ is deprecated [-Wdeprecated-declarations]
 1520 |     const KernelDef** def, std::string* kernel_class_name);
      |                                                          ^
/home/csrobot/.local/lib/python3.12/site-packages/tensorflow/include/tensorflow/core/platform/stringpiece.h:39:7: note: declared here
   39 | using StringPiece ABSL_DEPRECATE_AND_INLINE() = absl::string_view;
      |       ^~~~~~~~~~~
/home/csrobot/.local/lib/python3.12/site-packages/tensorflow/include/tensorflow/core/framework/op_kernel.h:1541:57: warning: ‘using tensorflow::StringPiece = class absl::lts_20250127::string_view’ is deprecated [-Wdeprecated-declarations]
 1541 | KernelList GetRegisteredKernelsForOp(StringPiece op_name);
      |                                                         ^
/home/csrobot/.local/lib/python3.12/site-packages/tensorflow/include/tensorflow/core/platform/stringpiece.h:39:7: note: declared here
   39 | using StringPiece ABSL_DEPRECATE_AND_INLINE() = absl::string_view;
      |       ^~~~~~~~~~~
/home/csrobot/.local/lib/python3.12/site-packages/tensorflow/include/xla/tsl/platform/macros.h:24:55: warning: ‘using tensorflow::StringPiece = class absl::lts_20250127::string_view’ is deprecated [-Wdeprecated-declarations]
   24 | #define TF_ATTRIBUTE_NOINLINE __attribute__((noinline))
      |                                                       ^
/home/csrobot/.local/lib/python3.12/site-packages/tensorflow/include/tensorflow/core/framework/op_kernel.h:1561:7: note: in expansion of macro ‘TF_ATTRIBUTE_NOINLINE’
 1561 |       TF_ATTRIBUTE_NOINLINE {
      |       ^~~~~~~~~~~~~~~~~~~~~
/home/csrobot/.local/lib/python3.12/site-packages/tensorflow/include/tensorflow/core/platform/stringpiece.h:39:7: note: declared here
   39 | using StringPiece ABSL_DEPRECATE_AND_INLINE() = absl::string_view;
      |       ^~~~~~~~~~~
/home/csrobot/.local/lib/python3.12/site-packages/tensorflow/include/xla/tsl/platform/macros.h:24:55: warning: ‘using tensorflow::StringPiece = class absl::lts_20250127::string_view’ is deprecated [-Wdeprecated-declarations]
   24 | #define TF_ATTRIBUTE_NOINLINE __attribute__((noinline))
      |                                                       ^
/home/csrobot/.local/lib/python3.12/site-packages/tensorflow/include/tensorflow/core/framework/op_kernel.h:1569:7: note: in expansion of macro ‘TF_ATTRIBUTE_NOINLINE’
 1569 |       TF_ATTRIBUTE_NOINLINE {
      |       ^~~~~~~~~~~~~~~~~~~~~
/home/csrobot/.local/lib/python3.12/site-packages/tensorflow/include/tensorflow/core/platform/stringpiece.h:39:7: note: declared here
   39 | using StringPiece ABSL_DEPRECATE_AND_INLINE() = absl::string_view;
      |       ^~~~~~~~~~~
/home/csrobot/.local/lib/python3.12/site-packages/tensorflow/include/tensorflow/core/framework/op_kernel.h:1585:61: warning: ‘using tensorflow::StringPiece = class absl::lts_20250127::string_view’ is deprecated [-Wdeprecated-declarations]
 1585 |                     std::unique_ptr<OpKernelFactory> factory);
      |                                                             ^
/home/csrobot/.local/lib/python3.12/site-packages/tensorflow/include/tensorflow/core/platform/stringpiece.h:39:7: note: declared here
   39 | using StringPiece ABSL_DEPRECATE_AND_INLINE() = absl::string_view;
      |       ^~~~~~~~~~~
/home/csrobot/.local/lib/python3.12/site-packages/tensorflow/include/tensorflow/core/framework/op_kernel.h:1595:54: warning: ‘using tensorflow::StringPiece = class absl::lts_20250127::string_view’ is deprecated [-Wdeprecated-declarations]
 1595 |                                            T* value) const {
      |                                                      ^~~~~
/home/csrobot/.local/lib/python3.12/site-packages/tensorflow/include/tensorflow/core/platform/stringpiece.h:39:7: note: declared here
   39 | using StringPiece ABSL_DEPRECATE_AND_INLINE() = absl::string_view;
      |       ^~~~~~~~~~~
/home/csrobot/.local/lib/python3.12/site-packages/tensorflow/include/tensorflow/core/framework/op_kernel.h:1636:57: warning: ‘mutex’ is deprecated: Use absl::Mutex instead. [-Wdeprecated-declarations]
 1636 | inline mutex* OpKernelContext::input_ref_mutex(int index) {
      |                                                         ^
/home/csrobot/.local/lib/python3.12/site-packages/tensorflow/include/tsl/platform/mutex.h:43:63: note: declared here
   43 | class TF_LOCKABLE ABSL_DEPRECATED("Use absl::Mutex instead.") mutex {
      |                                                               ^~~~~
/home/csrobot/.local/lib/python3.12/site-packages/tensorflow/include/tensorflow/core/framework/op_kernel.h:1670:50: warning: ‘mutex’ is deprecated: Use absl::Mutex instead. [-Wdeprecated-declarations]
 1670 | inline mutex* OpMutableInputList::ref_mutex(int i) {
      |                                                  ^
/home/csrobot/.local/lib/python3.12/site-packages/tensorflow/include/tsl/platform/mutex.h:43:63: note: declared here
   43 | class TF_LOCKABLE ABSL_DEPRECATED("Use absl::Mutex instead.") mutex {
      |                                                               ^~~~~
/home/csrobot/.local/lib/python3.12/site-packages/tensorflow/include/tensorflow/core/framework/op_kernel.h:1719:75: warning: ‘mutex’ is deprecated: Use absl::Mutex instead. [-Wdeprecated-declarations]
 1719 | inline void OpOutputList::set_ref(int i, mutex* mu, Tensor* tensor_for_ref) {
      |                                                                           ^
/home/csrobot/.local/lib/python3.12/site-packages/tensorflow/include/tsl/platform/mutex.h:43:63: note: declared here
   43 | class TF_LOCKABLE ABSL_DEPRECATED("Use absl::Mutex instead.") mutex {
      |                                                               ^~~~~
tf_sampling.cpp: In lambda function:
tf_sampling.cpp:20:40: warning: ignoring returned value of type ‘absl::lts_20250127::Status’, declared with attribute ‘nodiscard’ [-Wunused-result]
   20 |     c->WithRank(c->input(0), 2, &dims1);
      |                                        ^
In file included from tf_sampling.cpp:8:
/home/csrobot/.local/lib/python3.12/site-packages/tensorflow/include/tensorflow/core/framework/shape_inference.h:470:16: note: in call to ‘absl::lts_20250127::Status tensorflow::shape_inference::InferenceContext::WithRank(tensorflow::shape_inference::ShapeHandle, int64_t, tensorflow::shape_inference::ShapeHandle*)’, declared here
  470 |   absl::Status WithRank(ShapeHandle shape, int64_t rank, ShapeHandle* out);
      |                ^~~~~~~~
In file included from /home/csrobot/.local/lib/python3.12/site-packages/tensorflow/include/tensorflow/core/framework/resource_base.h:22:
/home/csrobot/.local/lib/python3.12/site-packages/tensorflow/include/absl/status/status.h:431:34: note: ‘absl::lts_20250127::Status’ declared here
  431 | class ABSL_ATTRIBUTE_TRIVIAL_ABI Status final {
      |                                  ^~~~~~
tf_sampling.cpp:22:40: warning: ignoring returned value of type ‘absl::lts_20250127::Status’, declared with attribute ‘nodiscard’ [-Wunused-result]
   22 |     c->WithRank(c->input(1), 2, &dims2);
      |                                        ^
/home/csrobot/.local/lib/python3.12/site-packages/tensorflow/include/tensorflow/core/framework/shape_inference.h:470:16: note: in call to ‘absl::lts_20250127::Status tensorflow::shape_inference::InferenceContext::WithRank(tensorflow::shape_inference::ShapeHandle, int64_t, tensorflow::shape_inference::ShapeHandle*)’, declared here
  470 |   absl::Status WithRank(ShapeHandle shape, int64_t rank, ShapeHandle* out);
      |                ^~~~~~~~
/home/csrobot/.local/lib/python3.12/site-packages/tensorflow/include/absl/status/status.h:431:34: note: ‘absl::lts_20250127::Status’ declared here
  431 | class ABSL_ATTRIBUTE_TRIVIAL_ABI Status final {
      |                                  ^~~~~~
tf_sampling.cpp:26:20: error: ‘OK’ is not a member of ‘tensorflow::Status’ {aka ‘absl::lts_20250127::Status’}
   26 |     return Status::OK();
      |                    ^~
tf_sampling.cpp: At global scope:
tf_sampling.cpp:18:15: error: cannot convert ‘<lambda(tensorflow::shape_inference::InferenceContext*)>’ to ‘tensorflow::OpShapeInferenceFn’ {aka ‘std::function<absl::lts_20250127::Status(tensorflow::shape_inference::InferenceContext*)>’}
   18 |   .SetShapeFn([](::tensorflow::shape_inference::InferenceContext* c) {
      |               ^~~~~~~~~~~~~~~~~~~~~~~~~~~~~~~~~~~~~~~~~~~~~~~~~~~~~~~~
      |               |
      |               <lambda(tensorflow::shape_inference::InferenceContext*)>
   19 |     ::tensorflow::shape_inference::ShapeHandle dims1; // batch_size * ncategory
      |     ~~~~~~~~~~~~~~~~~~~~~~~~~~~~~~~~~~~~~~~~~~~~~~~~~~~~~~~~~~~~~~~~~~~~~~~~~~~
   20 |     c->WithRank(c->input(0), 2, &dims1);
      |     ~~~~~~~~~~~~~~~~~~~~~~~~~~~~~~~~~~~~
   21 |     ::tensorflow::shape_inference::ShapeHandle dims2; // batch_size * npoints
      |     ~~~~~~~~~~~~~~~~~~~~~~~~~~~~~~~~~~~~~~~~~~~~~~~~~~~~~~~~~~~~~~~~~~~~~~~~~
   22 |     c->WithRank(c->input(1), 2, &dims2);
      |     ~~~~~~~~~~~~~~~~~~~~~~~~~~~~~~~~~~~~
   23 |     // batch_size * npoints
      |     ~~~~~~~~~~~~~~~~~~~~~~~
   24 |     ::tensorflow::shape_inference::ShapeHandle output = c->MakeShape({c->Dim(dims2, 0), c->Dim(dims2, 1)});
      |     ~~~~~~~~~~~~~~~~~~~~~~~~~~~~~~~~~~~~~~~~~~~~~~~~~~~~~~~~~~~~~~~~~~~~~~~~~~~~~~~~~~~~~~~~~~~~~~~~~~~~~~~
   25 |     c->set_output(0, output);
      |     ~~~~~~~~~~~~~~~~~~~~~~~~~
   26 |     return Status::OK();
      |     ~~~~~~~~~~~~~~~~~~~~
   27 |   });
      |   ~            
/home/csrobot/.local/lib/python3.12/site-packages/tensorflow/include/tensorflow/core/framework/op.h:276:54: note:   initializing argument 1 of ‘tensorflow::register_op::OpDefBuilderWrapper& tensorflow::register_op::OpDefBuilderWrapper::SetShapeFn(tensorflow::OpShapeInferenceFn)’
  276 |   OpDefBuilderWrapper& SetShapeFn(OpShapeInferenceFn fn) {
      |                                   ~~~~~~~~~~~~~~~~~~~^~
tf_sampling.cpp: In lambda function:
tf_sampling.cpp:34:40: warning: ignoring returned value of type ‘absl::lts_20250127::Status’, declared with attribute ‘nodiscard’ [-Wunused-result]
   34 |     c->WithRank(c->input(0), 3, &dims1);
      |                                        ^
/home/csrobot/.local/lib/python3.12/site-packages/tensorflow/include/tensorflow/core/framework/shape_inference.h:470:16: note: in call to ‘absl::lts_20250127::Status tensorflow::shape_inference::InferenceContext::WithRank(tensorflow::shape_inference::ShapeHandle, int64_t, tensorflow::shape_inference::ShapeHandle*)’, declared here
  470 |   absl::Status WithRank(ShapeHandle shape, int64_t rank, ShapeHandle* out);
      |                ^~~~~~~~
/home/csrobot/.local/lib/python3.12/site-packages/tensorflow/include/absl/status/status.h:431:34: note: ‘absl::lts_20250127::Status’ declared here
  431 | class ABSL_ATTRIBUTE_TRIVIAL_ABI Status final {
      |                                  ^~~~~~
tf_sampling.cpp:39:20: error: ‘OK’ is not a member of ‘tensorflow::Status’ {aka ‘absl::lts_20250127::Status’}
   39 |     return Status::OK();
      |                    ^~
tf_sampling.cpp: In lambda function:
tf_sampling.cpp:47:40: warning: ignoring returned value of type ‘absl::lts_20250127::Status’, declared with attribute ‘nodiscard’ [-Wunused-result]
   47 |     c->WithRank(c->input(0), 3, &dims1);
      |                                        ^
/home/csrobot/.local/lib/python3.12/site-packages/tensorflow/include/tensorflow/core/framework/shape_inference.h:470:16: note: in call to ‘absl::lts_20250127::Status tensorflow::shape_inference::InferenceContext::WithRank(tensorflow::shape_inference::ShapeHandle, int64_t, tensorflow::shape_inference::ShapeHandle*)’, declared here
  470 |   absl::Status WithRank(ShapeHandle shape, int64_t rank, ShapeHandle* out);
      |                ^~~~~~~~
/home/csrobot/.local/lib/python3.12/site-packages/tensorflow/include/absl/status/status.h:431:34: note: ‘absl::lts_20250127::Status’ declared here
  431 | class ABSL_ATTRIBUTE_TRIVIAL_ABI Status final {
      |                                  ^~~~~~
tf_sampling.cpp:49:40: warning: ignoring returned value of type ‘absl::lts_20250127::Status’, declared with attribute ‘nodiscard’ [-Wunused-result]
   49 |     c->WithRank(c->input(1), 2, &dims2);
      |                                        ^
/home/csrobot/.local/lib/python3.12/site-packages/tensorflow/include/tensorflow/core/framework/shape_inference.h:470:16: note: in call to ‘absl::lts_20250127::Status tensorflow::shape_inference::InferenceContext::WithRank(tensorflow::shape_inference::ShapeHandle, int64_t, tensorflow::shape_inference::ShapeHandle*)’, declared here
  470 |   absl::Status WithRank(ShapeHandle shape, int64_t rank, ShapeHandle* out);
      |                ^~~~~~~~
/home/csrobot/.local/lib/python3.12/site-packages/tensorflow/include/absl/status/status.h:431:34: note: ‘absl::lts_20250127::Status’ declared here
  431 | class ABSL_ATTRIBUTE_TRIVIAL_ABI Status final {
      |                                  ^~~~~~
tf_sampling.cpp:53:20: error: ‘OK’ is not a member of ‘tensorflow::Status’ {aka ‘absl::lts_20250127::Status’}
   53 |     return Status::OK();
      |                    ^~
tf_sampling.cpp: At global scope:
tf_sampling.cpp:45:15: error: cannot convert ‘<lambda(tensorflow::shape_inference::InferenceContext*)>’ to ‘tensorflow::OpShapeInferenceFn’ {aka ‘std::function<absl::lts_20250127::Status(tensorflow::shape_inference::InferenceContext*)>’}
   45 |   .SetShapeFn([](::tensorflow::shape_inference::InferenceContext* c) {
      |               ^~~~~~~~~~~~~~~~~~~~~~~~~~~~~~~~~~~~~~~~~~~~~~~~~~~~~~~~
      |               |
      |               <lambda(tensorflow::shape_inference::InferenceContext*)>
   46 |     ::tensorflow::shape_inference::ShapeHandle dims1; // batch_size * ndataset * 3
      |     ~~~~~~~~~~~~~~~~~~~~~~~~~~~~~~~~~~~~~~~~~~~~~~~~~~~~~~~~~~~~~~~~~~~~~~~~~~~~~~
   47 |     c->WithRank(c->input(0), 3, &dims1);
      |     ~~~~~~~~~~~~~~~~~~~~~~~~~~~~~~~~~~~~
   48 |     ::tensorflow::shape_inference::ShapeHandle dims2; // batch_size * npoints
      |     ~~~~~~~~~~~~~~~~~~~~~~~~~~~~~~~~~~~~~~~~~~~~~~~~~~~~~~~~~~~~~~~~~~~~~~~~~
   49 |     c->WithRank(c->input(1), 2, &dims2);
      |     ~~~~~~~~~~~~~~~~~~~~~~~~~~~~~~~~~~~~
   50 |     // batch_size * npoints * 3
      |     ~~~~~~~~~~~~~~~~~~~~~~~~~~~
   51 |     ::tensorflow::shape_inference::ShapeHandle output = c->MakeShape({c->Dim(dims1, 0), c->Dim(dims2, 1), c->Dim(dims1, 2)});
      |     ~~~~~~~~~~~~~~~~~~~~~~~~~~~~~~~~~~~~~~~~~~~~~~~~~~~~~~~~~~~~~~~~~~~~~~~~~~~~~~~~~~~~~~~~~~~~~~~~~~~~~~~~~~~~~~~~~~~~~~~~~
   52 |     c->set_output(0, output);
      |     ~~~~~~~~~~~~~~~~~~~~~~~~~
   53 |     return Status::OK();
      |     ~~~~~~~~~~~~~~~~~~~~
   54 |   });
      |   ~            
/home/csrobot/.local/lib/python3.12/site-packages/tensorflow/include/tensorflow/core/framework/op.h:276:54: note:   initializing argument 1 of ‘tensorflow::register_op::OpDefBuilderWrapper& tensorflow::register_op::OpDefBuilderWrapper::SetShapeFn(tensorflow::OpShapeInferenceFn)’
  276 |   OpDefBuilderWrapper& SetShapeFn(OpShapeInferenceFn fn) {
      |                                   ~~~~~~~~~~~~~~~~~~~^~
tf_sampling.cpp: In lambda function:
tf_sampling.cpp:62:20: error: ‘OK’ is not a member of ‘tensorflow::Status’ {aka ‘absl::lts_20250127::Status’}
   62 |     return Status::OK();
      |                    ^~
tf_sampling.cpp: At global scope:
tf_sampling.cpp:60:15: error: cannot convert ‘<lambda(tensorflow::shape_inference::InferenceContext*)>’ to ‘tensorflow::OpShapeInferenceFn’ {aka ‘std::function<absl::lts_20250127::Status(tensorflow::shape_inference::InferenceContext*)>’}
   60 |   .SetShapeFn([](::tensorflow::shape_inference::InferenceContext* c) {
      |               ^~~~~~~~~~~~~~~~~~~~~~~~~~~~~~~~~~~~~~~~~~~~~~~~~~~~~~~~
      |               |
      |               <lambda(tensorflow::shape_inference::InferenceContext*)>
   61 |     c->set_output(0, c->input(0));
      |     ~~~~~~~~~~~~~~~~~~~~~~~~~~~~~~
   62 |     return Status::OK();
      |     ~~~~~~~~~~~~~~~~~~~~
   63 |   });
      |   ~            
/home/csrobot/.local/lib/python3.12/site-packages/tensorflow/include/tensorflow/core/framework/op.h:276:54: note:   initializing argument 1 of ‘tensorflow::register_op::OpDefBuilderWrapper& tensorflow::register_op::OpDefBuilderWrapper::SetShapeFn(tensorflow::OpShapeInferenceFn)’
  276 |   OpDefBuilderWrapper& SetShapeFn(OpShapeInferenceFn fn) {
      |                                   ~~~~~~~~~~~~~~~~~~~^~
In file included from /home/csrobot/.local/lib/python3.12/site-packages/tensorflow/include/tensorflow/core/framework/op_kernel.h:40:
tf_sampling.cpp: In member function ‘virtual void ProbSampleGpuOp::Compute(tensorflow::OpKernelContext*)’:
tf_sampling.cpp:76:71: warning: ‘absl::lts_20250127::Status tsl::errors::InvalidArgument(Args ...) [with Args = {const char*}]’ is deprecated: Use absl::InvalidArgumentError() instead. [-Wdeprecated-declarations]
   76 |       OP_REQUIRES(context,inp_tensor.dims()==2,errors::InvalidArgument("ProbSample expects (batch_size,num_choices) inp shape"));
      |                                                ~~~~~~~~~~~~~~~~~~~~~~~^~~~~~~~~~~~~~~~~~~~~~~~~~~~~~~~~~~~~~~~~~~~~~~~~~~~~~~~~
/home/csrobot/.local/lib/python3.12/site-packages/tensorflow/include/tensorflow/core/framework/op_requires.h:60:46: note: in definition of macro ‘OP_REQUIRES’
   60 |       (CTX)->CtxFailure(__FILE__, __LINE__, (STATUS));    \
      |                                              ^~~~~~
/home/csrobot/.local/lib/python3.12/site-packages/tensorflow/include/xla/tsl/platform/errors.h:219:14: note: declared here
  219 | absl::Status InvalidArgument(Args... args) {
      |              ^~~~~~~~~~~~~~~
tf_sampling.cpp:79:110: warning: ‘absl::lts_20250127::Status tsl::errors::InvalidArgument(Args ...) [with Args = {const char*}]’ is deprecated: Use absl::InvalidArgumentError() instead. [-Wdeprecated-declarations]
   79 |       OP_REQUIRES(context,inpr_tensor.dims()==2 && inpr_tensor.shape().dim_size(0)==b,errors::InvalidArgument("ProbSample expects (batch_size,num_points) inpr shape"));
      |                                                                                       ~~~~~~~~~~~~~~~~~~~~~~~^~~~~~~~~~~~~~~~~~~~~~~~~~~~~~~~~~~~~~~~~~~~~~~~~~~~~~~~~
/home/csrobot/.local/lib/python3.12/site-packages/tensorflow/include/tensorflow/core/framework/op_requires.h:60:46: note: in definition of macro ‘OP_REQUIRES’
   60 |       (CTX)->CtxFailure(__FILE__, __LINE__, (STATUS));    \
      |                                              ^~~~~~
/home/csrobot/.local/lib/python3.12/site-packages/tensorflow/include/xla/tsl/platform/errors.h:219:14: note: declared here
  219 | absl::Status InvalidArgument(Args... args) {
      |              ^~~~~~~~~~~~~~~
tf_sampling.cpp: In constructor ‘FarthestPointSampleGpuOp::FarthestPointSampleGpuOp(tensorflow::OpKernelConstruction*)’:
tf_sampling.cpp:99:78: warning: ‘absl::lts_20250127::Status tsl::errors::InvalidArgument(Args ...) [with Args = {const char*}]’ is deprecated: Use absl::InvalidArgumentError() instead. [-Wdeprecated-declarations]
   99 |                     OP_REQUIRES(context, npoint_ > 0, errors::InvalidArgument("FarthestPointSample expects positive npoint"));
      |                                                       ~~~~~~~~~~~~~~~~~~~~~~~^~~~~~~~~~~~~~~~~~~~~~~~~~~~~~~~~~~~~~~~~~~~~~~
/home/csrobot/.local/lib/python3.12/site-packages/tensorflow/include/tensorflow/core/framework/op_requires.h:60:46: note: in definition of macro ‘OP_REQUIRES’
   60 |       (CTX)->CtxFailure(__FILE__, __LINE__, (STATUS));    \
      |                                              ^~~~~~
/home/csrobot/.local/lib/python3.12/site-packages/tensorflow/include/xla/tsl/platform/errors.h:219:14: note: declared here
  219 | absl::Status InvalidArgument(Args... args) {
      |              ^~~~~~~~~~~~~~~
tf_sampling.cpp: In member function ‘virtual void FarthestPointSampleGpuOp::Compute(tensorflow::OpKernelContext*)’:
tf_sampling.cpp:105:108: warning: ‘absl::lts_20250127::Status tsl::errors::InvalidArgument(Args ...) [with Args = {const char*}]’ is deprecated: Use absl::InvalidArgumentError() instead. [-Wdeprecated-declarations]
  105 |       OP_REQUIRES(context,inp_tensor.dims()==3 && inp_tensor.shape().dim_size(2)==3,errors::InvalidArgument("FarthestPointSample expects (batch_size,num_points,3) inp shape"));
      |                                                                                     ~~~~~~~~~~~~~~~~~~~~~~~^~~~~~~~~~~~~~~~~~~~~~~~~~~~~~~~~~~~~~~~~~~~~~~~~~~~~~~~~~~~~~~~~~~
/home/csrobot/.local/lib/python3.12/site-packages/tensorflow/include/tensorflow/core/framework/op_requires.h:60:46: note: in definition of macro ‘OP_REQUIRES’
   60 |       (CTX)->CtxFailure(__FILE__, __LINE__, (STATUS));    \
      |                                              ^~~~~~
/home/csrobot/.local/lib/python3.12/site-packages/tensorflow/include/xla/tsl/platform/errors.h:219:14: note: declared here
  219 | absl::Status InvalidArgument(Args... args) {
      |              ^~~~~~~~~~~~~~~
tf_sampling.cpp: In member function ‘virtual void GatherPointGpuOp::Compute(tensorflow::OpKernelContext*)’:
tf_sampling.cpp:131:108: warning: ‘absl::lts_20250127::Status tsl::errors::InvalidArgument(Args ...) [with Args = {const char*}]’ is deprecated: Use absl::InvalidArgumentError() instead. [-Wdeprecated-declarations]
  131 |       OP_REQUIRES(context,inp_tensor.dims()==3 && inp_tensor.shape().dim_size(2)==3,errors::InvalidArgument("GatherPoint expects (batch_size,num_points,3) inp shape"));
      |                                                                                     ~~~~~~~~~~~~~~~~~~~~~~~^~~~~~~~~~~~~~~~~~~~~~~~~~~~~~~~~~~~~~~~~~~~~~~~~~~~~~~~~~~
/home/csrobot/.local/lib/python3.12/site-packages/tensorflow/include/tensorflow/core/framework/op_requires.h:60:46: note: in definition of macro ‘OP_REQUIRES’
   60 |       (CTX)->CtxFailure(__FILE__, __LINE__, (STATUS));    \
      |                                              ^~~~~~
/home/csrobot/.local/lib/python3.12/site-packages/tensorflow/include/xla/tsl/platform/errors.h:219:14: note: declared here
  219 | absl::Status InvalidArgument(Args... args) {
      |              ^~~~~~~~~~~~~~~
tf_sampling.cpp:135:108: warning: ‘absl::lts_20250127::Status tsl::errors::InvalidArgument(Args ...) [with Args = {const char*}]’ is deprecated: Use absl::InvalidArgumentError() instead. [-Wdeprecated-declarations]
  135 |       OP_REQUIRES(context,idx_tensor.dims()==2 && idx_tensor.shape().dim_size(0)==b,errors::InvalidArgument("GatherPoint expects (batch_size,num_result) idx shape"));
      |                                                                                     ~~~~~~~~~~~~~~~~~~~~~~~^~~~~~~~~~~~~~~~~~~~~~~~~~~~~~~~~~~~~~~~~~~~~~~~~~~~~~~~~
/home/csrobot/.local/lib/python3.12/site-packages/tensorflow/include/tensorflow/core/framework/op_requires.h:60:46: note: in definition of macro ‘OP_REQUIRES’
   60 |       (CTX)->CtxFailure(__FILE__, __LINE__, (STATUS));    \
      |                                              ^~~~~~
/home/csrobot/.local/lib/python3.12/site-packages/tensorflow/include/xla/tsl/platform/errors.h:219:14: note: declared here
  219 | absl::Status InvalidArgument(Args... args) {
      |              ^~~~~~~~~~~~~~~
tf_sampling.cpp: In member function ‘virtual void GatherPointGradGpuOp::Compute(tensorflow::OpKernelContext*)’:
tf_sampling.cpp:156:108: warning: ‘absl::lts_20250127::Status tsl::errors::InvalidArgument(Args ...) [with Args = {const char*}]’ is deprecated: Use absl::InvalidArgumentError() instead. [-Wdeprecated-declarations]
  156 |       OP_REQUIRES(context,inp_tensor.dims()==3 && inp_tensor.shape().dim_size(2)==3,errors::InvalidArgument("GatherPointGradGpuOp expects (batch_size,num_points,3) inp"));
      |                                                                                     ~~~~~~~~~~~~~~~~~~~~~~~^~~~~~~~~~~~~~~~~~~~~~~~~~~~~~~~~~~~~~~~~~~~~~~~~~~~~~~~~~~~~~
/home/csrobot/.local/lib/python3.12/site-packages/tensorflow/include/tensorflow/core/framework/op_requires.h:60:46: note: in definition of macro ‘OP_REQUIRES’
   60 |       (CTX)->CtxFailure(__FILE__, __LINE__, (STATUS));    \
      |                                              ^~~~~~
/home/csrobot/.local/lib/python3.12/site-packages/tensorflow/include/xla/tsl/platform/errors.h:219:14: note: declared here
  219 | absl::Status InvalidArgument(Args... args) {
      |              ^~~~~~~~~~~~~~~
tf_sampling.cpp:160:108: warning: ‘absl::lts_20250127::Status tsl::errors::InvalidArgument(Args ...) [with Args = {const char*}]’ is deprecated: Use absl::InvalidArgumentError() instead. [-Wdeprecated-declarations]
  160 |       OP_REQUIRES(context,idx_tensor.dims()==2 && idx_tensor.shape().dim_size(0)==b,errors::InvalidArgument("GatherPointGradGpuOp expects (batch_size,num_result) idx shape"));
      |                                                                                     ~~~~~~~~~~~~~~~~~~~~~~~^~~~~~~~~~~~~~~~~~~~~~~~~~~~~~~~~~~~~~~~~~~~~~~~~~~~~~~~~~~~~~~~~~
/home/csrobot/.local/lib/python3.12/site-packages/tensorflow/include/tensorflow/core/framework/op_requires.h:60:46: note: in definition of macro ‘OP_REQUIRES’
   60 |       (CTX)->CtxFailure(__FILE__, __LINE__, (STATUS));    \
      |                                              ^~~~~~
/home/csrobot/.local/lib/python3.12/site-packages/tensorflow/include/xla/tsl/platform/errors.h:219:14: note: declared here
  219 | absl::Status InvalidArgument(Args... args) {
      |              ^~~~~~~~~~~~~~~
tf_sampling.cpp:167:190: warning: ‘absl::lts_20250127::Status tsl::errors::InvalidArgument(Args ...) [with Args = {const char*}]’ is deprecated: Use absl::InvalidArgumentError() instead. [-Wdeprecated-declarations]
  167 | ,out_g_tensor.dims()==3 && out_g_tensor.shape().dim_size(0)==b && out_g_tensor.shape().dim_size(1)==m && out_g_tensor.shape().dim_size(2)==3,errors::InvalidArgument("GatherPointGradGpuOp expects (batch_size,num_result,3) out_g shape"));
      |                                                                                                                                              ~~~~~~~~~~~~~~~~~~~~~~~^~~~~~~~~~~~~~~~~~~~~~~~~~~~~~~~~~~~~~~~~~~~~~~~~~~~~~~~~~~~~~~~~~~~~~

/home/csrobot/.local/lib/python3.12/site-packages/tensorflow/include/tensorflow/core/framework/op_requires.h:60:46: note: in definition of macro ‘OP_REQUIRES’
   60 |       (CTX)->CtxFailure(__FILE__, __LINE__, (STATUS));    \
      |                                              ^~~~~~
/home/csrobot/.local/lib/python3.12/site-packages/tensorflow/include/xla/tsl/platform/errors.h:219:14: note: declared here
  219 | absl::Status InvalidArgument(Args... args) {
      |              ^~~~~~~~~~~~~~~
/home/csrobot/.local/lib/python3.12/site-packages/tensorflow/include/ml_dtypes/include/float8.h: In instantiation of ‘Derived ml_dtypes::float8_internal::float8_base<Derived>::operator-(const Derived&) const [with Derived = ml_dtypes::float8_internal::float8_e4m3b11fnuz]’:
/home/csrobot/.local/lib/python3.12/site-packages/tensorflow/include/ml_dtypes/include/float8.h:318:27:   required from here
/home/csrobot/.local/lib/python3.12/site-packages/tensorflow/include/ml_dtypes/include/float8.h:135:51: error: no matching function for call to ‘ml_dtypes::float8_internal::float8_e4m3b11fnuz::float8_e4m3b11fnuz(<brace-enclosed initializer list>)’
  135 |     return Derived{float{derived()} - float{other}};
      |                                                   ^
/home/csrobot/.local/lib/python3.12/site-packages/tensorflow/include/ml_dtypes/include/float8.h:70:30: note: candidate: ‘template<class T> ml_dtypes::float8_internal::float8_base<Derived>::float8_base(T, int) [with Derived = ml_dtypes::float8_internal::float8_e4m3b11fnuz]’
   70 |   explicit EIGEN_DEVICE_FUNC float8_base(
      |                              ^~~~~~~~~~~
/home/csrobot/.local/lib/python3.12/site-packages/tensorflow/include/ml_dtypes/include/float8.h:303:15: note:   inherited here
  303 |   using Base::Base;
      |               ^~~~
/home/csrobot/.local/lib/python3.12/site-packages/tensorflow/include/ml_dtypes/include/float8.h:303:15: note:   template argument deduction/substitution failed:
/home/csrobot/.local/lib/python3.12/site-packages/tensorflow/include/ml_dtypes/include/float8.h:135:51: note:   candidate expects 2 arguments, 1 provided
  135 |     return Derived{float{derived()} - float{other}};
      |                                                   ^
/home/csrobot/.local/lib/python3.12/site-packages/tensorflow/include/ml_dtypes/include/float8.h:307:30: note: candidate: ‘template<class T, <typeprefixerror><anonymous> > ml_dtypes::float8_internal::float8_e4m3b11fnuz::float8_e4m3b11fnuz(T)’
  307 |   explicit EIGEN_DEVICE_FUNC float8_e4m3b11fnuz(T f8)
      |                              ^~~~~~~~~~~~~~~~~~
/home/csrobot/.local/lib/python3.12/site-packages/tensorflow/include/ml_dtypes/include/float8.h:307:30: note:   template argument deduction/substitution failed:
/home/csrobot/.local/lib/python3.12/site-packages/tensorflow/include/ml_dtypes/include/float8.h:135:51: note:   couldn’t deduce template parameter ‘<anonymous>’
  135 |     return Derived{float{derived()} - float{other}};
      |                                                   ^
/home/csrobot/.local/lib/python3.12/site-packages/tensorflow/include/ml_dtypes/include/float8.h:63:13: note: candidate: ‘constexpr ml_dtypes::float8_internal::float8_base<Derived>::float8_base(uint8_t, ConstructFromRepTag) [with Derived = ml_dtypes::float8_internal::float8_e4m3b11fnuz; uint8_t = unsigned char]’
   63 |   constexpr float8_base(uint8_t rep, ConstructFromRepTag) : rep_{rep} {}
      |             ^~~~~~~~~~~
/home/csrobot/.local/lib/python3.12/site-packages/tensorflow/include/ml_dtypes/include/float8.h:303:15: note:   inherited here
  303 |   using Base::Base;
      |               ^~~~
/home/csrobot/.local/lib/python3.12/site-packages/tensorflow/include/ml_dtypes/include/float8.h:303:15: note:   candidate expects 2 arguments, 1 provided
/home/csrobot/.local/lib/python3.12/site-packages/tensorflow/include/ml_dtypes/include/float8.h:67:13: note: candidate: ‘constexpr ml_dtypes::float8_internal::float8_base<Derived>::float8_base() [with Derived = ml_dtypes::float8_internal::float8_e4m3b11fnuz]’
   67 |   constexpr float8_base() : rep_(0) {}
      |             ^~~~~~~~~~~
/home/csrobot/.local/lib/python3.12/site-packages/tensorflow/include/ml_dtypes/include/float8.h:303:15: note:   inherited here
  303 |   using Base::Base;
      |               ^~~~
/home/csrobot/.local/lib/python3.12/site-packages/tensorflow/include/ml_dtypes/include/float8.h:303:15: note:   candidate expects 0 arguments, 1 provided
/home/csrobot/.local/lib/python3.12/site-packages/tensorflow/include/ml_dtypes/include/float8.h:78:30: note: candidate: ‘ml_dtypes::float8_internal::float8_base<Derived>::float8_base(Eigen::bfloat16) [with Derived = ml_dtypes::float8_internal::float8_e4m3b11fnuz]’
   78 |   explicit EIGEN_DEVICE_FUNC float8_base(Eigen::bfloat16 bf16)
      |                              ^~~~~~~~~~~
/home/csrobot/.local/lib/python3.12/site-packages/tensorflow/include/ml_dtypes/include/float8.h:303:15: note:   inherited here
  303 |   using Base::Base;
      |               ^~~~
/home/csrobot/.local/lib/python3.12/site-packages/tensorflow/include/ml_dtypes/include/float8.h:78:58: note:   no known conversion for argument 1 from ‘float’ to ‘Eigen::bfloat16’
   78 |   explicit EIGEN_DEVICE_FUNC float8_base(Eigen::bfloat16 bf16)
      |                                          ~~~~~~~~~~~~~~~~^~~~
/home/csrobot/.local/lib/python3.12/site-packages/tensorflow/include/ml_dtypes/include/float8.h:80:30: note: candidate: ‘ml_dtypes::float8_internal::float8_base<Derived>::float8_base(Eigen::half) [with Derived = ml_dtypes::float8_internal::float8_e4m3b11fnuz]’
   80 |   explicit EIGEN_DEVICE_FUNC float8_base(Eigen::half f16)
      |                              ^~~~~~~~~~~
/home/csrobot/.local/lib/python3.12/site-packages/tensorflow/include/ml_dtypes/include/float8.h:303:15: note:   inherited here
  303 |   using Base::Base;
      |               ^~~~
/home/csrobot/.local/lib/python3.12/site-packages/tensorflow/include/ml_dtypes/include/float8.h:80:54: note:   no known conversion for argument 1 from ‘float’ to ‘Eigen::half’
   80 |   explicit EIGEN_DEVICE_FUNC float8_base(Eigen::half f16)
      |                                          ~~~~~~~~~~~~^~~
/home/csrobot/.local/lib/python3.12/site-packages/tensorflow/include/ml_dtypes/include/float8.h:59:7: note: candidate: ‘constexpr ml_dtypes::float8_internal::float8_base<ml_dtypes::float8_internal::float8_e4m3b11fnuz>::float8_base(const ml_dtypes::float8_internal::float8_base<ml_dtypes::float8_internal::float8_e4m3b11fnuz>&)’
   59 | class float8_base {
      |       ^~~~~~~~~~~
/home/csrobot/.local/lib/python3.12/site-packages/tensorflow/include/ml_dtypes/include/float8.h:303:15: note:   inherited here
  303 |   using Base::Base;
      |               ^~~~
/home/csrobot/.local/lib/python3.12/site-packages/tensorflow/include/ml_dtypes/include/float8.h:303:15: note:   an inherited constructor is not a candidate for initialization from an expression of the same or derived type
/home/csrobot/.local/lib/python3.12/site-packages/tensorflow/include/ml_dtypes/include/float8.h:59:7: note: candidate: ‘constexpr ml_dtypes::float8_internal::float8_base<ml_dtypes::float8_internal::float8_e4m3b11fnuz>::float8_base(ml_dtypes::float8_internal::float8_base<ml_dtypes::float8_internal::float8_e4m3b11fnuz>&&)’
   59 | class float8_base {
      |       ^~~~~~~~~~~
/home/csrobot/.local/lib/python3.12/site-packages/tensorflow/include/ml_dtypes/include/float8.h:303:15: note:   inherited here
  303 |   using Base::Base;
      |               ^~~~
/home/csrobot/.local/lib/python3.12/site-packages/tensorflow/include/ml_dtypes/include/float8.h:303:15: note:   an inherited constructor is not a candidate for initialization from an expression of the same or derived type
/home/csrobot/.local/lib/python3.12/site-packages/tensorflow/include/ml_dtypes/include/float8.h:297:7: note: candidate: ‘constexpr ml_dtypes::float8_internal::float8_e4m3b11fnuz::float8_e4m3b11fnuz(const ml_dtypes::float8_internal::float8_e4m3b11fnuz&)’
  297 | class float8_e4m3b11fnuz : public float8_base<float8_e4m3b11fnuz> {
      |       ^~~~~~~~~~~~~~~~~~
/home/csrobot/.local/lib/python3.12/site-packages/tensorflow/include/ml_dtypes/include/float8.h:297:7: note:   no known conversion for argument 1 from ‘float’ to ‘const ml_dtypes::float8_internal::float8_e4m3b11fnuz&’
/home/csrobot/.local/lib/python3.12/site-packages/tensorflow/include/ml_dtypes/include/float8.h:297:7: note: candidate: ‘constexpr ml_dtypes::float8_internal::float8_e4m3b11fnuz::float8_e4m3b11fnuz(ml_dtypes::float8_internal::float8_e4m3b11fnuz&&)’
/home/csrobot/.local/lib/python3.12/site-packages/tensorflow/include/ml_dtypes/include/float8.h:297:7: note:   no known conversion for argument 1 from ‘float’ to ‘ml_dtypes::float8_internal::float8_e4m3b11fnuz&&’
/home/csrobot/.local/lib/python3.12/site-packages/tensorflow/include/ml_dtypes/include/float8.h: In instantiation of ‘Derived ml_dtypes::float8_internal::float8_base<Derived>::operator-(const Derived&) const [with Derived = ml_dtypes::float8_internal::float8_e4m3fnuz]’:
/home/csrobot/.local/lib/python3.12/site-packages/tensorflow/include/ml_dtypes/include/float8.h:361:27:   required from here
/home/csrobot/.local/lib/python3.12/site-packages/tensorflow/include/ml_dtypes/include/float8.h:135:51: error: no matching function for call to ‘ml_dtypes::float8_internal::float8_e4m3fnuz::float8_e4m3fnuz(<brace-enclosed initializer list>)’
  135 |     return Derived{float{derived()} - float{other}};
      |                                                   ^
/home/csrobot/.local/lib/python3.12/site-packages/tensorflow/include/ml_dtypes/include/float8.h:70:30: note: candidate: ‘template<class T> ml_dtypes::float8_internal::float8_base<Derived>::float8_base(T, int) [with Derived = ml_dtypes::float8_internal::float8_e4m3fnuz]’
   70 |   explicit EIGEN_DEVICE_FUNC float8_base(
      |                              ^~~~~~~~~~~
/home/csrobot/.local/lib/python3.12/site-packages/tensorflow/include/ml_dtypes/include/float8.h:346:15: note:   inherited here
  346 |   using Base::Base;
      |               ^~~~
/home/csrobot/.local/lib/python3.12/site-packages/tensorflow/include/ml_dtypes/include/float8.h:346:15: note:   template argument deduction/substitution failed:
/home/csrobot/.local/lib/python3.12/site-packages/tensorflow/include/ml_dtypes/include/float8.h:135:51: note:   candidate expects 2 arguments, 1 provided
  135 |     return Derived{float{derived()} - float{other}};
      |                                                   ^
/home/csrobot/.local/lib/python3.12/site-packages/tensorflow/include/ml_dtypes/include/float8.h:350:30: note: candidate: ‘template<class T, <typeprefixerror><anonymous> > ml_dtypes::float8_internal::float8_e4m3fnuz::float8_e4m3fnuz(T)’
  350 |   explicit EIGEN_DEVICE_FUNC float8_e4m3fnuz(T f8)
      |                              ^~~~~~~~~~~~~~~
/home/csrobot/.local/lib/python3.12/site-packages/tensorflow/include/ml_dtypes/include/float8.h:350:30: note:   template argument deduction/substitution failed:
/home/csrobot/.local/lib/python3.12/site-packages/tensorflow/include/ml_dtypes/include/float8.h:135:51: note:   couldn’t deduce template parameter ‘<anonymous>’
  135 |     return Derived{float{derived()} - float{other}};
      |                                                   ^
/home/csrobot/.local/lib/python3.12/site-packages/tensorflow/include/ml_dtypes/include/float8.h:63:13: note: candidate: ‘constexpr ml_dtypes::float8_internal::float8_base<Derived>::float8_base(uint8_t, ConstructFromRepTag) [with Derived = ml_dtypes::float8_internal::float8_e4m3fnuz; uint8_t = unsigned char]’
   63 |   constexpr float8_base(uint8_t rep, ConstructFromRepTag) : rep_{rep} {}
      |             ^~~~~~~~~~~
/home/csrobot/.local/lib/python3.12/site-packages/tensorflow/include/ml_dtypes/include/float8.h:346:15: note:   inherited here
  346 |   using Base::Base;
      |               ^~~~
/home/csrobot/.local/lib/python3.12/site-packages/tensorflow/include/ml_dtypes/include/float8.h:346:15: note:   candidate expects 2 arguments, 1 provided
/home/csrobot/.local/lib/python3.12/site-packages/tensorflow/include/ml_dtypes/include/float8.h:67:13: note: candidate: ‘constexpr ml_dtypes::float8_internal::float8_base<Derived>::float8_base() [with Derived = ml_dtypes::float8_internal::float8_e4m3fnuz]’
   67 |   constexpr float8_base() : rep_(0) {}
      |             ^~~~~~~~~~~
/home/csrobot/.local/lib/python3.12/site-packages/tensorflow/include/ml_dtypes/include/float8.h:346:15: note:   inherited here
  346 |   using Base::Base;
      |               ^~~~
/home/csrobot/.local/lib/python3.12/site-packages/tensorflow/include/ml_dtypes/include/float8.h:346:15: note:   candidate expects 0 arguments, 1 provided
/home/csrobot/.local/lib/python3.12/site-packages/tensorflow/include/ml_dtypes/include/float8.h:78:30: note: candidate: ‘ml_dtypes::float8_internal::float8_base<Derived>::float8_base(Eigen::bfloat16) [with Derived = ml_dtypes::float8_internal::float8_e4m3fnuz]’
   78 |   explicit EIGEN_DEVICE_FUNC float8_base(Eigen::bfloat16 bf16)
      |                              ^~~~~~~~~~~
/home/csrobot/.local/lib/python3.12/site-packages/tensorflow/include/ml_dtypes/include/float8.h:346:15: note:   inherited here
  346 |   using Base::Base;
      |               ^~~~
/home/csrobot/.local/lib/python3.12/site-packages/tensorflow/include/ml_dtypes/include/float8.h:78:58: note:   no known conversion for argument 1 from ‘float’ to ‘Eigen::bfloat16’
   78 |   explicit EIGEN_DEVICE_FUNC float8_base(Eigen::bfloat16 bf16)
      |                                          ~~~~~~~~~~~~~~~~^~~~
/home/csrobot/.local/lib/python3.12/site-packages/tensorflow/include/ml_dtypes/include/float8.h:80:30: note: candidate: ‘ml_dtypes::float8_internal::float8_base<Derived>::float8_base(Eigen::half) [with Derived = ml_dtypes::float8_internal::float8_e4m3fnuz]’
   80 |   explicit EIGEN_DEVICE_FUNC float8_base(Eigen::half f16)
      |                              ^~~~~~~~~~~
/home/csrobot/.local/lib/python3.12/site-packages/tensorflow/include/ml_dtypes/include/float8.h:346:15: note:   inherited here
  346 |   using Base::Base;
      |               ^~~~
/home/csrobot/.local/lib/python3.12/site-packages/tensorflow/include/ml_dtypes/include/float8.h:80:54: note:   no known conversion for argument 1 from ‘float’ to ‘Eigen::half’
   80 |   explicit EIGEN_DEVICE_FUNC float8_base(Eigen::half f16)
      |                                          ~~~~~~~~~~~~^~~
/home/csrobot/.local/lib/python3.12/site-packages/tensorflow/include/ml_dtypes/include/float8.h:59:7: note: candidate: ‘constexpr ml_dtypes::float8_internal::float8_base<ml_dtypes::float8_internal::float8_e4m3fnuz>::float8_base(const ml_dtypes::float8_internal::float8_base<ml_dtypes::float8_internal::float8_e4m3fnuz>&)’
   59 | class float8_base {
      |       ^~~~~~~~~~~
/home/csrobot/.local/lib/python3.12/site-packages/tensorflow/include/ml_dtypes/include/float8.h:346:15: note:   inherited here
  346 |   using Base::Base;
      |               ^~~~
/home/csrobot/.local/lib/python3.12/site-packages/tensorflow/include/ml_dtypes/include/float8.h:346:15: note:   an inherited constructor is not a candidate for initialization from an expression of the same or derived type
/home/csrobot/.local/lib/python3.12/site-packages/tensorflow/include/ml_dtypes/include/float8.h:59:7: note: candidate: ‘constexpr ml_dtypes::float8_internal::float8_base<ml_dtypes::float8_internal::float8_e4m3fnuz>::float8_base(ml_dtypes::float8_internal::float8_base<ml_dtypes::float8_internal::float8_e4m3fnuz>&&)’
   59 | class float8_base {
      |       ^~~~~~~~~~~
/home/csrobot/.local/lib/python3.12/site-packages/tensorflow/include/ml_dtypes/include/float8.h:346:15: note:   inherited here
  346 |   using Base::Base;
      |               ^~~~
/home/csrobot/.local/lib/python3.12/site-packages/tensorflow/include/ml_dtypes/include/float8.h:346:15: note:   an inherited constructor is not a candidate for initialization from an expression of the same or derived type
/home/csrobot/.local/lib/python3.12/site-packages/tensorflow/include/ml_dtypes/include/float8.h:327:7: note: candidate: ‘constexpr ml_dtypes::float8_internal::float8_e4m3fnuz::float8_e4m3fnuz(const ml_dtypes::float8_internal::float8_e4m3fnuz&)’
  327 | class float8_e4m3fnuz : public float8_base<float8_e4m3fnuz> {
      |       ^~~~~~~~~~~~~~~
/home/csrobot/.local/lib/python3.12/site-packages/tensorflow/include/ml_dtypes/include/float8.h:327:7: note:   no known conversion for argument 1 from ‘float’ to ‘const ml_dtypes::float8_internal::float8_e4m3fnuz&’
/home/csrobot/.local/lib/python3.12/site-packages/tensorflow/include/ml_dtypes/include/float8.h:327:7: note: candidate: ‘constexpr ml_dtypes::float8_internal::float8_e4m3fnuz::float8_e4m3fnuz(ml_dtypes::float8_internal::float8_e4m3fnuz&&)’
/home/csrobot/.local/lib/python3.12/site-packages/tensorflow/include/ml_dtypes/include/float8.h:327:7: note:   no known conversion for argument 1 from ‘float’ to ‘ml_dtypes::float8_internal::float8_e4m3fnuz&&’
/home/csrobot/.local/lib/python3.12/site-packages/tensorflow/include/ml_dtypes/include/float8.h: In instantiation of ‘Derived ml_dtypes::float8_internal::float8_base<Derived>::operator-(const Derived&) const [with Derived = ml_dtypes::float8_internal::float8_e5m2fnuz]’:
/home/csrobot/.local/lib/python3.12/site-packages/tensorflow/include/ml_dtypes/include/float8.h:414:27:   required from here
/home/csrobot/.local/lib/python3.12/site-packages/tensorflow/include/ml_dtypes/include/float8.h:135:51: error: no matching function for call to ‘ml_dtypes::float8_internal::float8_e5m2fnuz::float8_e5m2fnuz(<brace-enclosed initializer list>)’
  135 |     return Derived{float{derived()} - float{other}};
      |                                                   ^
/home/csrobot/.local/lib/python3.12/site-packages/tensorflow/include/ml_dtypes/include/float8.h:70:30: note: candidate: ‘template<class T> ml_dtypes::float8_internal::float8_base<Derived>::float8_base(T, int) [with Derived = ml_dtypes::float8_internal::float8_e5m2fnuz]’
   70 |   explicit EIGEN_DEVICE_FUNC float8_base(
      |                              ^~~~~~~~~~~
/home/csrobot/.local/lib/python3.12/site-packages/tensorflow/include/ml_dtypes/include/float8.h:399:15: note:   inherited here
  399 |   using Base::Base;
      |               ^~~~
/home/csrobot/.local/lib/python3.12/site-packages/tensorflow/include/ml_dtypes/include/float8.h:399:15: note:   template argument deduction/substitution failed:
/home/csrobot/.local/lib/python3.12/site-packages/tensorflow/include/ml_dtypes/include/float8.h:135:51: note:   candidate expects 2 arguments, 1 provided
  135 |     return Derived{float{derived()} - float{other}};
      |                                                   ^
/home/csrobot/.local/lib/python3.12/site-packages/tensorflow/include/ml_dtypes/include/float8.h:403:30: note: candidate: ‘template<class T, <typeprefixerror><anonymous> > ml_dtypes::float8_internal::float8_e5m2fnuz::float8_e5m2fnuz(T)’
  403 |   explicit EIGEN_DEVICE_FUNC float8_e5m2fnuz(T f8)
      |                              ^~~~~~~~~~~~~~~
/home/csrobot/.local/lib/python3.12/site-packages/tensorflow/include/ml_dtypes/include/float8.h:403:30: note:   template argument deduction/substitution failed:
/home/csrobot/.local/lib/python3.12/site-packages/tensorflow/include/ml_dtypes/include/float8.h:135:51: note:   couldn’t deduce template parameter ‘<anonymous>’
  135 |     return Derived{float{derived()} - float{other}};
      |                                                   ^
/home/csrobot/.local/lib/python3.12/site-packages/tensorflow/include/ml_dtypes/include/float8.h:63:13: note: candidate: ‘constexpr ml_dtypes::float8_internal::float8_base<Derived>::float8_base(uint8_t, ConstructFromRepTag) [with Derived = ml_dtypes::float8_internal::float8_e5m2fnuz; uint8_t = unsigned char]’
   63 |   constexpr float8_base(uint8_t rep, ConstructFromRepTag) : rep_{rep} {}
      |             ^~~~~~~~~~~
/home/csrobot/.local/lib/python3.12/site-packages/tensorflow/include/ml_dtypes/include/float8.h:399:15: note:   inherited here
  399 |   using Base::Base;
      |               ^~~~
/home/csrobot/.local/lib/python3.12/site-packages/tensorflow/include/ml_dtypes/include/float8.h:399:15: note:   candidate expects 2 arguments, 1 provided
/home/csrobot/.local/lib/python3.12/site-packages/tensorflow/include/ml_dtypes/include/float8.h:67:13: note: candidate: ‘constexpr ml_dtypes::float8_internal::float8_base<Derived>::float8_base() [with Derived = ml_dtypes::float8_internal::float8_e5m2fnuz]’
   67 |   constexpr float8_base() : rep_(0) {}
      |             ^~~~~~~~~~~
/home/csrobot/.local/lib/python3.12/site-packages/tensorflow/include/ml_dtypes/include/float8.h:399:15: note:   inherited here
  399 |   using Base::Base;
      |               ^~~~
/home/csrobot/.local/lib/python3.12/site-packages/tensorflow/include/ml_dtypes/include/float8.h:399:15: note:   candidate expects 0 arguments, 1 provided
/home/csrobot/.local/lib/python3.12/site-packages/tensorflow/include/ml_dtypes/include/float8.h:78:30: note: candidate: ‘ml_dtypes::float8_internal::float8_base<Derived>::float8_base(Eigen::bfloat16) [with Derived = ml_dtypes::float8_internal::float8_e5m2fnuz]’
   78 |   explicit EIGEN_DEVICE_FUNC float8_base(Eigen::bfloat16 bf16)
      |                              ^~~~~~~~~~~
/home/csrobot/.local/lib/python3.12/site-packages/tensorflow/include/ml_dtypes/include/float8.h:399:15: note:   inherited here
  399 |   using Base::Base;
      |               ^~~~
/home/csrobot/.local/lib/python3.12/site-packages/tensorflow/include/ml_dtypes/include/float8.h:78:58: note:   no known conversion for argument 1 from ‘float’ to ‘Eigen::bfloat16’
   78 |   explicit EIGEN_DEVICE_FUNC float8_base(Eigen::bfloat16 bf16)
      |                                          ~~~~~~~~~~~~~~~~^~~~
/home/csrobot/.local/lib/python3.12/site-packages/tensorflow/include/ml_dtypes/include/float8.h:80:30: note: candidate: ‘ml_dtypes::float8_internal::float8_base<Derived>::float8_base(Eigen::half) [with Derived = ml_dtypes::float8_internal::float8_e5m2fnuz]’
   80 |   explicit EIGEN_DEVICE_FUNC float8_base(Eigen::half f16)
      |                              ^~~~~~~~~~~
/home/csrobot/.local/lib/python3.12/site-packages/tensorflow/include/ml_dtypes/include/float8.h:399:15: note:   inherited here
  399 |   using Base::Base;
      |               ^~~~
/home/csrobot/.local/lib/python3.12/site-packages/tensorflow/include/ml_dtypes/include/float8.h:80:54: note:   no known conversion for argument 1 from ‘float’ to ‘Eigen::half’
   80 |   explicit EIGEN_DEVICE_FUNC float8_base(Eigen::half f16)
      |                                          ~~~~~~~~~~~~^~~
/home/csrobot/.local/lib/python3.12/site-packages/tensorflow/include/ml_dtypes/include/float8.h:59:7: note: candidate: ‘constexpr ml_dtypes::float8_internal::float8_base<ml_dtypes::float8_internal::float8_e5m2fnuz>::float8_base(const ml_dtypes::float8_internal::float8_base<ml_dtypes::float8_internal::float8_e5m2fnuz>&)’
   59 | class float8_base {
      |       ^~~~~~~~~~~
/home/csrobot/.local/lib/python3.12/site-packages/tensorflow/include/ml_dtypes/include/float8.h:399:15: note:   inherited here
  399 |   using Base::Base;
      |               ^~~~
/home/csrobot/.local/lib/python3.12/site-packages/tensorflow/include/ml_dtypes/include/float8.h:399:15: note:   an inherited constructor is not a candidate for initialization from an expression of the same or derived type
/home/csrobot/.local/lib/python3.12/site-packages/tensorflow/include/ml_dtypes/include/float8.h:59:7: note: candidate: ‘constexpr ml_dtypes::float8_internal::float8_base<ml_dtypes::float8_internal::float8_e5m2fnuz>::float8_base(ml_dtypes::float8_internal::float8_base<ml_dtypes::float8_internal::float8_e5m2fnuz>&&)’
   59 | class float8_base {
      |       ^~~~~~~~~~~
/home/csrobot/.local/lib/python3.12/site-packages/tensorflow/include/ml_dtypes/include/float8.h:399:15: note:   inherited here
  399 |   using Base::Base;
      |               ^~~~
/home/csrobot/.local/lib/python3.12/site-packages/tensorflow/include/ml_dtypes/include/float8.h:399:15: note:   an inherited constructor is not a candidate for initialization from an expression of the same or derived type
/home/csrobot/.local/lib/python3.12/site-packages/tensorflow/include/ml_dtypes/include/float8.h:380:7: note: candidate: ‘constexpr ml_dtypes::float8_internal::float8_e5m2fnuz::float8_e5m2fnuz(const ml_dtypes::float8_internal::float8_e5m2fnuz&)’
  380 | class float8_e5m2fnuz : public float8_base<float8_e5m2fnuz> {
      |       ^~~~~~~~~~~~~~~
/home/csrobot/.local/lib/python3.12/site-packages/tensorflow/include/ml_dtypes/include/float8.h:380:7: note:   no known conversion for argument 1 from ‘float’ to ‘const ml_dtypes::float8_internal::float8_e5m2fnuz&’
/home/csrobot/.local/lib/python3.12/site-packages/tensorflow/include/ml_dtypes/include/float8.h:380:7: note: candidate: ‘constexpr ml_dtypes::float8_internal::float8_e5m2fnuz::float8_e5m2fnuz(ml_dtypes::float8_internal::float8_e5m2fnuz&&)’
/home/csrobot/.local/lib/python3.12/site-packages/tensorflow/include/ml_dtypes/include/float8.h:380:7: note:   no known conversion for argument 1 from ‘float’ to ‘ml_dtypes::float8_internal::float8_e5m2fnuz&&’
/home/csrobot/.local/lib/python3.12/site-packages/tensorflow/include/ml_dtypes/include/float8.h: In instantiation of ‘Derived ml_dtypes::float8_internal::float8_base<Derived>::operator-(const Derived&) const [with Derived = ml_dtypes::float8_internal::float8_e8m0fnu]’:
/home/csrobot/.local/lib/python3.12/site-packages/tensorflow/include/ml_dtypes/include/float8.h:453:27:   required from here
/home/csrobot/.local/lib/python3.12/site-packages/tensorflow/include/ml_dtypes/include/float8.h:135:51: error: no matching function for call to ‘ml_dtypes::float8_internal::float8_e8m0fnu::float8_e8m0fnu(<brace-enclosed initializer list>)’
  135 |     return Derived{float{derived()} - float{other}};
      |                                                   ^
/home/csrobot/.local/lib/python3.12/site-packages/tensorflow/include/ml_dtypes/include/float8.h:70:30: note: candidate: ‘template<class T> ml_dtypes::float8_internal::float8_base<Derived>::float8_base(T, int) [with Derived = ml_dtypes::float8_internal::float8_e8m0fnu]’
   70 |   explicit EIGEN_DEVICE_FUNC float8_base(
      |                              ^~~~~~~~~~~
/home/csrobot/.local/lib/python3.12/site-packages/tensorflow/include/ml_dtypes/include/float8.h:440:15: note:   inherited here
  440 |   using Base::Base;
      |               ^~~~
/home/csrobot/.local/lib/python3.12/site-packages/tensorflow/include/ml_dtypes/include/float8.h:440:15: note:   template argument deduction/substitution failed:
/home/csrobot/.local/lib/python3.12/site-packages/tensorflow/include/ml_dtypes/include/float8.h:135:51: note:   candidate expects 2 arguments, 1 provided
  135 |     return Derived{float{derived()} - float{other}};
      |                                                   ^
/home/csrobot/.local/lib/python3.12/site-packages/tensorflow/include/ml_dtypes/include/float8.h:444:30: note: candidate: ‘template<class T, <typeprefixerror><anonymous> > ml_dtypes::float8_internal::float8_e8m0fnu::float8_e8m0fnu(T)’
  444 |   explicit EIGEN_DEVICE_FUNC float8_e8m0fnu(T f8)
      |                              ^~~~~~~~~~~~~~
/home/csrobot/.local/lib/python3.12/site-packages/tensorflow/include/ml_dtypes/include/float8.h:444:30: note:   template argument deduction/substitution failed:
/home/csrobot/.local/lib/python3.12/site-packages/tensorflow/include/ml_dtypes/include/float8.h:135:51: note:   couldn’t deduce template parameter ‘<anonymous>’
  135 |     return Derived{float{derived()} - float{other}};
      |                                                   ^
/home/csrobot/.local/lib/python3.12/site-packages/tensorflow/include/ml_dtypes/include/float8.h:63:13: note: candidate: ‘constexpr ml_dtypes::float8_internal::float8_base<Derived>::float8_base(uint8_t, ConstructFromRepTag) [with Derived = ml_dtypes::float8_internal::float8_e8m0fnu; uint8_t = unsigned char]’
   63 |   constexpr float8_base(uint8_t rep, ConstructFromRepTag) : rep_{rep} {}
      |             ^~~~~~~~~~~
/home/csrobot/.local/lib/python3.12/site-packages/tensorflow/include/ml_dtypes/include/float8.h:440:15: note:   inherited here
  440 |   using Base::Base;
      |               ^~~~
/home/csrobot/.local/lib/python3.12/site-packages/tensorflow/include/ml_dtypes/include/float8.h:440:15: note:   candidate expects 2 arguments, 1 provided
/home/csrobot/.local/lib/python3.12/site-packages/tensorflow/include/ml_dtypes/include/float8.h:67:13: note: candidate: ‘constexpr ml_dtypes::float8_internal::float8_base<Derived>::float8_base() [with Derived = ml_dtypes::float8_internal::float8_e8m0fnu]’
   67 |   constexpr float8_base() : rep_(0) {}
      |             ^~~~~~~~~~~
/home/csrobot/.local/lib/python3.12/site-packages/tensorflow/include/ml_dtypes/include/float8.h:440:15: note:   inherited here
  440 |   using Base::Base;
      |               ^~~~
/home/csrobot/.local/lib/python3.12/site-packages/tensorflow/include/ml_dtypes/include/float8.h:440:15: note:   candidate expects 0 arguments, 1 provided
/home/csrobot/.local/lib/python3.12/site-packages/tensorflow/include/ml_dtypes/include/float8.h:78:30: note: candidate: ‘ml_dtypes::float8_internal::float8_base<Derived>::float8_base(Eigen::bfloat16) [with Derived = ml_dtypes::float8_internal::float8_e8m0fnu]’
   78 |   explicit EIGEN_DEVICE_FUNC float8_base(Eigen::bfloat16 bf16)
      |                              ^~~~~~~~~~~
/home/csrobot/.local/lib/python3.12/site-packages/tensorflow/include/ml_dtypes/include/float8.h:440:15: note:   inherited here
  440 |   using Base::Base;
      |               ^~~~
/home/csrobot/.local/lib/python3.12/site-packages/tensorflow/include/ml_dtypes/include/float8.h:78:58: note:   no known conversion for argument 1 from ‘float’ to ‘Eigen::bfloat16’
   78 |   explicit EIGEN_DEVICE_FUNC float8_base(Eigen::bfloat16 bf16)
      |                                          ~~~~~~~~~~~~~~~~^~~~
/home/csrobot/.local/lib/python3.12/site-packages/tensorflow/include/ml_dtypes/include/float8.h:80:30: note: candidate: ‘ml_dtypes::float8_internal::float8_base<Derived>::float8_base(Eigen::half) [with Derived = ml_dtypes::float8_internal::float8_e8m0fnu]’
   80 |   explicit EIGEN_DEVICE_FUNC float8_base(Eigen::half f16)
      |                              ^~~~~~~~~~~
/home/csrobot/.local/lib/python3.12/site-packages/tensorflow/include/ml_dtypes/include/float8.h:440:15: note:   inherited here
  440 |   using Base::Base;
      |               ^~~~
/home/csrobot/.local/lib/python3.12/site-packages/tensorflow/include/ml_dtypes/include/float8.h:80:54: note:   no known conversion for argument 1 from ‘float’ to ‘Eigen::half’
   80 |   explicit EIGEN_DEVICE_FUNC float8_base(Eigen::half f16)
      |                                          ~~~~~~~~~~~~^~~
/home/csrobot/.local/lib/python3.12/site-packages/tensorflow/include/ml_dtypes/include/float8.h:59:7: note: candidate: ‘constexpr ml_dtypes::float8_internal::float8_base<ml_dtypes::float8_internal::float8_e8m0fnu>::float8_base(const ml_dtypes::float8_internal::float8_base<ml_dtypes::float8_internal::float8_e8m0fnu>&)’
   59 | class float8_base {
      |       ^~~~~~~~~~~
/home/csrobot/.local/lib/python3.12/site-packages/tensorflow/include/ml_dtypes/include/float8.h:440:15: note:   inherited here
  440 |   using Base::Base;
      |               ^~~~
/home/csrobot/.local/lib/python3.12/site-packages/tensorflow/include/ml_dtypes/include/float8.h:440:15: note:   an inherited constructor is not a candidate for initialization from an expression of the same or derived type
/home/csrobot/.local/lib/python3.12/site-packages/tensorflow/include/ml_dtypes/include/float8.h:59:7: note: candidate: ‘constexpr ml_dtypes::float8_internal::float8_base<ml_dtypes::float8_internal::float8_e8m0fnu>::float8_base(ml_dtypes::float8_internal::float8_base<ml_dtypes::float8_internal::float8_e8m0fnu>&&)’
   59 | class float8_base {
      |       ^~~~~~~~~~~
/home/csrobot/.local/lib/python3.12/site-packages/tensorflow/include/ml_dtypes/include/float8.h:440:15: note:   inherited here
  440 |   using Base::Base;
      |               ^~~~
/home/csrobot/.local/lib/python3.12/site-packages/tensorflow/include/ml_dtypes/include/float8.h:440:15: note:   an inherited constructor is not a candidate for initialization from an expression of the same or derived type
/home/csrobot/.local/lib/python3.12/site-packages/tensorflow/include/ml_dtypes/include/float8.h:420:7: note: candidate: ‘constexpr ml_dtypes::float8_internal::float8_e8m0fnu::float8_e8m0fnu(const ml_dtypes::float8_internal::float8_e8m0fnu&)’
  420 | class float8_e8m0fnu : public float8_base<float8_e8m0fnu> {
      |       ^~~~~~~~~~~~~~
/home/csrobot/.local/lib/python3.12/site-packages/tensorflow/include/ml_dtypes/include/float8.h:420:7: note:   no known conversion for argument 1 from ‘float’ to ‘const ml_dtypes::float8_internal::float8_e8m0fnu&’
/home/csrobot/.local/lib/python3.12/site-packages/tensorflow/include/ml_dtypes/include/float8.h:420:7: note: candidate: ‘constexpr ml_dtypes::float8_internal::float8_e8m0fnu::float8_e8m0fnu(ml_dtypes::float8_internal::float8_e8m0fnu&&)’
/home/csrobot/.local/lib/python3.12/site-packages/tensorflow/include/ml_dtypes/include/float8.h:420:7: note:   no known conversion for argument 1 from ‘float’ to ‘ml_dtypes::float8_internal::float8_e8m0fnu&&’
/home/csrobot/.local/lib/python3.12/site-packages/tensorflow/include/xla/tsl/platform/errors.h: In instantiation of ‘absl::lts_20250127::Status tsl::errors::Unimplemented(Args ...) [with Args = {const char*, std::__cxx11::basic_string<char, std::char_traits<char>, std::allocator<char> >}]’:
/home/csrobot/.local/lib/python3.12/site-packages/tensorflow/include/tensorflow/core/framework/resource_base.h:56:33:   required from here
/home/csrobot/.local/lib/python3.12/site-packages/tensorflow/include/xla/tsl/platform/errors.h:405:57: warning: ‘std::string tsl::strings::StrCat(const AlphaNum&, const AlphaNum&)’ is deprecated: Use absl::StrCat() instead. [-Wdeprecated-declarations]
  405 |   return absl::UnimplementedError(::tsl::strings::StrCat(
      |                                   ~~~~~~~~~~~~~~~~~~~~~~^
  406 |       ::tsl::errors::internal::PrepareForStrCat(args)...));
      |       ~~~~~~~~~~~~~~~~~~~~~~~~~~~~~~~~~~~~~~~~~~~~~~~~~~~
/home/csrobot/.local/lib/python3.12/site-packages/tensorflow/include/tsl/platform/strcat.h:164:13: note: declared here
  164 | std::string StrCat(const AlphaNum &a, const AlphaNum &b) TF_MUST_USE_RESULT;
      |             ^~~~~~
/home/csrobot/.local/lib/python3.12/site-packages/tensorflow/include/xla/tsl/platform/errors.h: In instantiation of ‘absl::lts_20250127::Status tsl::errors::Unimplemented(Args ...) [with Args = {const char*}]’:
/home/csrobot/.local/lib/python3.12/site-packages/tensorflow/include/xla/tsl/platform/file_system.h:532:33:   required from here
/home/csrobot/.local/lib/python3.12/site-packages/tensorflow/include/xla/tsl/platform/errors.h:405:57: warning: ‘std::string tsl::strings::StrCat(const AlphaNum&)’ is deprecated: Use absl::StrCat() instead. [-Wdeprecated-declarations]
  405 |   return absl::UnimplementedError(::tsl::strings::StrCat(
      |                                   ~~~~~~~~~~~~~~~~~~~~~~^
  406 |       ::tsl::errors::internal::PrepareForStrCat(args)...));
      |       ~~~~~~~~~~~~~~~~~~~~~~~~~~~~~~~~~~~~~~~~~~~~~~~~~~~
/home/csrobot/.local/lib/python3.12/site-packages/tensorflow/include/tsl/platform/strcat.h:162:13: note: declared here
  162 | std::string StrCat(const AlphaNum &a) TF_MUST_USE_RESULT;
      |             ^~~~~~
/home/csrobot/.local/lib/python3.12/site-packages/tensorflow/include/xla/tsl/platform/errors.h: In instantiation of ‘absl::lts_20250127::Status tsl::errors::Internal(Args ...) [with Args = {const char*}]’:
/home/csrobot/.local/lib/python3.12/site-packages/tensorflow/include/tensorflow/core/framework/device_base.h:85:26:   required from here
/home/csrobot/.local/lib/python3.12/site-packages/tensorflow/include/xla/tsl/platform/errors.h:418:52: warning: ‘std::string tsl::strings::StrCat(const AlphaNum&)’ is deprecated: Use absl::StrCat() instead. [-Wdeprecated-declarations]
  418 |   return absl::InternalError(::tsl::strings::StrCat(
      |                              ~~~~~~~~~~~~~~~~~~~~~~^
  419 |       ::tsl::errors::internal::PrepareForStrCat(args)...));
      |       ~~~~~~~~~~~~~~~~~~~~~~~~~~~~~~~~~~~~~~~~~~~~~~~~~~~
/home/csrobot/.local/lib/python3.12/site-packages/tensorflow/include/tsl/platform/strcat.h:162:13: note: declared here
  162 | std::string StrCat(const AlphaNum &a) TF_MUST_USE_RESULT;
      |             ^~~~~~
/home/csrobot/.local/lib/python3.12/site-packages/tensorflow/include/xla/tsl/platform/errors.h: In instantiation of ‘absl::lts_20250127::Status tsl::errors::Internal(Args ...) [with Args = {const char*, std::__cxx11::basic_string<char, std::char_traits<char>, std::allocator<char> >, const char*, const char*}]’:
/home/csrobot/.local/lib/python3.12/site-packages/tensorflow/include/tensorflow/core/framework/device_base.h:286:26:   required from here
/home/csrobot/.local/lib/python3.12/site-packages/tensorflow/include/xla/tsl/platform/errors.h:418:52: warning: ‘std::string tsl::strings::StrCat(const AlphaNum&, const AlphaNum&, const AlphaNum&, const AlphaNum&)’ is deprecated: Use absl::StrCat() instead. [-Wdeprecated-declarations]
  418 |   return absl::InternalError(::tsl::strings::StrCat(
      |                              ~~~~~~~~~~~~~~~~~~~~~~^
  419 |       ::tsl::errors::internal::PrepareForStrCat(args)...));
      |       ~~~~~~~~~~~~~~~~~~~~~~~~~~~~~~~~~~~~~~~~~~~~~~~~~~~
/home/csrobot/.local/lib/python3.12/site-packages/tensorflow/include/tsl/platform/strcat.h:169:13: note: declared here
  169 | std::string StrCat(const AlphaNum &a, const AlphaNum &b, const AlphaNum &c,
      |             ^~~~~~
/home/csrobot/.local/lib/python3.12/site-packages/tensorflow/include/xla/tsl/platform/errors.h: In instantiation of ‘absl::lts_20250127::Status tsl::errors::InvalidArgument(Args ...) [with Args = {const char*}]’:
tf_sampling.cpp:76:7:   required from here
/home/csrobot/.local/lib/python3.12/site-packages/tensorflow/include/xla/tsl/platform/errors.h:220:59: warning: ‘std::string tsl::strings::StrCat(const AlphaNum&)’ is deprecated: Use absl::StrCat() instead. [-Wdeprecated-declarations]
  220 |   return absl::InvalidArgumentError(::tsl::strings::StrCat(
      |                                     ~~~~~~~~~~~~~~~~~~~~~~^
  221 |       ::tsl::errors::internal::PrepareForStrCat(args)...));
      |       ~~~~~~~~~~~~~~~~~~~~~~~~~~~~~~~~~~~~~~~~~~~~~~~~~~~  
/home/csrobot/.local/lib/python3.12/site-packages/tensorflow/include/tsl/platform/strcat.h:162:13: note: declared here
  162 | std::string StrCat(const AlphaNum &a) TF_MUST_USE_RESULT;
      |             ^~~~~~
/home/csrobot/.local/lib/python3.12/site-packages/tensorflow/include/ml_dtypes/include/float8.h: In instantiation of ‘static To ml_dtypes::float8_internal::float8_base<Derived>::ConvertTo(Derived) [with To = float; bool kSaturate = false; bool kTruncate = false; Derived = ml_dtypes::float8_internal::float8_e4m3b11fnuz]’:
/home/csrobot/.local/lib/python3.12/site-packages/tensorflow/include/ml_dtypes/include/float8.h:94:28:   required from ‘ml_dtypes::float8_internal::float8_base<Derived>::operator float() const [with Derived = ml_dtypes::float8_internal::float8_e4m3b11fnuz]’
/home/csrobot/.local/lib/python3.12/site-packages/tensorflow/include/ml_dtypes/include/float8.h:135:37:   required from ‘Derived ml_dtypes::float8_internal::float8_base<Derived>::operator-(const Derived&) const [with Derived = ml_dtypes::float8_internal::float8_e4m3b11fnuz]’
/home/csrobot/.local/lib/python3.12/site-packages/tensorflow/include/ml_dtypes/include/float8.h:318:27:   required from here
/home/csrobot/.local/lib/python3.12/site-packages/tensorflow/include/ml_dtypes/include/float8.h:1675:61: error: incomplete type ‘ml_dtypes::float8_internal::ConvertImpl<ml_dtypes::float8_internal::float8_e4m3b11fnuz, float, false, false, void>’ used in nested name specifier
 1675 |   return ConvertImpl<Derived, To, kSaturate, kTruncate>::run(from);
      |          ~~~~~~~~~~~~~~~~~~~~~~~~~~~~~~~~~~~~~~~~~~~~~~~~~~~^~~~~~
/home/csrobot/.local/lib/python3.12/site-packages/tensorflow/include/ml_dtypes/include/float8.h: In instantiation of ‘static To ml_dtypes::float8_internal::float8_base<Derived>::ConvertTo(Derived) [with To = float; bool kSaturate = false; bool kTruncate = false; Derived = ml_dtypes::float8_internal::float8_e4m3fnuz]’:
/home/csrobot/.local/lib/python3.12/site-packages/tensorflow/include/ml_dtypes/include/float8.h:94:28:   required from ‘ml_dtypes::float8_internal::float8_base<Derived>::operator float() const [with Derived = ml_dtypes::float8_internal::float8_e4m3fnuz]’
/home/csrobot/.local/lib/python3.12/site-packages/tensorflow/include/ml_dtypes/include/float8.h:135:37:   required from ‘Derived ml_dtypes::float8_internal::float8_base<Derived>::operator-(const Derived&) const [with Derived = ml_dtypes::float8_internal::float8_e4m3fnuz]’
/home/csrobot/.local/lib/python3.12/site-packages/tensorflow/include/ml_dtypes/include/float8.h:361:27:   required from here
/home/csrobot/.local/lib/python3.12/site-packages/tensorflow/include/ml_dtypes/include/float8.h:1675:61: error: incomplete type ‘ml_dtypes::float8_internal::ConvertImpl<ml_dtypes::float8_internal::float8_e4m3fnuz, float, false, false, void>’ used in nested name specifier
/home/csrobot/.local/lib/python3.12/site-packages/tensorflow/include/ml_dtypes/include/float8.h: In instantiation of ‘static To ml_dtypes::float8_internal::float8_base<Derived>::ConvertTo(Derived) [with To = float; bool kSaturate = false; bool kTruncate = false; Derived = ml_dtypes::float8_internal::float8_e5m2fnuz]’:
/home/csrobot/.local/lib/python3.12/site-packages/tensorflow/include/ml_dtypes/include/float8.h:94:28:   required from ‘ml_dtypes::float8_internal::float8_base<Derived>::operator float() const [with Derived = ml_dtypes::float8_internal::float8_e5m2fnuz]’
/home/csrobot/.local/lib/python3.12/site-packages/tensorflow/include/ml_dtypes/include/float8.h:135:37:   required from ‘Derived ml_dtypes::float8_internal::float8_base<Derived>::operator-(const Derived&) const [with Derived = ml_dtypes::float8_internal::float8_e5m2fnuz]’
/home/csrobot/.local/lib/python3.12/site-packages/tensorflow/include/ml_dtypes/include/float8.h:414:27:   required from here
/home/csrobot/.local/lib/python3.12/site-packages/tensorflow/include/ml_dtypes/include/float8.h:1675:61: error: incomplete type ‘ml_dtypes::float8_internal::ConvertImpl<ml_dtypes::float8_internal::float8_e5m2fnuz, float, false, false, void>’ used in nested name specifier
/home/csrobot/.local/lib/python3.12/site-packages/tensorflow/include/ml_dtypes/include/float8.h: In instantiation of ‘static To ml_dtypes::float8_internal::float8_base<Derived>::ConvertTo(Derived) [with To = float; bool kSaturate = false; bool kTruncate = false; Derived = ml_dtypes::float8_internal::float8_e8m0fnu]’:
/home/csrobot/.local/lib/python3.12/site-packages/tensorflow/include/ml_dtypes/include/float8.h:94:28:   required from ‘ml_dtypes::float8_internal::float8_base<Derived>::operator float() const [with Derived = ml_dtypes::float8_internal::float8_e8m0fnu]’
/home/csrobot/.local/lib/python3.12/site-packages/tensorflow/include/ml_dtypes/include/float8.h:135:37:   required from ‘Derived ml_dtypes::float8_internal::float8_base<Derived>::operator-(const Derived&) const [with Derived = ml_dtypes::float8_internal::float8_e8m0fnu]’
/home/csrobot/.local/lib/python3.12/site-packages/tensorflow/include/ml_dtypes/include/float8.h:453:27:   required from here
/home/csrobot/.local/lib/python3.12/site-packages/tensorflow/include/ml_dtypes/include/float8.h:1675:61: error: incomplete type ‘ml_dtypes::float8_internal::ConvertImpl<ml_dtypes::float8_internal::float8_e8m0fnu, float, false, false, void>’ used in nested name specifier
csrobot@nerve-desktop-6:~/graspnet_ws/src/contact_graspnet_ros2/contact_graspnet/pointnet2/tf_ops/sampling$ 

